Training: 2025-09-05 18:39:43,855-rank_id: 0
Training: 2025-09-05 18:39:43,855-Dataset: /data/Authentic/casia_training/images
Training: 2025-09-05 18:39:44,174-Classes: 0 synthetic, 2000 real - 70267 images - eval: 548
Training: 2025-09-05 18:39:44,786-Total Step is: 21958
Training: 2025-09-05 18:40:16,005-Reducer buckets have been rebuilt in this iteration.
Training: 2025-09-05 18:40:16,106-Reducer buckets have been rebuilt in this iteration.
Training: 2025-09-05 18:40:49,353-Speed 379.22 samples/sec   Loss 33.4880 Epoch: 0   Global Step: 100   Required: 2 hours
Training: 2025-09-05 18:41:06,331-Speed 376.96 samples/sec   Loss 31.6443 Epoch: 0   Global Step: 150   Required: 2 hours
Training: 2025-09-05 18:41:23,399-Speed 374.97 samples/sec   Loss 30.8097 Epoch: 0   Global Step: 200   Required: 2 hours
Training: 2025-09-05 18:41:40,515-Speed 373.91 samples/sec   Loss 29.7892 Epoch: 0   Global Step: 250   Required: 2 hours
Training: 2025-09-05 18:41:57,655-Speed 373.41 samples/sec   Loss 29.2481 Epoch: 0   Global Step: 300   Required: 2 hours
Training: 2025-09-05 18:42:14,816-Speed 372.93 samples/sec   Loss 28.5474 Epoch: 0   Global Step: 350   Required: 2 hours
Training: 2025-09-05 18:42:31,989-Speed 372.68 samples/sec   Loss 27.9529 Epoch: 0   Global Step: 400   Required: 2 hours
Training: 2025-09-05 18:42:49,174-Speed 372.41 samples/sec   Loss 27.4716 Epoch: 0   Global Step: 450   Required: 2 hours
Training: 2025-09-05 18:43:06,371-Speed 372.16 samples/sec   Loss 26.6400 Epoch: 0   Global Step: 500   Required: 2 hours
Training: 2025-09-05 18:43:47,498-[lfw][548]XNorm: 22.987942
Training: 2025-09-05 18:43:47,498-[lfw][548]Accuracy-Flip: 0.86067+-0.01687
Training: 2025-09-05 18:43:47,498-[lfw][548]Accuracy-Highest: 0.86067
Training: 2025-09-05 18:44:15,823-[cfp_fp][548]XNorm: 23.314516
Training: 2025-09-05 18:44:15,823-[cfp_fp][548]Accuracy-Flip: 0.63471+-0.01913
Training: 2025-09-05 18:44:15,823-[cfp_fp][548]Accuracy-Highest: 0.63471
Training: 2025-09-05 18:44:40,193-[agedb_30][548]XNorm: 19.217442
Training: 2025-09-05 18:44:40,193-[agedb_30][548]Accuracy-Flip: 0.54633+-0.02275
Training: 2025-09-05 18:44:40,193-[agedb_30][548]Accuracy-Highest: 0.54633
Training: 2025-09-05 18:45:04,666-[calfw][548]XNorm: 22.331644
Training: 2025-09-05 18:45:04,666-[calfw][548]Accuracy-Flip: 0.67133+-0.01500
Training: 2025-09-05 18:45:04,666-[calfw][548]Accuracy-Highest: 0.67133
Training: 2025-09-05 18:45:29,131-[cplfw][548]XNorm: 21.964914
Training: 2025-09-05 18:45:29,131-[cplfw][548]Accuracy-Flip: 0.59050+-0.01327
Training: 2025-09-05 18:45:29,131-[cplfw][548]Accuracy-Highest: 0.59050
Training: 2025-09-05 18:45:29,996-Speed 44.56 samples/sec   Loss 26.0538 Epoch: 1   Global Step: 550   Required: 3 hours
Training: 2025-09-05 18:45:47,212-Speed 371.75 samples/sec   Loss 23.5952 Epoch: 1   Global Step: 600   Required: 3 hours
Training: 2025-09-05 18:46:04,433-Speed 371.64 samples/sec   Loss 23.3928 Epoch: 1   Global Step: 650   Required: 3 hours
Training: 2025-09-05 18:46:21,662-Speed 371.47 samples/sec   Loss 23.2200 Epoch: 1   Global Step: 700   Required: 3 hours
Training: 2025-09-05 18:46:38,892-Speed 371.44 samples/sec   Loss 22.8761 Epoch: 1   Global Step: 750   Required: 3 hours
Training: 2025-09-05 18:46:56,125-Speed 371.39 samples/sec   Loss 22.9847 Epoch: 1   Global Step: 800   Required: 3 hours
Training: 2025-09-05 18:47:13,356-Speed 371.43 samples/sec   Loss 22.6931 Epoch: 1   Global Step: 850   Required: 3 hours
Training: 2025-09-05 18:47:30,589-Speed 371.38 samples/sec   Loss 22.4438 Epoch: 1   Global Step: 900   Required: 3 hours
Training: 2025-09-05 18:47:47,820-Speed 371.42 samples/sec   Loss 22.1830 Epoch: 1   Global Step: 950   Required: 3 hours
Training: 2025-09-05 18:48:05,054-Speed 371.37 samples/sec   Loss 22.1789 Epoch: 1   Global Step: 1000   Required: 3 hours
Training: 2025-09-05 18:48:22,290-Speed 371.33 samples/sec   Loss 21.9639 Epoch: 1   Global Step: 1050   Required: 3 hours
Training: 2025-09-05 18:49:02,587-[lfw][1096]XNorm: 22.184410
Training: 2025-09-05 18:49:02,588-[lfw][1096]Accuracy-Flip: 0.89617+-0.01531
Training: 2025-09-05 18:49:02,588-[lfw][1096]Accuracy-Highest: 0.89617
Training: 2025-09-05 18:49:30,958-[cfp_fp][1096]XNorm: 20.825645
Training: 2025-09-05 18:49:30,958-[cfp_fp][1096]Accuracy-Flip: 0.68614+-0.01464
Training: 2025-09-05 18:49:30,958-[cfp_fp][1096]Accuracy-Highest: 0.68614
Training: 2025-09-05 18:49:55,423-[agedb_30][1096]XNorm: 18.750913
Training: 2025-09-05 18:49:55,423-[agedb_30][1096]Accuracy-Flip: 0.63850+-0.02106
Training: 2025-09-05 18:49:55,423-[agedb_30][1096]Accuracy-Highest: 0.63850
Training: 2025-09-05 18:50:19,908-[calfw][1096]XNorm: 21.548122
Training: 2025-09-05 18:50:19,908-[calfw][1096]Accuracy-Flip: 0.74450+-0.01518
Training: 2025-09-05 18:50:19,908-[calfw][1096]Accuracy-Highest: 0.74450
Training: 2025-09-05 18:50:44,384-[cplfw][1096]XNorm: 21.200781
Training: 2025-09-05 18:50:44,384-[cplfw][1096]Accuracy-Flip: 0.63567+-0.02433
Training: 2025-09-05 18:50:44,384-[cplfw][1096]Accuracy-Highest: 0.63567
Training: 2025-09-05 18:50:45,953-Speed 44.55 samples/sec   Loss 21.1477 Epoch: 2   Global Step: 1100   Required: 3 hours
Training: 2025-09-05 18:51:03,167-Speed 371.79 samples/sec   Loss 18.8062 Epoch: 2   Global Step: 1150   Required: 3 hours
Training: 2025-09-05 18:51:20,387-Speed 371.67 samples/sec   Loss 18.7342 Epoch: 2   Global Step: 1200   Required: 3 hours
Training: 2025-09-05 18:51:37,614-Speed 371.50 samples/sec   Loss 19.0426 Epoch: 2   Global Step: 1250   Required: 3 hours
Training: 2025-09-05 18:51:54,837-Speed 371.61 samples/sec   Loss 19.0595 Epoch: 2   Global Step: 1300   Required: 3 hours
Training: 2025-09-05 18:52:12,065-Speed 371.49 samples/sec   Loss 19.0030 Epoch: 2   Global Step: 1350   Required: 3 hours
Training: 2025-09-05 18:52:29,299-Speed 371.36 samples/sec   Loss 18.8365 Epoch: 2   Global Step: 1400   Required: 3 hours
Training: 2025-09-05 18:52:46,532-Speed 371.38 samples/sec   Loss 19.1932 Epoch: 2   Global Step: 1450   Required: 3 hours
Training: 2025-09-05 18:53:03,765-Speed 371.40 samples/sec   Loss 19.1320 Epoch: 2   Global Step: 1500   Required: 3 hours
Training: 2025-09-05 18:53:20,992-Speed 371.50 samples/sec   Loss 18.9917 Epoch: 2   Global Step: 1550   Required: 3 hours
Training: 2025-09-05 18:53:38,225-Speed 371.38 samples/sec   Loss 18.6632 Epoch: 2   Global Step: 1600   Required: 3 hours
Training: 2025-09-05 18:54:17,799-[lfw][1644]XNorm: 21.805237
Training: 2025-09-05 18:54:17,799-[lfw][1644]Accuracy-Flip: 0.91833+-0.01241
Training: 2025-09-05 18:54:17,799-[lfw][1644]Accuracy-Highest: 0.91833
Training: 2025-09-05 18:54:46,155-[cfp_fp][1644]XNorm: 20.147873
Training: 2025-09-05 18:54:46,156-[cfp_fp][1644]Accuracy-Flip: 0.69500+-0.01528
Training: 2025-09-05 18:54:46,156-[cfp_fp][1644]Accuracy-Highest: 0.69500
Training: 2025-09-05 18:55:10,546-[agedb_30][1644]XNorm: 18.377747
Training: 2025-09-05 18:55:10,546-[agedb_30][1644]Accuracy-Flip: 0.68050+-0.01502
Training: 2025-09-05 18:55:10,546-[agedb_30][1644]Accuracy-Highest: 0.68050
Training: 2025-09-05 18:55:35,030-[calfw][1644]XNorm: 21.320098
Training: 2025-09-05 18:55:35,030-[calfw][1644]Accuracy-Flip: 0.78500+-0.01635
Training: 2025-09-05 18:55:35,030-[calfw][1644]Accuracy-Highest: 0.78500
Training: 2025-09-05 18:55:59,500-[cplfw][1644]XNorm: 20.401767
Training: 2025-09-05 18:55:59,500-[cplfw][1644]Accuracy-Flip: 0.67400+-0.01841
Training: 2025-09-05 18:55:59,500-[cplfw][1644]Accuracy-Highest: 0.67400
Training: 2025-09-05 18:56:01,731-Speed 44.60 samples/sec   Loss 18.4847 Epoch: 3   Global Step: 1650   Required: 3 hours
Training: 2025-09-05 18:56:18,946-Speed 371.78 samples/sec   Loss 15.8732 Epoch: 3   Global Step: 1700   Required: 3 hours
Training: 2025-09-05 18:56:36,163-Speed 371.73 samples/sec   Loss 16.1824 Epoch: 3   Global Step: 1750   Required: 3 hours
Training: 2025-09-05 18:56:53,388-Speed 371.55 samples/sec   Loss 16.5856 Epoch: 3   Global Step: 1800   Required: 3 hours
Training: 2025-09-05 18:57:10,613-Speed 371.56 samples/sec   Loss 16.7354 Epoch: 3   Global Step: 1850   Required: 3 hours
Training: 2025-09-05 18:57:27,839-Speed 371.52 samples/sec   Loss 16.5793 Epoch: 3   Global Step: 1900   Required: 3 hours
Training: 2025-09-05 18:57:45,068-Speed 371.46 samples/sec   Loss 16.7507 Epoch: 3   Global Step: 1950   Required: 3 hours
Training: 2025-09-05 18:58:02,297-Speed 371.47 samples/sec   Loss 16.7215 Epoch: 3   Global Step: 2000   Required: 3 hours
Training: 2025-09-05 18:58:19,525-Speed 371.49 samples/sec   Loss 16.9037 Epoch: 3   Global Step: 2050   Required: 3 hours
Training: 2025-09-05 18:58:36,753-Speed 371.51 samples/sec   Loss 16.7762 Epoch: 3   Global Step: 2100   Required: 3 hours
Training: 2025-09-05 18:58:53,978-Speed 371.55 samples/sec   Loss 16.7920 Epoch: 3   Global Step: 2150   Required: 3 hours
Training: 2025-09-05 18:59:32,849-[lfw][2192]XNorm: 22.201072
Training: 2025-09-05 18:59:32,849-[lfw][2192]Accuracy-Flip: 0.92900+-0.01047
Training: 2025-09-05 18:59:32,849-[lfw][2192]Accuracy-Highest: 0.92900
Training: 2025-09-05 19:00:01,186-[cfp_fp][2192]XNorm: 19.375424
Training: 2025-09-05 19:00:01,186-[cfp_fp][2192]Accuracy-Flip: 0.72771+-0.02544
Training: 2025-09-05 19:00:01,186-[cfp_fp][2192]Accuracy-Highest: 0.72771
Training: 2025-09-05 19:00:25,572-[agedb_30][2192]XNorm: 17.863006
Training: 2025-09-05 19:00:25,572-[agedb_30][2192]Accuracy-Flip: 0.66317+-0.01545
Training: 2025-09-05 19:00:25,572-[agedb_30][2192]Accuracy-Highest: 0.68050
Training: 2025-09-05 19:00:50,054-[calfw][2192]XNorm: 21.364241
Training: 2025-09-05 19:00:50,054-[calfw][2192]Accuracy-Flip: 0.79050+-0.01547
Training: 2025-09-05 19:00:50,054-[calfw][2192]Accuracy-Highest: 0.79050
Training: 2025-09-05 19:01:14,522-[cplfw][2192]XNorm: 20.363916
Training: 2025-09-05 19:01:14,522-[cplfw][2192]Accuracy-Flip: 0.70083+-0.02119
Training: 2025-09-05 19:01:14,522-[cplfw][2192]Accuracy-Highest: 0.70083
Training: 2025-09-05 19:01:17,446-Speed 44.61 samples/sec   Loss 16.4754 Epoch: 4   Global Step: 2200   Required: 3 hours
Training: 2025-09-05 19:01:34,659-Speed 371.82 samples/sec   Loss 14.2356 Epoch: 4   Global Step: 2250   Required: 3 hours
Training: 2025-09-05 19:01:51,878-Speed 371.69 samples/sec   Loss 14.4856 Epoch: 4   Global Step: 2300   Required: 3 hours
Training: 2025-09-05 19:02:09,100-Speed 371.61 samples/sec   Loss 14.5887 Epoch: 4   Global Step: 2350   Required: 3 hours
Training: 2025-09-05 19:02:26,329-Speed 371.48 samples/sec   Loss 15.0096 Epoch: 4   Global Step: 2400   Required: 3 hours
Training: 2025-09-05 19:02:43,555-Speed 371.53 samples/sec   Loss 15.0155 Epoch: 4   Global Step: 2450   Required: 3 hours
Training: 2025-09-05 19:03:00,787-Speed 371.41 samples/sec   Loss 15.1123 Epoch: 4   Global Step: 2500   Required: 3 hours
Training: 2025-09-05 19:03:18,014-Speed 371.52 samples/sec   Loss 15.1094 Epoch: 4   Global Step: 2550   Required: 3 hours
Training: 2025-09-05 19:03:35,240-Speed 371.53 samples/sec   Loss 15.3344 Epoch: 4   Global Step: 2600   Required: 3 hours
Training: 2025-09-05 19:03:52,466-Speed 371.54 samples/sec   Loss 15.2855 Epoch: 4   Global Step: 2650   Required: 3 hours
Training: 2025-09-05 19:04:09,698-Speed 371.41 samples/sec   Loss 15.5427 Epoch: 4   Global Step: 2700   Required: 3 hours
Training: 2025-09-05 19:04:47,880-[lfw][2740]XNorm: 22.990718
Training: 2025-09-05 19:04:47,880-[lfw][2740]Accuracy-Flip: 0.93483+-0.00818
Training: 2025-09-05 19:04:47,880-[lfw][2740]Accuracy-Highest: 0.93483
Training: 2025-09-05 19:05:16,221-[cfp_fp][2740]XNorm: 19.815830
Training: 2025-09-05 19:05:16,221-[cfp_fp][2740]Accuracy-Flip: 0.73314+-0.01848
Training: 2025-09-05 19:05:16,221-[cfp_fp][2740]Accuracy-Highest: 0.73314
Training: 2025-09-05 19:05:40,609-[agedb_30][2740]XNorm: 18.688835
Training: 2025-09-05 19:05:40,609-[agedb_30][2740]Accuracy-Flip: 0.71550+-0.02479
Training: 2025-09-05 19:05:40,609-[agedb_30][2740]Accuracy-Highest: 0.71550
Training: 2025-09-05 19:06:05,088-[calfw][2740]XNorm: 22.135053
Training: 2025-09-05 19:06:05,088-[calfw][2740]Accuracy-Flip: 0.80900+-0.01609
Training: 2025-09-05 19:06:05,088-[calfw][2740]Accuracy-Highest: 0.80900
Training: 2025-09-05 19:06:29,551-[cplfw][2740]XNorm: 20.908452
Training: 2025-09-05 19:06:29,551-[cplfw][2740]Accuracy-Flip: 0.70683+-0.01686
Training: 2025-09-05 19:06:29,551-[cplfw][2740]Accuracy-Highest: 0.70683
Training: 2025-09-05 19:06:33,142-Speed 44.62 samples/sec   Loss 14.8182 Epoch: 5   Global Step: 2750   Required: 3 hours
Training: 2025-09-05 19:06:50,351-Speed 371.91 samples/sec   Loss 13.0658 Epoch: 5   Global Step: 2800   Required: 3 hours
Training: 2025-09-05 19:07:07,567-Speed 371.73 samples/sec   Loss 13.0800 Epoch: 5   Global Step: 2850   Required: 3 hours
Training: 2025-09-05 19:07:24,788-Speed 371.64 samples/sec   Loss 13.4709 Epoch: 5   Global Step: 2900   Required: 3 hours
Training: 2025-09-05 19:07:42,013-Speed 371.56 samples/sec   Loss 13.7093 Epoch: 5   Global Step: 2950   Required: 3 hours
Training: 2025-09-05 19:07:59,240-Speed 371.52 samples/sec   Loss 13.4710 Epoch: 5   Global Step: 3000   Required: 3 hours
Training: 2025-09-05 19:08:16,472-Speed 371.39 samples/sec   Loss 13.6410 Epoch: 5   Global Step: 3050   Required: 3 hours
Training: 2025-09-05 19:08:33,701-Speed 371.48 samples/sec   Loss 13.7939 Epoch: 5   Global Step: 3100   Required: 3 hours
Training: 2025-09-05 19:08:50,937-Speed 371.32 samples/sec   Loss 14.0514 Epoch: 5   Global Step: 3150   Required: 3 hours
Training: 2025-09-05 19:09:08,169-Speed 371.41 samples/sec   Loss 14.2474 Epoch: 5   Global Step: 3200   Required: 3 hours
Training: 2025-09-05 19:09:25,401-Speed 371.40 samples/sec   Loss 14.2471 Epoch: 5   Global Step: 3250   Required: 3 hours
Training: 2025-09-05 19:10:02,893-[lfw][3288]XNorm: 23.163266
Training: 2025-09-05 19:10:02,893-[lfw][3288]Accuracy-Flip: 0.93767+-0.01302
Training: 2025-09-05 19:10:02,893-[lfw][3288]Accuracy-Highest: 0.93767
Training: 2025-09-05 19:10:31,239-[cfp_fp][3288]XNorm: 19.771480
Training: 2025-09-05 19:10:31,239-[cfp_fp][3288]Accuracy-Flip: 0.74443+-0.01896
Training: 2025-09-05 19:10:31,239-[cfp_fp][3288]Accuracy-Highest: 0.74443
Training: 2025-09-05 19:10:55,624-[agedb_30][3288]XNorm: 19.270797
Training: 2025-09-05 19:10:55,624-[agedb_30][3288]Accuracy-Flip: 0.75350+-0.01667
Training: 2025-09-05 19:10:55,624-[agedb_30][3288]Accuracy-Highest: 0.75350
Training: 2025-09-05 19:11:20,102-[calfw][3288]XNorm: 22.378116
Training: 2025-09-05 19:11:20,102-[calfw][3288]Accuracy-Flip: 0.82217+-0.01238
Training: 2025-09-05 19:11:20,102-[calfw][3288]Accuracy-Highest: 0.82217
Training: 2025-09-05 19:11:44,560-[cplfw][3288]XNorm: 20.773230
Training: 2025-09-05 19:11:44,560-[cplfw][3288]Accuracy-Flip: 0.70967+-0.01906
Training: 2025-09-05 19:11:44,560-[cplfw][3288]Accuracy-Highest: 0.70967
Training: 2025-09-05 19:11:48,844-Speed 44.62 samples/sec   Loss 13.3902 Epoch: 6   Global Step: 3300   Required: 3 hours
Training: 2025-09-05 19:12:06,061-Speed 371.73 samples/sec   Loss 11.5871 Epoch: 6   Global Step: 3350   Required: 3 hours
Training: 2025-09-05 19:12:23,283-Speed 371.63 samples/sec   Loss 11.9528 Epoch: 6   Global Step: 3400   Required: 3 hours
Training: 2025-09-05 19:12:40,508-Speed 371.56 samples/sec   Loss 12.4993 Epoch: 6   Global Step: 3450   Required: 3 hours
Training: 2025-09-05 19:12:57,737-Speed 371.47 samples/sec   Loss 12.5322 Epoch: 6   Global Step: 3500   Required: 3 hours
Training: 2025-09-05 19:13:14,964-Speed 371.51 samples/sec   Loss 12.6014 Epoch: 6   Global Step: 3550   Required: 3 hours
Training: 2025-09-05 19:13:32,199-Speed 371.33 samples/sec   Loss 12.5428 Epoch: 6   Global Step: 3600   Required: 3 hours
Training: 2025-09-05 19:13:49,430-Speed 371.43 samples/sec   Loss 12.9125 Epoch: 6   Global Step: 3650   Required: 3 hours
Training: 2025-09-05 19:14:06,660-Speed 371.44 samples/sec   Loss 13.1525 Epoch: 6   Global Step: 3700   Required: 3 hours
Training: 2025-09-05 19:14:23,887-Speed 371.53 samples/sec   Loss 13.1059 Epoch: 6   Global Step: 3750   Required: 3 hours
Training: 2025-09-05 19:14:41,115-Speed 371.49 samples/sec   Loss 13.1460 Epoch: 6   Global Step: 3800   Required: 3 hours
Training: 2025-09-05 19:15:17,926-[lfw][3836]XNorm: 22.450676
Training: 2025-09-05 19:15:17,926-[lfw][3836]Accuracy-Flip: 0.94683+-0.00880
Training: 2025-09-05 19:15:17,926-[lfw][3836]Accuracy-Highest: 0.94683
Training: 2025-09-05 19:15:46,257-[cfp_fp][3836]XNorm: 19.212353
Training: 2025-09-05 19:15:46,257-[cfp_fp][3836]Accuracy-Flip: 0.76243+-0.01972
Training: 2025-09-05 19:15:46,257-[cfp_fp][3836]Accuracy-Highest: 0.76243
Training: 2025-09-05 19:16:10,646-[agedb_30][3836]XNorm: 18.680558
Training: 2025-09-05 19:16:10,646-[agedb_30][3836]Accuracy-Flip: 0.77383+-0.01915
Training: 2025-09-05 19:16:10,646-[agedb_30][3836]Accuracy-Highest: 0.77383
Training: 2025-09-05 19:16:35,113-[calfw][3836]XNorm: 21.719843
Training: 2025-09-05 19:16:35,113-[calfw][3836]Accuracy-Flip: 0.82683+-0.01184
Training: 2025-09-05 19:16:35,113-[calfw][3836]Accuracy-Highest: 0.82683
Training: 2025-09-05 19:16:59,564-[cplfw][3836]XNorm: 20.056349
Training: 2025-09-05 19:16:59,564-[cplfw][3836]Accuracy-Flip: 0.72517+-0.01608
Training: 2025-09-05 19:16:59,564-[cplfw][3836]Accuracy-Highest: 0.72517
Training: 2025-09-05 19:17:04,521-Speed 44.63 samples/sec   Loss 12.5516 Epoch: 7   Global Step: 3850   Required: 3 hours
Training: 2025-09-05 19:17:21,722-Speed 372.07 samples/sec   Loss 10.7818 Epoch: 7   Global Step: 3900   Required: 3 hours
Training: 2025-09-05 19:17:38,933-Speed 371.87 samples/sec   Loss 11.1231 Epoch: 7   Global Step: 3950   Required: 3 hours
Training: 2025-09-05 19:17:56,146-Speed 371.81 samples/sec   Loss 11.5661 Epoch: 7   Global Step: 4000   Required: 3 hours
Training: 2025-09-05 19:18:13,362-Speed 371.74 samples/sec   Loss 11.6245 Epoch: 7   Global Step: 4050   Required: 3 hours
Training: 2025-09-05 19:18:30,584-Speed 371.63 samples/sec   Loss 11.2579 Epoch: 7   Global Step: 4100   Required: 3 hours
Training: 2025-09-05 19:18:47,801-Speed 371.73 samples/sec   Loss 11.9870 Epoch: 7   Global Step: 4150   Required: 3 hours
Training: 2025-09-05 19:19:05,021-Speed 371.66 samples/sec   Loss 11.9227 Epoch: 7   Global Step: 4200   Required: 3 hours
Training: 2025-09-05 19:19:22,243-Speed 371.61 samples/sec   Loss 12.0709 Epoch: 7   Global Step: 4250   Required: 3 hours
Training: 2025-09-05 19:19:39,468-Speed 371.57 samples/sec   Loss 12.2661 Epoch: 7   Global Step: 4300   Required: 3 hours
Training: 2025-09-05 19:19:56,693-Speed 371.56 samples/sec   Loss 12.4592 Epoch: 7   Global Step: 4350   Required: 3 hours
Training: 2025-09-05 19:20:32,784-[lfw][4384]XNorm: 21.792206
Training: 2025-09-05 19:20:32,784-[lfw][4384]Accuracy-Flip: 0.95083+-0.01057
Training: 2025-09-05 19:20:32,784-[lfw][4384]Accuracy-Highest: 0.95083
Training: 2025-09-05 19:21:01,103-[cfp_fp][4384]XNorm: 18.248543
Training: 2025-09-05 19:21:01,104-[cfp_fp][4384]Accuracy-Flip: 0.76471+-0.02510
Training: 2025-09-05 19:21:01,104-[cfp_fp][4384]Accuracy-Highest: 0.76471
Training: 2025-09-05 19:21:25,469-[agedb_30][4384]XNorm: 17.945238
Training: 2025-09-05 19:21:25,469-[agedb_30][4384]Accuracy-Flip: 0.77417+-0.01780
Training: 2025-09-05 19:21:25,469-[agedb_30][4384]Accuracy-Highest: 0.77417
Training: 2025-09-05 19:21:49,932-[calfw][4384]XNorm: 20.859730
Training: 2025-09-05 19:21:49,932-[calfw][4384]Accuracy-Flip: 0.83800+-0.01505
Training: 2025-09-05 19:21:49,932-[calfw][4384]Accuracy-Highest: 0.83800
Training: 2025-09-05 19:22:14,380-[cplfw][4384]XNorm: 19.317673
Training: 2025-09-05 19:22:14,380-[cplfw][4384]Accuracy-Flip: 0.73733+-0.02022
Training: 2025-09-05 19:22:14,380-[cplfw][4384]Accuracy-Highest: 0.73733
Training: 2025-09-05 19:22:20,059-Speed 44.64 samples/sec   Loss 11.4305 Epoch: 8   Global Step: 4400   Required: 3 hours
Training: 2025-09-05 19:22:37,266-Speed 371.95 samples/sec   Loss 9.9169 Epoch: 8   Global Step: 4450   Required: 3 hours
Training: 2025-09-05 19:22:54,481-Speed 371.76 samples/sec   Loss 10.3536 Epoch: 8   Global Step: 4500   Required: 3 hours
Training: 2025-09-05 19:23:11,695-Speed 371.80 samples/sec   Loss 10.5482 Epoch: 8   Global Step: 4550   Required: 3 hours
Training: 2025-09-05 19:23:28,916-Speed 371.64 samples/sec   Loss 10.6108 Epoch: 8   Global Step: 4600   Required: 3 hours
Training: 2025-09-05 19:23:46,136-Speed 371.65 samples/sec   Loss 10.9442 Epoch: 8   Global Step: 4650   Required: 3 hours
Training: 2025-09-05 19:24:03,357-Speed 371.64 samples/sec   Loss 11.1585 Epoch: 8   Global Step: 4700   Required: 3 hours
Training: 2025-09-05 19:24:20,583-Speed 371.54 samples/sec   Loss 11.1272 Epoch: 8   Global Step: 4750   Required: 3 hours
Training: 2025-09-05 19:24:37,809-Speed 371.52 samples/sec   Loss 11.2012 Epoch: 8   Global Step: 4800   Required: 3 hours
Training: 2025-09-05 19:24:55,035-Speed 371.55 samples/sec   Loss 11.4167 Epoch: 8   Global Step: 4850   Required: 3 hours
Training: 2025-09-05 19:25:12,265-Speed 371.44 samples/sec   Loss 11.6382 Epoch: 8   Global Step: 4900   Required: 3 hours
Training: 2025-09-05 19:25:47,679-[lfw][4932]XNorm: 22.440730
Training: 2025-09-05 19:25:47,679-[lfw][4932]Accuracy-Flip: 0.95367+-0.00752
Training: 2025-09-05 19:25:47,679-[lfw][4932]Accuracy-Highest: 0.95367
Training: 2025-09-05 19:26:16,157-[cfp_fp][4932]XNorm: 19.127667
Training: 2025-09-05 19:26:16,157-[cfp_fp][4932]Accuracy-Flip: 0.77057+-0.02096
Training: 2025-09-05 19:26:16,157-[cfp_fp][4932]Accuracy-Highest: 0.77057
Training: 2025-09-05 19:26:40,530-[agedb_30][4932]XNorm: 19.064999
Training: 2025-09-05 19:26:40,530-[agedb_30][4932]Accuracy-Flip: 0.77900+-0.02015
Training: 2025-09-05 19:26:40,530-[agedb_30][4932]Accuracy-Highest: 0.77900
Training: 2025-09-05 19:27:05,001-[calfw][4932]XNorm: 21.884987
Training: 2025-09-05 19:27:05,001-[calfw][4932]Accuracy-Flip: 0.84433+-0.01123
Training: 2025-09-05 19:27:05,001-[calfw][4932]Accuracy-Highest: 0.84433
Training: 2025-09-05 19:27:29,451-[cplfw][4932]XNorm: 19.850991
Training: 2025-09-05 19:27:29,451-[cplfw][4932]Accuracy-Flip: 0.74333+-0.01300
Training: 2025-09-05 19:27:29,451-[cplfw][4932]Accuracy-Highest: 0.74333
Training: 2025-09-05 19:27:35,781-Speed 44.59 samples/sec   Loss 10.4748 Epoch: 9   Global Step: 4950   Required: 3 hours
Training: 2025-09-05 19:27:52,985-Speed 372.00 samples/sec   Loss 9.1486 Epoch: 9   Global Step: 5000   Required: 3 hours
Training: 2025-09-05 19:28:10,201-Speed 371.75 samples/sec   Loss 9.5298 Epoch: 9   Global Step: 5050   Required: 3 hours
Training: 2025-09-05 19:28:27,426-Speed 371.57 samples/sec   Loss 9.6640 Epoch: 9   Global Step: 5100   Required: 3 hours
Training: 2025-09-05 19:28:44,650-Speed 371.56 samples/sec   Loss 10.1997 Epoch: 9   Global Step: 5150   Required: 3 hours
Training: 2025-09-05 19:29:01,874-Speed 371.57 samples/sec   Loss 10.0979 Epoch: 9   Global Step: 5200   Required: 3 hours
Training: 2025-09-05 19:29:19,093-Speed 371.70 samples/sec   Loss 10.2099 Epoch: 9   Global Step: 5250   Required: 3 hours
Training: 2025-09-05 19:29:36,314-Speed 371.63 samples/sec   Loss 10.3359 Epoch: 9   Global Step: 5300   Required: 3 hours
Training: 2025-09-05 19:29:53,544-Speed 371.46 samples/sec   Loss 10.5717 Epoch: 9   Global Step: 5350   Required: 3 hours
Training: 2025-09-05 19:30:10,768-Speed 371.59 samples/sec   Loss 10.6538 Epoch: 9   Global Step: 5400   Required: 3 hours
Training: 2025-09-05 19:30:27,988-Speed 371.65 samples/sec   Loss 10.7524 Epoch: 9   Global Step: 5450   Required: 3 hours
Training: 2025-09-05 19:31:02,694-[lfw][5480]XNorm: 22.861966
Training: 2025-09-05 19:31:02,694-[lfw][5480]Accuracy-Flip: 0.95233+-0.01036
Training: 2025-09-05 19:31:02,694-[lfw][5480]Accuracy-Highest: 0.95367
Training: 2025-09-05 19:31:31,211-[cfp_fp][5480]XNorm: 19.326553
Training: 2025-09-05 19:31:31,211-[cfp_fp][5480]Accuracy-Flip: 0.78229+-0.02098
Training: 2025-09-05 19:31:31,211-[cfp_fp][5480]Accuracy-Highest: 0.78229
Training: 2025-09-05 19:31:55,569-[agedb_30][5480]XNorm: 19.578636
Training: 2025-09-05 19:31:55,569-[agedb_30][5480]Accuracy-Flip: 0.78650+-0.02494
Training: 2025-09-05 19:31:55,569-[agedb_30][5480]Accuracy-Highest: 0.78650
Training: 2025-09-05 19:32:20,022-[calfw][5480]XNorm: 22.431449
Training: 2025-09-05 19:32:20,023-[calfw][5480]Accuracy-Flip: 0.83383+-0.01308
Training: 2025-09-05 19:32:20,023-[calfw][5480]Accuracy-Highest: 0.84433
Training: 2025-09-05 19:32:44,461-[cplfw][5480]XNorm: 20.162865
Training: 2025-09-05 19:32:44,461-[cplfw][5480]Accuracy-Flip: 0.73533+-0.01470
Training: 2025-09-05 19:32:44,461-[cplfw][5480]Accuracy-Highest: 0.74333
Training: 2025-09-05 19:32:51,524-Speed 44.59 samples/sec   Loss 9.8799 Epoch: 10   Global Step: 5500   Required: 3 hours
Training: 2025-09-05 19:33:08,732-Speed 371.91 samples/sec   Loss 8.4575 Epoch: 10   Global Step: 5550   Required: 3 hours
Training: 2025-09-05 19:33:25,944-Speed 371.83 samples/sec   Loss 8.7837 Epoch: 10   Global Step: 5600   Required: 3 hours
Training: 2025-09-05 19:33:43,185-Speed 371.79 samples/sec   Loss 8.9294 Epoch: 10   Global Step: 5650   Required: 3 hours
Training: 2025-09-05 19:34:00,406-Speed 371.64 samples/sec   Loss 9.1572 Epoch: 10   Global Step: 5700   Required: 3 hours
Training: 2025-09-05 19:34:17,630-Speed 371.58 samples/sec   Loss 9.3868 Epoch: 10   Global Step: 5750   Required: 3 hours
Training: 2025-09-05 19:34:34,849-Speed 371.68 samples/sec   Loss 9.6230 Epoch: 10   Global Step: 5800   Required: 3 hours
Training: 2025-09-05 19:34:52,072-Speed 371.60 samples/sec   Loss 9.6743 Epoch: 10   Global Step: 5850   Required: 3 hours
Training: 2025-09-05 19:35:09,292-Speed 371.67 samples/sec   Loss 9.8329 Epoch: 10   Global Step: 5900   Required: 2 hours
Training: 2025-09-05 19:35:26,506-Speed 371.77 samples/sec   Loss 9.9692 Epoch: 10   Global Step: 5950   Required: 2 hours
Training: 2025-09-05 19:35:43,726-Speed 371.67 samples/sec   Loss 10.2336 Epoch: 10   Global Step: 6000   Required: 2 hours
Training: 2025-09-05 19:36:17,751-[lfw][6028]XNorm: 21.901715
Training: 2025-09-05 19:36:17,751-[lfw][6028]Accuracy-Flip: 0.95883+-0.00764
Training: 2025-09-05 19:36:17,751-[lfw][6028]Accuracy-Highest: 0.95883
Training: 2025-09-05 19:36:46,145-[cfp_fp][6028]XNorm: 18.651891
Training: 2025-09-05 19:36:46,145-[cfp_fp][6028]Accuracy-Flip: 0.77700+-0.02189
Training: 2025-09-05 19:36:46,145-[cfp_fp][6028]Accuracy-Highest: 0.78229
Training: 2025-09-05 19:37:10,514-[agedb_30][6028]XNorm: 18.834719
Training: 2025-09-05 19:37:10,514-[agedb_30][6028]Accuracy-Flip: 0.77483+-0.01629
Training: 2025-09-05 19:37:10,514-[agedb_30][6028]Accuracy-Highest: 0.78650
Training: 2025-09-05 19:37:34,970-[calfw][6028]XNorm: 21.442149
Training: 2025-09-05 19:37:34,970-[calfw][6028]Accuracy-Flip: 0.84817+-0.01187
Training: 2025-09-05 19:37:34,970-[calfw][6028]Accuracy-Highest: 0.84817
Training: 2025-09-05 19:37:59,412-[cplfw][6028]XNorm: 19.065307
Training: 2025-09-05 19:37:59,413-[cplfw][6028]Accuracy-Flip: 0.74350+-0.01311
Training: 2025-09-05 19:37:59,413-[cplfw][6028]Accuracy-Highest: 0.74350
Training: 2025-09-05 19:38:07,136-Speed 44.63 samples/sec   Loss 9.0503 Epoch: 11   Global Step: 6050   Required: 3 hours
Training: 2025-09-05 19:38:24,342-Speed 371.97 samples/sec   Loss 7.8977 Epoch: 11   Global Step: 6100   Required: 3 hours
Training: 2025-09-05 19:38:41,553-Speed 371.87 samples/sec   Loss 8.1077 Epoch: 11   Global Step: 6150   Required: 3 hours
Training: 2025-09-05 19:38:58,770-Speed 371.72 samples/sec   Loss 8.3841 Epoch: 11   Global Step: 6200   Required: 2 hours
Training: 2025-09-05 19:39:15,988-Speed 371.70 samples/sec   Loss 8.5120 Epoch: 11   Global Step: 6250   Required: 2 hours
Training: 2025-09-05 19:39:33,205-Speed 371.74 samples/sec   Loss 8.6551 Epoch: 11   Global Step: 6300   Required: 2 hours
Training: 2025-09-05 19:39:50,424-Speed 371.67 samples/sec   Loss 8.9179 Epoch: 11   Global Step: 6350   Required: 2 hours
Training: 2025-09-05 19:40:07,648-Speed 371.60 samples/sec   Loss 8.9772 Epoch: 11   Global Step: 6400   Required: 2 hours
Training: 2025-09-05 19:40:24,868-Speed 371.65 samples/sec   Loss 9.2554 Epoch: 11   Global Step: 6450   Required: 2 hours
Training: 2025-09-05 19:40:42,084-Speed 371.75 samples/sec   Loss 9.1416 Epoch: 11   Global Step: 6500   Required: 2 hours
Training: 2025-09-05 19:40:59,302-Speed 371.72 samples/sec   Loss 9.5474 Epoch: 11   Global Step: 6550   Required: 2 hours
Training: 2025-09-05 19:41:32,636-[lfw][6576]XNorm: 22.183035
Training: 2025-09-05 19:41:32,636-[lfw][6576]Accuracy-Flip: 0.95450+-0.00876
Training: 2025-09-05 19:41:32,636-[lfw][6576]Accuracy-Highest: 0.95883
Training: 2025-09-05 19:42:01,062-[cfp_fp][6576]XNorm: 18.675886
Training: 2025-09-05 19:42:01,062-[cfp_fp][6576]Accuracy-Flip: 0.78143+-0.02311
Training: 2025-09-05 19:42:01,062-[cfp_fp][6576]Accuracy-Highest: 0.78229
Training: 2025-09-05 19:42:25,428-[agedb_30][6576]XNorm: 19.263596
Training: 2025-09-05 19:42:25,428-[agedb_30][6576]Accuracy-Flip: 0.79133+-0.01247
Training: 2025-09-05 19:42:25,428-[agedb_30][6576]Accuracy-Highest: 0.79133
Training: 2025-09-05 19:42:49,880-[calfw][6576]XNorm: 21.856302
Training: 2025-09-05 19:42:49,880-[calfw][6576]Accuracy-Flip: 0.85317+-0.01591
Training: 2025-09-05 19:42:49,880-[calfw][6576]Accuracy-Highest: 0.85317
Training: 2025-09-05 19:43:14,320-[cplfw][6576]XNorm: 19.531646
Training: 2025-09-05 19:43:14,320-[cplfw][6576]Accuracy-Flip: 0.74217+-0.01687
Training: 2025-09-05 19:43:14,320-[cplfw][6576]Accuracy-Highest: 0.74350
Training: 2025-09-05 19:43:22,717-Speed 44.63 samples/sec   Loss 8.4638 Epoch: 12   Global Step: 6600   Required: 2 hours
Training: 2025-09-05 19:43:39,917-Speed 372.09 samples/sec   Loss 7.2952 Epoch: 12   Global Step: 6650   Required: 2 hours
Training: 2025-09-05 19:43:57,123-Speed 371.95 samples/sec   Loss 7.4352 Epoch: 12   Global Step: 6700   Required: 2 hours
Training: 2025-09-05 19:44:14,336-Speed 371.82 samples/sec   Loss 7.5018 Epoch: 12   Global Step: 6750   Required: 2 hours
Training: 2025-09-05 19:44:31,553-Speed 371.74 samples/sec   Loss 7.9911 Epoch: 12   Global Step: 6800   Required: 2 hours
Training: 2025-09-05 19:44:48,768-Speed 371.77 samples/sec   Loss 8.3258 Epoch: 12   Global Step: 6850   Required: 2 hours
Training: 2025-09-05 19:45:05,985-Speed 371.73 samples/sec   Loss 8.3164 Epoch: 12   Global Step: 6900   Required: 2 hours
Training: 2025-09-05 19:45:23,205-Speed 371.66 samples/sec   Loss 8.4436 Epoch: 12   Global Step: 6950   Required: 2 hours
Training: 2025-09-05 19:45:40,421-Speed 371.74 samples/sec   Loss 8.5854 Epoch: 12   Global Step: 7000   Required: 2 hours
Training: 2025-09-05 19:45:57,646-Speed 371.57 samples/sec   Loss 8.7627 Epoch: 12   Global Step: 7050   Required: 2 hours
Training: 2025-09-05 19:46:14,871-Speed 371.56 samples/sec   Loss 8.9228 Epoch: 12   Global Step: 7100   Required: 2 hours
Training: 2025-09-05 19:46:47,510-[lfw][7124]XNorm: 22.552503
Training: 2025-09-05 19:46:47,511-[lfw][7124]Accuracy-Flip: 0.96300+-0.00748
Training: 2025-09-05 19:46:47,511-[lfw][7124]Accuracy-Highest: 0.96300
Training: 2025-09-05 19:47:15,903-[cfp_fp][7124]XNorm: 18.989064
Training: 2025-09-05 19:47:15,903-[cfp_fp][7124]Accuracy-Flip: 0.77686+-0.02517
Training: 2025-09-05 19:47:15,903-[cfp_fp][7124]Accuracy-Highest: 0.78229
Training: 2025-09-05 19:47:40,254-[agedb_30][7124]XNorm: 19.525518
Training: 2025-09-05 19:47:40,254-[agedb_30][7124]Accuracy-Flip: 0.79183+-0.02499
Training: 2025-09-05 19:47:40,254-[agedb_30][7124]Accuracy-Highest: 0.79183
Training: 2025-09-05 19:48:04,701-[calfw][7124]XNorm: 22.193956
Training: 2025-09-05 19:48:04,702-[calfw][7124]Accuracy-Flip: 0.85133+-0.01552
Training: 2025-09-05 19:48:04,702-[calfw][7124]Accuracy-Highest: 0.85317
Training: 2025-09-05 19:48:29,140-[cplfw][7124]XNorm: 19.507807
Training: 2025-09-05 19:48:29,140-[cplfw][7124]Accuracy-Flip: 0.74100+-0.01278
Training: 2025-09-05 19:48:29,140-[cplfw][7124]Accuracy-Highest: 0.74350
Training: 2025-09-05 19:48:38,266-Speed 44.63 samples/sec   Loss 7.5821 Epoch: 13   Global Step: 7150   Required: 2 hours
Training: 2025-09-05 19:48:55,468-Speed 372.06 samples/sec   Loss 6.6369 Epoch: 13   Global Step: 7200   Required: 2 hours
Training: 2025-09-05 19:49:12,677-Speed 371.88 samples/sec   Loss 6.9802 Epoch: 13   Global Step: 7250   Required: 2 hours
Training: 2025-09-05 19:49:29,885-Speed 371.94 samples/sec   Loss 7.2492 Epoch: 13   Global Step: 7300   Required: 2 hours
Training: 2025-09-05 19:49:47,097-Speed 371.83 samples/sec   Loss 7.3307 Epoch: 13   Global Step: 7350   Required: 2 hours
Training: 2025-09-05 19:50:04,310-Speed 371.82 samples/sec   Loss 7.3004 Epoch: 13   Global Step: 7400   Required: 2 hours
Training: 2025-09-05 19:50:21,528-Speed 371.69 samples/sec   Loss 7.7637 Epoch: 13   Global Step: 7450   Required: 2 hours
Training: 2025-09-05 19:50:38,744-Speed 371.76 samples/sec   Loss 8.0608 Epoch: 13   Global Step: 7500   Required: 2 hours
Training: 2025-09-05 19:50:55,964-Speed 371.66 samples/sec   Loss 8.1796 Epoch: 13   Global Step: 7550   Required: 2 hours
Training: 2025-09-05 19:51:13,181-Speed 371.74 samples/sec   Loss 8.4142 Epoch: 13   Global Step: 7600   Required: 2 hours
Training: 2025-09-05 19:51:30,399-Speed 371.70 samples/sec   Loss 8.4335 Epoch: 13   Global Step: 7650   Required: 2 hours
Training: 2025-09-05 19:52:02,361-[lfw][7672]XNorm: 20.419151
Training: 2025-09-05 19:52:02,361-[lfw][7672]Accuracy-Flip: 0.96433+-0.00901
Training: 2025-09-05 19:52:02,361-[lfw][7672]Accuracy-Highest: 0.96433
Training: 2025-09-05 19:52:30,684-[cfp_fp][7672]XNorm: 17.660905
Training: 2025-09-05 19:52:30,685-[cfp_fp][7672]Accuracy-Flip: 0.78771+-0.02067
Training: 2025-09-05 19:52:30,685-[cfp_fp][7672]Accuracy-Highest: 0.78771
Training: 2025-09-05 19:52:55,041-[agedb_30][7672]XNorm: 18.082761
Training: 2025-09-05 19:52:55,042-[agedb_30][7672]Accuracy-Flip: 0.79200+-0.01771
Training: 2025-09-05 19:52:55,042-[agedb_30][7672]Accuracy-Highest: 0.79200
Training: 2025-09-05 19:53:19,496-[calfw][7672]XNorm: 20.187505
Training: 2025-09-05 19:53:19,496-[calfw][7672]Accuracy-Flip: 0.85617+-0.01356
Training: 2025-09-05 19:53:19,496-[calfw][7672]Accuracy-Highest: 0.85617
Training: 2025-09-05 19:53:43,942-[cplfw][7672]XNorm: 17.782595
Training: 2025-09-05 19:53:43,942-[cplfw][7672]Accuracy-Flip: 0.74933+-0.01321
Training: 2025-09-05 19:53:43,942-[cplfw][7672]Accuracy-Highest: 0.74933
Training: 2025-09-05 19:53:53,757-Speed 44.64 samples/sec   Loss 6.8915 Epoch: 14   Global Step: 7700   Required: 2 hours
Training: 2025-09-05 19:54:10,960-Speed 372.03 samples/sec   Loss 6.0708 Epoch: 14   Global Step: 7750   Required: 2 hours
Training: 2025-09-05 19:54:28,170-Speed 371.88 samples/sec   Loss 6.3733 Epoch: 14   Global Step: 7800   Required: 2 hours
Training: 2025-09-05 19:54:45,385-Speed 371.76 samples/sec   Loss 6.5558 Epoch: 14   Global Step: 7850   Required: 2 hours
Training: 2025-09-05 19:55:02,598-Speed 371.81 samples/sec   Loss 6.9636 Epoch: 14   Global Step: 7900   Required: 2 hours
Training: 2025-09-05 19:55:19,815-Speed 371.75 samples/sec   Loss 7.1475 Epoch: 14   Global Step: 7950   Required: 2 hours
Training: 2025-09-05 19:55:37,030-Speed 371.75 samples/sec   Loss 7.1772 Epoch: 14   Global Step: 8000   Required: 2 hours
Training: 2025-09-05 19:55:54,249-Speed 371.70 samples/sec   Loss 7.3718 Epoch: 14   Global Step: 8050   Required: 2 hours
Training: 2025-09-05 19:56:11,472-Speed 371.58 samples/sec   Loss 7.6814 Epoch: 14   Global Step: 8100   Required: 2 hours
Training: 2025-09-05 19:56:28,694-Speed 371.62 samples/sec   Loss 7.7872 Epoch: 14   Global Step: 8150   Required: 2 hours
Training: 2025-09-05 19:56:45,920-Speed 371.54 samples/sec   Loss 7.8019 Epoch: 14   Global Step: 8200   Required: 2 hours
Training: 2025-09-05 19:57:17,190-[lfw][8220]XNorm: 21.393857
Training: 2025-09-05 19:57:17,190-[lfw][8220]Accuracy-Flip: 0.95817+-0.00877
Training: 2025-09-05 19:57:17,190-[lfw][8220]Accuracy-Highest: 0.96433
Training: 2025-09-05 19:57:45,525-[cfp_fp][8220]XNorm: 18.282887
Training: 2025-09-05 19:57:45,525-[cfp_fp][8220]Accuracy-Flip: 0.79014+-0.01887
Training: 2025-09-05 19:57:45,525-[cfp_fp][8220]Accuracy-Highest: 0.79014
Training: 2025-09-05 19:58:09,893-[agedb_30][8220]XNorm: 18.939845
Training: 2025-09-05 19:58:09,893-[agedb_30][8220]Accuracy-Flip: 0.79700+-0.02113
Training: 2025-09-05 19:58:09,893-[agedb_30][8220]Accuracy-Highest: 0.79700
Training: 2025-09-05 19:58:34,353-[calfw][8220]XNorm: 21.200745
Training: 2025-09-05 19:58:34,353-[calfw][8220]Accuracy-Flip: 0.84667+-0.01658
Training: 2025-09-05 19:58:34,353-[calfw][8220]Accuracy-Highest: 0.85617
Training: 2025-09-05 19:58:58,805-[cplfw][8220]XNorm: 18.542585
Training: 2025-09-05 19:58:58,806-[cplfw][8220]Accuracy-Flip: 0.75017+-0.01848
Training: 2025-09-05 19:58:58,806-[cplfw][8220]Accuracy-Highest: 0.75017
Training: 2025-09-05 19:59:09,305-Speed 44.64 samples/sec   Loss 6.5508 Epoch: 15   Global Step: 8250   Required: 2 hours
Training: 2025-09-05 19:59:26,514-Speed 371.91 samples/sec   Loss 5.7400 Epoch: 15   Global Step: 8300   Required: 2 hours
Training: 2025-09-05 19:59:43,726-Speed 371.83 samples/sec   Loss 6.0022 Epoch: 15   Global Step: 8350   Required: 2 hours
Training: 2025-09-05 20:00:00,949-Speed 371.61 samples/sec   Loss 6.1197 Epoch: 15   Global Step: 8400   Required: 2 hours
Training: 2025-09-05 20:00:18,171-Speed 371.62 samples/sec   Loss 6.4759 Epoch: 15   Global Step: 8450   Required: 2 hours
Training: 2025-09-05 20:00:35,397-Speed 371.53 samples/sec   Loss 6.6979 Epoch: 15   Global Step: 8500   Required: 2 hours
Training: 2025-09-05 20:00:52,623-Speed 371.53 samples/sec   Loss 6.6992 Epoch: 15   Global Step: 8550   Required: 2 hours
Training: 2025-09-05 20:01:09,847-Speed 371.57 samples/sec   Loss 6.9125 Epoch: 15   Global Step: 8600   Required: 2 hours
Training: 2025-09-05 20:01:27,076-Speed 371.48 samples/sec   Loss 7.1863 Epoch: 15   Global Step: 8650   Required: 2 hours
Training: 2025-09-05 20:01:44,304-Speed 371.49 samples/sec   Loss 7.2840 Epoch: 15   Global Step: 8700   Required: 2 hours
Training: 2025-09-05 20:02:01,533-Speed 371.47 samples/sec   Loss 7.3066 Epoch: 15   Global Step: 8750   Required: 2 hours
Training: 2025-09-05 20:02:32,131-[lfw][8768]XNorm: 20.862639
Training: 2025-09-05 20:02:32,131-[lfw][8768]Accuracy-Flip: 0.96117+-0.00895
Training: 2025-09-05 20:02:32,131-[lfw][8768]Accuracy-Highest: 0.96433
Training: 2025-09-05 20:03:00,491-[cfp_fp][8768]XNorm: 17.838312
Training: 2025-09-05 20:03:00,491-[cfp_fp][8768]Accuracy-Flip: 0.78514+-0.02068
Training: 2025-09-05 20:03:00,491-[cfp_fp][8768]Accuracy-Highest: 0.79014
Training: 2025-09-05 20:03:24,871-[agedb_30][8768]XNorm: 18.563424
Training: 2025-09-05 20:03:24,871-[agedb_30][8768]Accuracy-Flip: 0.78283+-0.01726
Training: 2025-09-05 20:03:24,871-[agedb_30][8768]Accuracy-Highest: 0.79700
Training: 2025-09-05 20:03:49,344-[calfw][8768]XNorm: 20.525475
Training: 2025-09-05 20:03:49,344-[calfw][8768]Accuracy-Flip: 0.85150+-0.01834
Training: 2025-09-05 20:03:49,344-[calfw][8768]Accuracy-Highest: 0.85617
Training: 2025-09-05 20:04:13,805-[cplfw][8768]XNorm: 17.963481
Training: 2025-09-05 20:04:13,806-[cplfw][8768]Accuracy-Flip: 0.74350+-0.01409
Training: 2025-09-05 20:04:13,806-[cplfw][8768]Accuracy-Highest: 0.75017
Training: 2025-09-05 20:04:24,956-Speed 44.62 samples/sec   Loss 5.9614 Epoch: 16   Global Step: 8800   Required: 2 hours
Training: 2025-09-05 20:04:42,162-Speed 371.97 samples/sec   Loss 5.3006 Epoch: 16   Global Step: 8850   Required: 2 hours
Training: 2025-09-05 20:04:59,373-Speed 371.86 samples/sec   Loss 5.4661 Epoch: 16   Global Step: 8900   Required: 2 hours
Training: 2025-09-05 20:05:16,592-Speed 371.68 samples/sec   Loss 5.8354 Epoch: 16   Global Step: 8950   Required: 2 hours
Training: 2025-09-05 20:05:33,812-Speed 371.65 samples/sec   Loss 6.1307 Epoch: 16   Global Step: 9000   Required: 2 hours
Training: 2025-09-05 20:05:51,036-Speed 371.59 samples/sec   Loss 6.4017 Epoch: 16   Global Step: 9050   Required: 2 hours
Training: 2025-09-05 20:06:08,259-Speed 371.60 samples/sec   Loss 6.3801 Epoch: 16   Global Step: 9100   Required: 2 hours
Training: 2025-09-05 20:06:25,480-Speed 371.64 samples/sec   Loss 6.4166 Epoch: 16   Global Step: 9150   Required: 2 hours
Training: 2025-09-05 20:06:42,700-Speed 371.67 samples/sec   Loss 6.5156 Epoch: 16   Global Step: 9200   Required: 2 hours
Training: 2025-09-05 20:06:59,917-Speed 371.72 samples/sec   Loss 6.8637 Epoch: 16   Global Step: 9250   Required: 2 hours
Training: 2025-09-05 20:07:17,136-Speed 371.70 samples/sec   Loss 7.0495 Epoch: 16   Global Step: 9300   Required: 2 hours
Training: 2025-09-05 20:07:47,036-[lfw][9316]XNorm: 21.746754
Training: 2025-09-05 20:07:47,036-[lfw][9316]Accuracy-Flip: 0.95817+-0.00783
Training: 2025-09-05 20:07:47,037-[lfw][9316]Accuracy-Highest: 0.96433
Training: 2025-09-05 20:08:15,364-[cfp_fp][9316]XNorm: 18.793871
Training: 2025-09-05 20:08:15,364-[cfp_fp][9316]Accuracy-Flip: 0.78771+-0.01945
Training: 2025-09-05 20:08:15,364-[cfp_fp][9316]Accuracy-Highest: 0.79014
Training: 2025-09-05 20:08:39,727-[agedb_30][9316]XNorm: 19.647105
Training: 2025-09-05 20:08:39,727-[agedb_30][9316]Accuracy-Flip: 0.79033+-0.02022
Training: 2025-09-05 20:08:39,727-[agedb_30][9316]Accuracy-Highest: 0.79700
Training: 2025-09-05 20:09:04,178-[calfw][9316]XNorm: 21.704438
Training: 2025-09-05 20:09:04,178-[calfw][9316]Accuracy-Flip: 0.85100+-0.01493
Training: 2025-09-05 20:09:04,178-[calfw][9316]Accuracy-Highest: 0.85617
Training: 2025-09-05 20:09:28,612-[cplfw][9316]XNorm: 18.768380
Training: 2025-09-05 20:09:28,612-[cplfw][9316]Accuracy-Flip: 0.74450+-0.01803
Training: 2025-09-05 20:09:28,612-[cplfw][9316]Accuracy-Highest: 0.75017
Training: 2025-09-05 20:09:40,482-Speed 44.65 samples/sec   Loss 5.4359 Epoch: 17   Global Step: 9350   Required: 2 hours
Training: 2025-09-05 20:09:57,685-Speed 372.04 samples/sec   Loss 4.9448 Epoch: 17   Global Step: 9400   Required: 2 hours
Training: 2025-09-05 20:10:14,895-Speed 371.88 samples/sec   Loss 5.1034 Epoch: 17   Global Step: 9450   Required: 2 hours
Training: 2025-09-05 20:10:32,107-Speed 371.82 samples/sec   Loss 5.5265 Epoch: 17   Global Step: 9500   Required: 2 hours
Training: 2025-09-05 20:10:49,321-Speed 371.79 samples/sec   Loss 5.7791 Epoch: 17   Global Step: 9550   Required: 2 hours
Training: 2025-09-05 20:11:06,540-Speed 371.69 samples/sec   Loss 5.8826 Epoch: 17   Global Step: 9600   Required: 2 hours
Training: 2025-09-05 20:11:23,758-Speed 371.70 samples/sec   Loss 6.0254 Epoch: 17   Global Step: 9650   Required: 2 hours
Training: 2025-09-05 20:11:40,975-Speed 371.75 samples/sec   Loss 6.1481 Epoch: 17   Global Step: 9700   Required: 2 hours
Training: 2025-09-05 20:11:58,199-Speed 371.57 samples/sec   Loss 6.3687 Epoch: 17   Global Step: 9750   Required: 2 hours
Training: 2025-09-05 20:12:15,419-Speed 371.65 samples/sec   Loss 6.5160 Epoch: 17   Global Step: 9800   Required: 2 hours
Training: 2025-09-05 20:12:32,649-Speed 371.45 samples/sec   Loss 6.5683 Epoch: 17   Global Step: 9850   Required: 2 hours
Training: 2025-09-05 20:13:01,861-[lfw][9864]XNorm: 20.609828
Training: 2025-09-05 20:13:01,861-[lfw][9864]Accuracy-Flip: 0.95817+-0.01104
Training: 2025-09-05 20:13:01,861-[lfw][9864]Accuracy-Highest: 0.96433
Training: 2025-09-05 20:13:30,248-[cfp_fp][9864]XNorm: 17.482777
Training: 2025-09-05 20:13:30,248-[cfp_fp][9864]Accuracy-Flip: 0.79200+-0.01935
Training: 2025-09-05 20:13:30,248-[cfp_fp][9864]Accuracy-Highest: 0.79200
Training: 2025-09-05 20:13:54,626-[agedb_30][9864]XNorm: 18.971554
Training: 2025-09-05 20:13:54,626-[agedb_30][9864]Accuracy-Flip: 0.79400+-0.02118
Training: 2025-09-05 20:13:54,626-[agedb_30][9864]Accuracy-Highest: 0.79700
Training: 2025-09-05 20:14:19,086-[calfw][9864]XNorm: 20.625218
Training: 2025-09-05 20:14:19,086-[calfw][9864]Accuracy-Flip: 0.85400+-0.01521
Training: 2025-09-05 20:14:19,086-[calfw][9864]Accuracy-Highest: 0.85617
Training: 2025-09-05 20:14:43,535-[cplfw][9864]XNorm: 17.957976
Training: 2025-09-05 20:14:43,535-[cplfw][9864]Accuracy-Flip: 0.74683+-0.01268
Training: 2025-09-05 20:14:43,535-[cplfw][9864]Accuracy-Highest: 0.75017
Training: 2025-09-05 20:14:56,080-Speed 44.62 samples/sec   Loss 4.9229 Epoch: 18   Global Step: 9900   Required: 2 hours
Training: 2025-09-05 20:15:13,287-Speed 371.94 samples/sec   Loss 4.6913 Epoch: 18   Global Step: 9950   Required: 2 hours
Training: 2025-09-05 20:15:30,502-Speed 371.76 samples/sec   Loss 4.8164 Epoch: 18   Global Step: 10000   Required: 2 hours
Training: 2025-09-05 20:15:47,717-Speed 371.77 samples/sec   Loss 5.1333 Epoch: 18   Global Step: 10050   Required: 2 hours
Training: 2025-09-05 20:16:04,932-Speed 371.77 samples/sec   Loss 5.3649 Epoch: 18   Global Step: 10100   Required: 2 hours
Training: 2025-09-05 20:16:22,149-Speed 371.74 samples/sec   Loss 5.4321 Epoch: 18   Global Step: 10150   Required: 2 hours
Training: 2025-09-05 20:16:39,366-Speed 371.73 samples/sec   Loss 5.7264 Epoch: 18   Global Step: 10200   Required: 2 hours
Training: 2025-09-05 20:16:56,582-Speed 371.73 samples/sec   Loss 6.0423 Epoch: 18   Global Step: 10250   Required: 2 hours
Training: 2025-09-05 20:17:13,800-Speed 371.70 samples/sec   Loss 6.1023 Epoch: 18   Global Step: 10300   Required: 2 hours
Training: 2025-09-05 20:17:31,021-Speed 371.65 samples/sec   Loss 6.3703 Epoch: 18   Global Step: 10350   Required: 2 hours
Training: 2025-09-05 20:17:48,251-Speed 371.45 samples/sec   Loss 6.3567 Epoch: 18   Global Step: 10400   Required: 2 hours
Training: 2025-09-05 20:18:16,776-[lfw][10412]XNorm: 21.017908
Training: 2025-09-05 20:18:16,776-[lfw][10412]Accuracy-Flip: 0.95833+-0.00619
Training: 2025-09-05 20:18:16,776-[lfw][10412]Accuracy-Highest: 0.96433
Training: 2025-09-05 20:18:45,095-[cfp_fp][10412]XNorm: 17.892043
Training: 2025-09-05 20:18:45,095-[cfp_fp][10412]Accuracy-Flip: 0.79029+-0.01967
Training: 2025-09-05 20:18:45,095-[cfp_fp][10412]Accuracy-Highest: 0.79200
Training: 2025-09-05 20:19:09,473-[agedb_30][10412]XNorm: 19.070084
Training: 2025-09-05 20:19:09,473-[agedb_30][10412]Accuracy-Flip: 0.78750+-0.02547
Training: 2025-09-05 20:19:09,473-[agedb_30][10412]Accuracy-Highest: 0.79700
Training: 2025-09-05 20:19:33,932-[calfw][10412]XNorm: 20.894389
Training: 2025-09-05 20:19:33,932-[calfw][10412]Accuracy-Flip: 0.84717+-0.01232
Training: 2025-09-05 20:19:33,932-[calfw][10412]Accuracy-Highest: 0.85617
Training: 2025-09-05 20:19:58,380-[cplfw][10412]XNorm: 18.079988
Training: 2025-09-05 20:19:58,380-[cplfw][10412]Accuracy-Flip: 0.74750+-0.02079
Training: 2025-09-05 20:19:58,380-[cplfw][10412]Accuracy-Highest: 0.75017
Training: 2025-09-05 20:20:11,601-Speed 44.65 samples/sec   Loss 4.6969 Epoch: 19   Global Step: 10450   Required: 2 hours
Training: 2025-09-05 20:20:28,806-Speed 371.99 samples/sec   Loss 4.3210 Epoch: 19   Global Step: 10500   Required: 2 hours
Training: 2025-09-05 20:20:46,014-Speed 371.91 samples/sec   Loss 4.7337 Epoch: 19   Global Step: 10550   Required: 2 hours
Training: 2025-09-05 20:21:03,230-Speed 371.76 samples/sec   Loss 4.9297 Epoch: 19   Global Step: 10600   Required: 2 hours
Training: 2025-09-05 20:21:20,443-Speed 371.81 samples/sec   Loss 5.1069 Epoch: 19   Global Step: 10650   Required: 2 hours
Training: 2025-09-05 20:21:37,660-Speed 371.73 samples/sec   Loss 5.2800 Epoch: 19   Global Step: 10700   Required: 2 hours
Training: 2025-09-05 20:21:54,878-Speed 371.72 samples/sec   Loss 5.5740 Epoch: 19   Global Step: 10750   Required: 2 hours
Training: 2025-09-05 20:22:12,096-Speed 371.71 samples/sec   Loss 5.6763 Epoch: 19   Global Step: 10800   Required: 2 hours
Training: 2025-09-05 20:22:29,319-Speed 371.59 samples/sec   Loss 5.7554 Epoch: 19   Global Step: 10850   Required: 2 hours
Training: 2025-09-05 20:22:46,544-Speed 371.55 samples/sec   Loss 5.9233 Epoch: 19   Global Step: 10900   Required: 2 hours
Training: 2025-09-05 20:23:03,768-Speed 371.58 samples/sec   Loss 6.1053 Epoch: 19   Global Step: 10950   Required: 2 hours
Training: 2025-09-05 20:23:31,594-[lfw][10960]XNorm: 21.358360
Training: 2025-09-05 20:23:31,594-[lfw][10960]Accuracy-Flip: 0.95633+-0.00999
Training: 2025-09-05 20:23:31,594-[lfw][10960]Accuracy-Highest: 0.96433
Training: 2025-09-05 20:23:59,958-[cfp_fp][10960]XNorm: 18.086544
Training: 2025-09-05 20:23:59,958-[cfp_fp][10960]Accuracy-Flip: 0.79329+-0.02211
Training: 2025-09-05 20:23:59,958-[cfp_fp][10960]Accuracy-Highest: 0.79329
Training: 2025-09-05 20:24:24,326-[agedb_30][10960]XNorm: 19.688112
Training: 2025-09-05 20:24:24,326-[agedb_30][10960]Accuracy-Flip: 0.79900+-0.01948
Training: 2025-09-05 20:24:24,326-[agedb_30][10960]Accuracy-Highest: 0.79900
Training: 2025-09-05 20:24:48,797-[calfw][10960]XNorm: 21.427977
Training: 2025-09-05 20:24:48,797-[calfw][10960]Accuracy-Flip: 0.85000+-0.01628
Training: 2025-09-05 20:24:48,797-[calfw][10960]Accuracy-Highest: 0.85617
Training: 2025-09-05 20:25:13,240-[cplfw][10960]XNorm: 18.336920
Training: 2025-09-05 20:25:13,240-[cplfw][10960]Accuracy-Flip: 0.75667+-0.02080
Training: 2025-09-05 20:25:13,240-[cplfw][10960]Accuracy-Highest: 0.75667
Training: 2025-09-05 20:25:27,148-Speed 44.64 samples/sec   Loss 4.4675 Epoch: 20   Global Step: 11000   Required: 2 hours
Training: 2025-09-05 20:25:44,358-Speed 371.88 samples/sec   Loss 4.0581 Epoch: 20   Global Step: 11050   Required: 2 hours
Training: 2025-09-05 20:26:01,572-Speed 371.80 samples/sec   Loss 4.4841 Epoch: 20   Global Step: 11100   Required: 2 hours
Training: 2025-09-05 20:26:18,789-Speed 371.74 samples/sec   Loss 4.6146 Epoch: 20   Global Step: 11150   Required: 2 hours
Training: 2025-09-05 20:26:36,004-Speed 371.76 samples/sec   Loss 4.9506 Epoch: 20   Global Step: 11200   Required: 2 hours
Training: 2025-09-05 20:26:53,225-Speed 371.66 samples/sec   Loss 5.1664 Epoch: 20   Global Step: 11250   Required: 2 hours
Training: 2025-09-05 20:27:10,441-Speed 371.73 samples/sec   Loss 5.1631 Epoch: 20   Global Step: 11300   Required: 2 hours
Training: 2025-09-05 20:27:27,655-Speed 371.80 samples/sec   Loss 5.3425 Epoch: 20   Global Step: 11350   Required: 2 hours
Training: 2025-09-05 20:27:44,878-Speed 371.61 samples/sec   Loss 5.5023 Epoch: 20   Global Step: 11400   Required: 2 hours
Training: 2025-09-05 20:28:02,100-Speed 371.62 samples/sec   Loss 5.7339 Epoch: 20   Global Step: 11450   Required: 2 hours
Training: 2025-09-05 20:28:19,320-Speed 371.66 samples/sec   Loss 6.0808 Epoch: 20   Global Step: 11500   Required: 2 hours
Training: 2025-09-05 20:28:46,536-[lfw][11508]XNorm: 20.390427
Training: 2025-09-05 20:28:46,536-[lfw][11508]Accuracy-Flip: 0.95533+-0.01013
Training: 2025-09-05 20:28:46,536-[lfw][11508]Accuracy-Highest: 0.96433
Training: 2025-09-05 20:29:14,963-[cfp_fp][11508]XNorm: 17.281480
Training: 2025-09-05 20:29:14,963-[cfp_fp][11508]Accuracy-Flip: 0.78400+-0.02017
Training: 2025-09-05 20:29:14,963-[cfp_fp][11508]Accuracy-Highest: 0.79329
Training: 2025-09-05 20:29:39,334-[agedb_30][11508]XNorm: 18.340169
Training: 2025-09-05 20:29:39,334-[agedb_30][11508]Accuracy-Flip: 0.79767+-0.01991
Training: 2025-09-05 20:29:39,334-[agedb_30][11508]Accuracy-Highest: 0.79900
Training: 2025-09-05 20:30:03,797-[calfw][11508]XNorm: 20.262333
Training: 2025-09-05 20:30:03,797-[calfw][11508]Accuracy-Flip: 0.85283+-0.00986
Training: 2025-09-05 20:30:03,797-[calfw][11508]Accuracy-Highest: 0.85617
Training: 2025-09-05 20:30:28,253-[cplfw][11508]XNorm: 17.663904
Training: 2025-09-05 20:30:28,253-[cplfw][11508]Accuracy-Flip: 0.74283+-0.01522
Training: 2025-09-05 20:30:28,253-[cplfw][11508]Accuracy-Highest: 0.75667
Training: 2025-09-05 20:30:42,892-Speed 44.58 samples/sec   Loss 3.7446 Epoch: 21   Global Step: 11550   Required: 2 hours
Training: 2025-09-05 20:31:00,104-Speed 371.84 samples/sec   Loss 3.1032 Epoch: 21   Global Step: 11600   Required: 2 hours
Training: 2025-09-05 20:31:17,318-Speed 371.80 samples/sec   Loss 2.9886 Epoch: 21   Global Step: 11650   Required: 2 hours
Training: 2025-09-05 20:31:34,534-Speed 371.74 samples/sec   Loss 2.7844 Epoch: 21   Global Step: 11700   Required: 2 hours
Training: 2025-09-05 20:31:51,756-Speed 371.62 samples/sec   Loss 2.8070 Epoch: 21   Global Step: 11750   Required: 2 hours
Training: 2025-09-05 20:32:08,982-Speed 371.54 samples/sec   Loss 2.7555 Epoch: 21   Global Step: 11800   Required: 2 hours
Training: 2025-09-05 20:32:26,203-Speed 371.63 samples/sec   Loss 2.7160 Epoch: 21   Global Step: 11850   Required: 2 hours
Training: 2025-09-05 20:32:43,422-Speed 371.69 samples/sec   Loss 2.5826 Epoch: 21   Global Step: 11900   Required: 2 hours
Training: 2025-09-05 20:33:00,641-Speed 371.69 samples/sec   Loss 2.6885 Epoch: 21   Global Step: 11950   Required: 2 hours
Training: 2025-09-05 20:33:17,865-Speed 371.57 samples/sec   Loss 2.6093 Epoch: 21   Global Step: 12000   Required: 2 hours
Training: 2025-09-05 20:33:35,089-Speed 371.58 samples/sec   Loss 2.5297 Epoch: 21   Global Step: 12050   Required: 2 hours
Training: 2025-09-05 20:34:01,550-[lfw][12056]XNorm: 20.739356
Training: 2025-09-05 20:34:01,550-[lfw][12056]Accuracy-Flip: 0.96317+-0.00990
Training: 2025-09-05 20:34:01,550-[lfw][12056]Accuracy-Highest: 0.96433
Training: 2025-09-05 20:34:29,950-[cfp_fp][12056]XNorm: 17.599279
Training: 2025-09-05 20:34:29,950-[cfp_fp][12056]Accuracy-Flip: 0.79914+-0.02282
Training: 2025-09-05 20:34:29,950-[cfp_fp][12056]Accuracy-Highest: 0.79914
Training: 2025-09-05 20:34:54,360-[agedb_30][12056]XNorm: 18.939004
Training: 2025-09-05 20:34:54,360-[agedb_30][12056]Accuracy-Flip: 0.81133+-0.02029
Training: 2025-09-05 20:34:54,360-[agedb_30][12056]Accuracy-Highest: 0.81133
Training: 2025-09-05 20:35:18,808-[calfw][12056]XNorm: 20.736406
Training: 2025-09-05 20:35:18,808-[calfw][12056]Accuracy-Flip: 0.85850+-0.01365
Training: 2025-09-05 20:35:18,808-[calfw][12056]Accuracy-Highest: 0.85850
Training: 2025-09-05 20:35:43,256-[cplfw][12056]XNorm: 17.724063
Training: 2025-09-05 20:35:43,257-[cplfw][12056]Accuracy-Flip: 0.75667+-0.01665
Training: 2025-09-05 20:35:43,257-[cplfw][12056]Accuracy-Highest: 0.75667
Training: 2025-09-05 20:35:58,547-Speed 44.61 samples/sec   Loss 2.0643 Epoch: 22   Global Step: 12100   Required: 2 hours
Training: 2025-09-05 20:36:15,753-Speed 371.95 samples/sec   Loss 2.0121 Epoch: 22   Global Step: 12150   Required: 2 hours
Training: 2025-09-05 20:36:32,959-Speed 371.97 samples/sec   Loss 2.0223 Epoch: 22   Global Step: 12200   Required: 2 hours
Training: 2025-09-05 20:36:50,173-Speed 371.81 samples/sec   Loss 1.9989 Epoch: 22   Global Step: 12250   Required: 2 hours
Training: 2025-09-05 20:37:07,387-Speed 371.78 samples/sec   Loss 1.8427 Epoch: 22   Global Step: 12300   Required: 2 hours
Training: 2025-09-05 20:37:24,606-Speed 371.68 samples/sec   Loss 1.9303 Epoch: 22   Global Step: 12350   Required: 2 hours
Training: 2025-09-05 20:37:41,825-Speed 371.69 samples/sec   Loss 1.9405 Epoch: 22   Global Step: 12400   Required: 2 hours
Training: 2025-09-05 20:37:59,045-Speed 371.67 samples/sec   Loss 2.0687 Epoch: 22   Global Step: 12450   Required: 1 hours
Training: 2025-09-05 20:38:16,265-Speed 371.66 samples/sec   Loss 1.8508 Epoch: 22   Global Step: 12500   Required: 1 hours
Training: 2025-09-05 20:38:33,487-Speed 371.62 samples/sec   Loss 1.8966 Epoch: 22   Global Step: 12550   Required: 1 hours
Training: 2025-09-05 20:38:50,711-Speed 371.57 samples/sec   Loss 1.9940 Epoch: 22   Global Step: 12600   Required: 1 hours
Training: 2025-09-05 20:39:16,475-[lfw][12604]XNorm: 20.697495
Training: 2025-09-05 20:39:16,475-[lfw][12604]Accuracy-Flip: 0.96050+-0.00817
Training: 2025-09-05 20:39:16,475-[lfw][12604]Accuracy-Highest: 0.96433
Training: 2025-09-05 20:39:44,795-[cfp_fp][12604]XNorm: 17.607626
Training: 2025-09-05 20:39:44,795-[cfp_fp][12604]Accuracy-Flip: 0.79986+-0.01716
Training: 2025-09-05 20:39:44,795-[cfp_fp][12604]Accuracy-Highest: 0.79986
Training: 2025-09-05 20:40:09,161-[agedb_30][12604]XNorm: 19.063273
Training: 2025-09-05 20:40:09,161-[agedb_30][12604]Accuracy-Flip: 0.80633+-0.01725
Training: 2025-09-05 20:40:09,161-[agedb_30][12604]Accuracy-Highest: 0.81133
Training: 2025-09-05 20:40:33,616-[calfw][12604]XNorm: 20.693855
Training: 2025-09-05 20:40:33,616-[calfw][12604]Accuracy-Flip: 0.86317+-0.01298
Training: 2025-09-05 20:40:33,617-[calfw][12604]Accuracy-Highest: 0.86317
Training: 2025-09-05 20:40:58,071-[cplfw][12604]XNorm: 17.799553
Training: 2025-09-05 20:40:58,071-[cplfw][12604]Accuracy-Flip: 0.75200+-0.01670
Training: 2025-09-05 20:40:58,071-[cplfw][12604]Accuracy-Highest: 0.75667
Training: 2025-09-05 20:41:14,087-Speed 44.64 samples/sec   Loss 1.5487 Epoch: 23   Global Step: 12650   Required: 1 hours
Training: 2025-09-05 20:41:31,298-Speed 371.85 samples/sec   Loss 1.4850 Epoch: 23   Global Step: 12700   Required: 1 hours
Training: 2025-09-05 20:41:48,517-Speed 371.68 samples/sec   Loss 1.5693 Epoch: 23   Global Step: 12750   Required: 1 hours
Training: 2025-09-05 20:42:05,741-Speed 371.58 samples/sec   Loss 1.4564 Epoch: 23   Global Step: 12800   Required: 1 hours
Training: 2025-09-05 20:42:22,965-Speed 371.58 samples/sec   Loss 1.5218 Epoch: 23   Global Step: 12850   Required: 1 hours
Training: 2025-09-05 20:42:40,192-Speed 371.52 samples/sec   Loss 1.4356 Epoch: 23   Global Step: 12900   Required: 1 hours
Training: 2025-09-05 20:42:57,424-Speed 371.40 samples/sec   Loss 1.5426 Epoch: 23   Global Step: 12950   Required: 1 hours
Training: 2025-09-05 20:43:14,653-Speed 371.47 samples/sec   Loss 1.5666 Epoch: 23   Global Step: 13000   Required: 1 hours
Training: 2025-09-05 20:43:31,882-Speed 371.47 samples/sec   Loss 1.4788 Epoch: 23   Global Step: 13050   Required: 1 hours
Training: 2025-09-05 20:43:49,110-Speed 371.49 samples/sec   Loss 1.4607 Epoch: 23   Global Step: 13100   Required: 1 hours
Training: 2025-09-05 20:44:06,338-Speed 371.51 samples/sec   Loss 1.5608 Epoch: 23   Global Step: 13150   Required: 1 hours
Training: 2025-09-05 20:44:31,412-[lfw][13152]XNorm: 20.833975
Training: 2025-09-05 20:44:31,412-[lfw][13152]Accuracy-Flip: 0.96133+-0.00859
Training: 2025-09-05 20:44:31,412-[lfw][13152]Accuracy-Highest: 0.96433
Training: 2025-09-05 20:44:59,874-[cfp_fp][13152]XNorm: 17.852716
Training: 2025-09-05 20:44:59,874-[cfp_fp][13152]Accuracy-Flip: 0.79629+-0.01439
Training: 2025-09-05 20:44:59,874-[cfp_fp][13152]Accuracy-Highest: 0.79986
Training: 2025-09-05 20:45:24,246-[agedb_30][13152]XNorm: 19.323118
Training: 2025-09-05 20:45:24,246-[agedb_30][13152]Accuracy-Flip: 0.81283+-0.02136
Training: 2025-09-05 20:45:24,246-[agedb_30][13152]Accuracy-Highest: 0.81283
Training: 2025-09-05 20:45:48,712-[calfw][13152]XNorm: 20.919976
Training: 2025-09-05 20:45:48,712-[calfw][13152]Accuracy-Flip: 0.86067+-0.01428
Training: 2025-09-05 20:45:48,712-[calfw][13152]Accuracy-Highest: 0.86317
Training: 2025-09-05 20:46:13,163-[cplfw][13152]XNorm: 17.990630
Training: 2025-09-05 20:46:13,163-[cplfw][13152]Accuracy-Flip: 0.75417+-0.01898
Training: 2025-09-05 20:46:13,163-[cplfw][13152]Accuracy-Highest: 0.75667
Training: 2025-09-05 20:46:29,855-Speed 44.59 samples/sec   Loss 1.1492 Epoch: 24   Global Step: 13200   Required: 1 hours
Training: 2025-09-05 20:46:47,065-Speed 371.86 samples/sec   Loss 1.1692 Epoch: 24   Global Step: 13250   Required: 1 hours
Training: 2025-09-05 20:47:04,286-Speed 371.64 samples/sec   Loss 1.2345 Epoch: 24   Global Step: 13300   Required: 1 hours
Training: 2025-09-05 20:47:21,508-Speed 371.64 samples/sec   Loss 1.2233 Epoch: 24   Global Step: 13350   Required: 1 hours
Training: 2025-09-05 20:47:38,726-Speed 371.69 samples/sec   Loss 1.1397 Epoch: 24   Global Step: 13400   Required: 1 hours
Training: 2025-09-05 20:47:55,954-Speed 371.50 samples/sec   Loss 1.1359 Epoch: 24   Global Step: 13450   Required: 1 hours
Training: 2025-09-05 20:48:13,176-Speed 371.61 samples/sec   Loss 1.1539 Epoch: 24   Global Step: 13500   Required: 1 hours
Training: 2025-09-05 20:48:30,402-Speed 371.54 samples/sec   Loss 1.2154 Epoch: 24   Global Step: 13550   Required: 1 hours
Training: 2025-09-05 20:48:47,624-Speed 371.62 samples/sec   Loss 1.2234 Epoch: 24   Global Step: 13600   Required: 1 hours
Training: 2025-09-05 20:49:04,849-Speed 371.55 samples/sec   Loss 1.1586 Epoch: 24   Global Step: 13650   Required: 1 hours
Training: 2025-09-05 20:49:22,068-Speed 371.69 samples/sec   Loss 1.2788 Epoch: 24   Global Step: 13700   Required: 1 hours
Training: 2025-09-05 20:49:46,459-[lfw][13700]XNorm: 20.282919
Training: 2025-09-05 20:49:46,459-[lfw][13700]Accuracy-Flip: 0.96083+-0.00837
Training: 2025-09-05 20:49:46,459-[lfw][13700]Accuracy-Highest: 0.96433
Training: 2025-09-05 20:50:14,795-[cfp_fp][13700]XNorm: 17.344108
Training: 2025-09-05 20:50:14,795-[cfp_fp][13700]Accuracy-Flip: 0.79486+-0.01608
Training: 2025-09-05 20:50:14,795-[cfp_fp][13700]Accuracy-Highest: 0.79986
Training: 2025-09-05 20:50:39,172-[agedb_30][13700]XNorm: 18.808651
Training: 2025-09-05 20:50:39,173-[agedb_30][13700]Accuracy-Flip: 0.80367+-0.01453
Training: 2025-09-05 20:50:39,173-[agedb_30][13700]Accuracy-Highest: 0.81283
Training: 2025-09-05 20:51:03,627-[calfw][13700]XNorm: 20.279705
Training: 2025-09-05 20:51:03,627-[calfw][13700]Accuracy-Flip: 0.86317+-0.01864
Training: 2025-09-05 20:51:03,627-[calfw][13700]Accuracy-Highest: 0.86317
Training: 2025-09-05 20:51:28,132-[cplfw][13700]XNorm: 17.546464
Training: 2025-09-05 20:51:28,132-[cplfw][13700]Accuracy-Flip: 0.75233+-0.02119
Training: 2025-09-05 20:51:28,132-[cplfw][13700]Accuracy-Highest: 0.75667
Training: 2025-09-05 20:51:45,481-Speed 44.63 samples/sec   Loss 0.9068 Epoch: 25   Global Step: 13750   Required: 1 hours
Training: 2025-09-05 20:52:02,688-Speed 371.96 samples/sec   Loss 0.8316 Epoch: 25   Global Step: 13800   Required: 1 hours
Training: 2025-09-05 20:52:19,902-Speed 371.78 samples/sec   Loss 0.9133 Epoch: 25   Global Step: 13850   Required: 1 hours
Training: 2025-09-05 20:52:37,118-Speed 371.75 samples/sec   Loss 0.8653 Epoch: 25   Global Step: 13900   Required: 1 hours
Training: 2025-09-05 20:52:54,340-Speed 371.63 samples/sec   Loss 0.8682 Epoch: 25   Global Step: 13950   Required: 1 hours
Training: 2025-09-05 20:53:11,560-Speed 371.66 samples/sec   Loss 0.9709 Epoch: 25   Global Step: 14000   Required: 1 hours
Training: 2025-09-05 20:53:28,781-Speed 371.64 samples/sec   Loss 0.9436 Epoch: 25   Global Step: 14050   Required: 1 hours
Training: 2025-09-05 20:53:46,004-Speed 371.60 samples/sec   Loss 0.9614 Epoch: 25   Global Step: 14100   Required: 1 hours
Training: 2025-09-05 20:54:03,230-Speed 371.52 samples/sec   Loss 0.9475 Epoch: 25   Global Step: 14150   Required: 1 hours
Training: 2025-09-05 20:54:20,453-Speed 371.61 samples/sec   Loss 0.9578 Epoch: 25   Global Step: 14200   Required: 1 hours
Training: 2025-09-05 20:55:01,386-[lfw][14248]XNorm: 20.299409
Training: 2025-09-05 20:55:01,387-[lfw][14248]Accuracy-Flip: 0.96017+-0.00908
Training: 2025-09-05 20:55:01,387-[lfw][14248]Accuracy-Highest: 0.96433
Training: 2025-09-05 20:55:29,872-[cfp_fp][14248]XNorm: 17.402403
Training: 2025-09-05 20:55:29,872-[cfp_fp][14248]Accuracy-Flip: 0.79786+-0.01852
Training: 2025-09-05 20:55:29,872-[cfp_fp][14248]Accuracy-Highest: 0.79986
Training: 2025-09-05 20:55:54,244-[agedb_30][14248]XNorm: 18.863379
Training: 2025-09-05 20:55:54,244-[agedb_30][14248]Accuracy-Flip: 0.80417+-0.01546
Training: 2025-09-05 20:55:54,244-[agedb_30][14248]Accuracy-Highest: 0.81283
Training: 2025-09-05 20:56:18,708-[calfw][14248]XNorm: 20.317018
Training: 2025-09-05 20:56:18,708-[calfw][14248]Accuracy-Flip: 0.86233+-0.01359
Training: 2025-09-05 20:56:18,708-[calfw][14248]Accuracy-Highest: 0.86317
Training: 2025-09-05 20:56:43,171-[cplfw][14248]XNorm: 17.605812
Training: 2025-09-05 20:56:43,171-[cplfw][14248]Accuracy-Flip: 0.74850+-0.02114
Training: 2025-09-05 20:56:43,171-[cplfw][14248]Accuracy-Highest: 0.75667
Training: 2025-09-05 20:56:44,022-Speed 44.58 samples/sec   Loss 0.9168 Epoch: 26   Global Step: 14250   Required: 1 hours
Training: 2025-09-05 20:57:01,224-Speed 372.04 samples/sec   Loss 0.7064 Epoch: 26   Global Step: 14300   Required: 1 hours
Training: 2025-09-05 20:57:18,433-Speed 371.91 samples/sec   Loss 0.7102 Epoch: 26   Global Step: 14350   Required: 1 hours
Training: 2025-09-05 20:57:35,643-Speed 371.87 samples/sec   Loss 0.6778 Epoch: 26   Global Step: 14400   Required: 1 hours
Training: 2025-09-05 20:57:52,853-Speed 371.88 samples/sec   Loss 0.6848 Epoch: 26   Global Step: 14450   Required: 1 hours
Training: 2025-09-05 20:58:10,069-Speed 371.74 samples/sec   Loss 0.7185 Epoch: 26   Global Step: 14500   Required: 1 hours
Training: 2025-09-05 20:58:27,293-Speed 371.57 samples/sec   Loss 0.6928 Epoch: 26   Global Step: 14550   Required: 1 hours
Training: 2025-09-05 20:58:44,512-Speed 371.69 samples/sec   Loss 0.7246 Epoch: 26   Global Step: 14600   Required: 1 hours
Training: 2025-09-05 20:59:01,732-Speed 371.66 samples/sec   Loss 0.7963 Epoch: 26   Global Step: 14650   Required: 1 hours
Training: 2025-09-05 20:59:18,954-Speed 371.61 samples/sec   Loss 0.7751 Epoch: 26   Global Step: 14700   Required: 1 hours
Training: 2025-09-05 20:59:36,176-Speed 371.63 samples/sec   Loss 0.7347 Epoch: 26   Global Step: 14750   Required: 1 hours
Training: 2025-09-05 21:00:16,401-[lfw][14796]XNorm: 20.096186
Training: 2025-09-05 21:00:16,402-[lfw][14796]Accuracy-Flip: 0.95750+-0.00860
Training: 2025-09-05 21:00:16,402-[lfw][14796]Accuracy-Highest: 0.96433
Training: 2025-09-05 21:00:44,722-[cfp_fp][14796]XNorm: 17.294321
Training: 2025-09-05 21:00:44,722-[cfp_fp][14796]Accuracy-Flip: 0.79229+-0.01749
Training: 2025-09-05 21:00:44,722-[cfp_fp][14796]Accuracy-Highest: 0.79986
Training: 2025-09-05 21:01:09,092-[agedb_30][14796]XNorm: 18.738832
Training: 2025-09-05 21:01:09,092-[agedb_30][14796]Accuracy-Flip: 0.80550+-0.01232
Training: 2025-09-05 21:01:09,092-[agedb_30][14796]Accuracy-Highest: 0.81283
Training: 2025-09-05 21:01:33,556-[calfw][14796]XNorm: 20.104063
Training: 2025-09-05 21:01:33,556-[calfw][14796]Accuracy-Flip: 0.86050+-0.01518
Training: 2025-09-05 21:01:33,556-[calfw][14796]Accuracy-Highest: 0.86317
Training: 2025-09-05 21:01:58,005-[cplfw][14796]XNorm: 17.418694
Training: 2025-09-05 21:01:58,005-[cplfw][14796]Accuracy-Flip: 0.75750+-0.02185
Training: 2025-09-05 21:01:58,005-[cplfw][14796]Accuracy-Highest: 0.75750
Training: 2025-09-05 21:01:59,579-Speed 44.63 samples/sec   Loss 0.6767 Epoch: 27   Global Step: 14800   Required: 1 hours
Training: 2025-09-05 21:02:16,780-Speed 372.07 samples/sec   Loss 0.5023 Epoch: 27   Global Step: 14850   Required: 1 hours
Training: 2025-09-05 21:02:33,989-Speed 371.91 samples/sec   Loss 0.5328 Epoch: 27   Global Step: 14900   Required: 1 hours
Training: 2025-09-05 21:02:51,199-Speed 371.86 samples/sec   Loss 0.5351 Epoch: 27   Global Step: 14950   Required: 1 hours
Training: 2025-09-05 21:03:08,412-Speed 371.83 samples/sec   Loss 0.5254 Epoch: 27   Global Step: 15000   Required: 1 hours
Training: 2025-09-05 21:03:25,627-Speed 371.77 samples/sec   Loss 0.5575 Epoch: 27   Global Step: 15050   Required: 1 hours
Training: 2025-09-05 21:03:42,846-Speed 371.69 samples/sec   Loss 0.5474 Epoch: 27   Global Step: 15100   Required: 1 hours
Training: 2025-09-05 21:04:00,063-Speed 371.73 samples/sec   Loss 0.5899 Epoch: 27   Global Step: 15150   Required: 1 hours
Training: 2025-09-05 21:04:17,280-Speed 371.71 samples/sec   Loss 0.6289 Epoch: 27   Global Step: 15200   Required: 1 hours
Training: 2025-09-05 21:04:34,498-Speed 371.71 samples/sec   Loss 0.6319 Epoch: 27   Global Step: 15250   Required: 1 hours
Training: 2025-09-05 21:04:51,718-Speed 371.66 samples/sec   Loss 0.6352 Epoch: 27   Global Step: 15300   Required: 1 hours
Training: 2025-09-05 21:05:31,252-[lfw][15344]XNorm: 20.087733
Training: 2025-09-05 21:05:31,252-[lfw][15344]Accuracy-Flip: 0.95867+-0.00763
Training: 2025-09-05 21:05:31,252-[lfw][15344]Accuracy-Highest: 0.96433
Training: 2025-09-05 21:05:59,592-[cfp_fp][15344]XNorm: 17.195909
Training: 2025-09-05 21:05:59,592-[cfp_fp][15344]Accuracy-Flip: 0.79314+-0.01639
Training: 2025-09-05 21:05:59,592-[cfp_fp][15344]Accuracy-Highest: 0.79986
Training: 2025-09-05 21:06:23,955-[agedb_30][15344]XNorm: 18.716417
Training: 2025-09-05 21:06:23,955-[agedb_30][15344]Accuracy-Flip: 0.80067+-0.01017
Training: 2025-09-05 21:06:23,955-[agedb_30][15344]Accuracy-Highest: 0.81283
Training: 2025-09-05 21:06:48,402-[calfw][15344]XNorm: 20.125516
Training: 2025-09-05 21:06:48,402-[calfw][15344]Accuracy-Flip: 0.86217+-0.01280
Training: 2025-09-05 21:06:48,402-[calfw][15344]Accuracy-Highest: 0.86317
Training: 2025-09-05 21:07:12,840-[cplfw][15344]XNorm: 17.432743
Training: 2025-09-05 21:07:12,840-[cplfw][15344]Accuracy-Flip: 0.74917+-0.02243
Training: 2025-09-05 21:07:12,840-[cplfw][15344]Accuracy-Highest: 0.75750
Training: 2025-09-05 21:07:15,075-Speed 44.64 samples/sec   Loss 0.5958 Epoch: 28   Global Step: 15350   Required: 1 hours
Training: 2025-09-05 21:07:32,279-Speed 372.01 samples/sec   Loss 0.3934 Epoch: 28   Global Step: 15400   Required: 1 hours
Training: 2025-09-05 21:07:49,483-Speed 372.00 samples/sec   Loss 0.4179 Epoch: 28   Global Step: 15450   Required: 1 hours
Training: 2025-09-05 21:08:06,693-Speed 371.88 samples/sec   Loss 0.4014 Epoch: 28   Global Step: 15500   Required: 1 hours
Training: 2025-09-05 21:08:23,905-Speed 371.84 samples/sec   Loss 0.4206 Epoch: 28   Global Step: 15550   Required: 1 hours
Training: 2025-09-05 21:08:41,122-Speed 371.74 samples/sec   Loss 0.4144 Epoch: 28   Global Step: 15600   Required: 1 hours
Training: 2025-09-05 21:08:58,338-Speed 371.74 samples/sec   Loss 0.4639 Epoch: 28   Global Step: 15650   Required: 1 hours
Training: 2025-09-05 21:09:15,548-Speed 371.88 samples/sec   Loss 0.4714 Epoch: 28   Global Step: 15700   Required: 1 hours
Training: 2025-09-05 21:09:32,763-Speed 371.78 samples/sec   Loss 0.4609 Epoch: 28   Global Step: 15750   Required: 1 hours
Training: 2025-09-05 21:09:49,979-Speed 371.75 samples/sec   Loss 0.4463 Epoch: 28   Global Step: 15800   Required: 1 hours
Training: 2025-09-05 21:10:07,196-Speed 371.72 samples/sec   Loss 0.4523 Epoch: 28   Global Step: 15850   Required: 1 hours
Training: 2025-09-05 21:10:46,040-[lfw][15892]XNorm: 20.374209
Training: 2025-09-05 21:10:46,040-[lfw][15892]Accuracy-Flip: 0.95983+-0.00804
Training: 2025-09-05 21:10:46,040-[lfw][15892]Accuracy-Highest: 0.96433
Training: 2025-09-05 21:11:14,352-[cfp_fp][15892]XNorm: 17.527287
Training: 2025-09-05 21:11:14,352-[cfp_fp][15892]Accuracy-Flip: 0.79057+-0.01963
Training: 2025-09-05 21:11:14,353-[cfp_fp][15892]Accuracy-Highest: 0.79986
Training: 2025-09-05 21:11:38,712-[agedb_30][15892]XNorm: 19.019615
Training: 2025-09-05 21:11:38,712-[agedb_30][15892]Accuracy-Flip: 0.80200+-0.01505
Training: 2025-09-05 21:11:38,712-[agedb_30][15892]Accuracy-Highest: 0.81283
Training: 2025-09-05 21:12:03,153-[calfw][15892]XNorm: 20.399032
Training: 2025-09-05 21:12:03,154-[calfw][15892]Accuracy-Flip: 0.85617+-0.01595
Training: 2025-09-05 21:12:03,154-[calfw][15892]Accuracy-Highest: 0.86317
Training: 2025-09-05 21:12:27,583-[cplfw][15892]XNorm: 17.752567
Training: 2025-09-05 21:12:27,583-[cplfw][15892]Accuracy-Flip: 0.75200+-0.02263
Training: 2025-09-05 21:12:27,583-[cplfw][15892]Accuracy-Highest: 0.75750
Training: 2025-09-05 21:12:30,519-Speed 44.65 samples/sec   Loss 0.4305 Epoch: 29   Global Step: 15900   Required: 1 hours
Training: 2025-09-05 21:12:47,712-Speed 372.25 samples/sec   Loss 0.2903 Epoch: 29   Global Step: 15950   Required: 1 hours
Training: 2025-09-05 21:13:04,914-Speed 372.04 samples/sec   Loss 0.3007 Epoch: 29   Global Step: 16000   Required: 1 hours
Training: 2025-09-05 21:13:22,120-Speed 371.97 samples/sec   Loss 0.2839 Epoch: 29   Global Step: 16050   Required: 1 hours
Training: 2025-09-05 21:13:39,334-Speed 371.80 samples/sec   Loss 0.3123 Epoch: 29   Global Step: 16100   Required: 1 hours
Training: 2025-09-05 21:13:56,544-Speed 371.88 samples/sec   Loss 0.3049 Epoch: 29   Global Step: 16150   Required: 1 hours
Training: 2025-09-05 21:14:13,761-Speed 371.73 samples/sec   Loss 0.2722 Epoch: 29   Global Step: 16200   Required: 1 hours
Training: 2025-09-05 21:14:30,978-Speed 371.73 samples/sec   Loss 0.2979 Epoch: 29   Global Step: 16250   Required: 1 hours
Training: 2025-09-05 21:14:48,194-Speed 371.74 samples/sec   Loss 0.3277 Epoch: 29   Global Step: 16300   Required: 1 hours
Training: 2025-09-05 21:15:05,410-Speed 371.75 samples/sec   Loss 0.2956 Epoch: 29   Global Step: 16350   Required: 1 hours
Training: 2025-09-05 21:15:22,627-Speed 371.73 samples/sec   Loss 0.2963 Epoch: 29   Global Step: 16400   Required: 1 hours
Training: 2025-09-05 21:16:00,778-[lfw][16440]XNorm: 19.887661
Training: 2025-09-05 21:16:00,778-[lfw][16440]Accuracy-Flip: 0.95900+-0.00793
Training: 2025-09-05 21:16:00,778-[lfw][16440]Accuracy-Highest: 0.96433
Training: 2025-09-05 21:16:29,156-[cfp_fp][16440]XNorm: 17.142355
Training: 2025-09-05 21:16:29,156-[cfp_fp][16440]Accuracy-Flip: 0.79600+-0.01676
Training: 2025-09-05 21:16:29,156-[cfp_fp][16440]Accuracy-Highest: 0.79986
Training: 2025-09-05 21:16:53,516-[agedb_30][16440]XNorm: 18.556592
Training: 2025-09-05 21:16:53,516-[agedb_30][16440]Accuracy-Flip: 0.80417+-0.01478
Training: 2025-09-05 21:16:53,516-[agedb_30][16440]Accuracy-Highest: 0.81283
Training: 2025-09-05 21:17:17,961-[calfw][16440]XNorm: 19.914649
Training: 2025-09-05 21:17:17,962-[calfw][16440]Accuracy-Flip: 0.85917+-0.01542
Training: 2025-09-05 21:17:17,962-[calfw][16440]Accuracy-Highest: 0.86317
Training: 2025-09-05 21:17:42,400-[cplfw][16440]XNorm: 17.298746
Training: 2025-09-05 21:17:42,400-[cplfw][16440]Accuracy-Flip: 0.75617+-0.02527
Training: 2025-09-05 21:17:42,400-[cplfw][16440]Accuracy-Highest: 0.75750
Training: 2025-09-05 21:17:46,011-Speed 44.64 samples/sec   Loss 0.2854 Epoch: 30   Global Step: 16450   Required: 1 hours
Training: 2025-09-05 21:18:03,202-Speed 372.29 samples/sec   Loss 0.2943 Epoch: 30   Global Step: 16500   Required: 1 hours
Training: 2025-09-05 21:18:20,401-Speed 372.10 samples/sec   Loss 0.2840 Epoch: 30   Global Step: 16550   Required: 1 hours
Training: 2025-09-05 21:18:37,609-Speed 371.93 samples/sec   Loss 0.2541 Epoch: 30   Global Step: 16600   Required: 1 hours
Training: 2025-09-05 21:18:54,815-Speed 371.96 samples/sec   Loss 0.2738 Epoch: 30   Global Step: 16650   Required: 1 hours
Training: 2025-09-05 21:19:12,023-Speed 371.93 samples/sec   Loss 0.2639 Epoch: 30   Global Step: 16700   Required: 1 hours
Training: 2025-09-05 21:19:29,236-Speed 371.81 samples/sec   Loss 0.2682 Epoch: 30   Global Step: 16750   Required: 1 hours
Training: 2025-09-05 21:19:46,451-Speed 371.78 samples/sec   Loss 0.3055 Epoch: 30   Global Step: 16800   Required: 1 hours
Training: 2025-09-05 21:20:03,674-Speed 371.60 samples/sec   Loss 0.2462 Epoch: 30   Global Step: 16850   Required: 1 hours
Training: 2025-09-05 21:20:20,893-Speed 371.68 samples/sec   Loss 0.2543 Epoch: 30   Global Step: 16900   Required: 1 hours
Training: 2025-09-05 21:20:38,109-Speed 371.74 samples/sec   Loss 0.2766 Epoch: 30   Global Step: 16950   Required: 1 hours
Training: 2025-09-05 21:21:15,577-[lfw][16988]XNorm: 20.086506
Training: 2025-09-05 21:21:15,577-[lfw][16988]Accuracy-Flip: 0.95967+-0.00846
Training: 2025-09-05 21:21:15,577-[lfw][16988]Accuracy-Highest: 0.96433
Training: 2025-09-05 21:21:43,903-[cfp_fp][16988]XNorm: 17.287229
Training: 2025-09-05 21:21:43,903-[cfp_fp][16988]Accuracy-Flip: 0.79686+-0.01683
Training: 2025-09-05 21:21:43,903-[cfp_fp][16988]Accuracy-Highest: 0.79986
Training: 2025-09-05 21:22:08,274-[agedb_30][16988]XNorm: 18.727177
Training: 2025-09-05 21:22:08,274-[agedb_30][16988]Accuracy-Flip: 0.80100+-0.01272
Training: 2025-09-05 21:22:08,274-[agedb_30][16988]Accuracy-Highest: 0.81283
Training: 2025-09-05 21:22:32,735-[calfw][16988]XNorm: 20.116857
Training: 2025-09-05 21:22:32,735-[calfw][16988]Accuracy-Flip: 0.86067+-0.01461
Training: 2025-09-05 21:22:32,735-[calfw][16988]Accuracy-Highest: 0.86317
Training: 2025-09-05 21:22:57,180-[cplfw][16988]XNorm: 17.477976
Training: 2025-09-05 21:22:57,180-[cplfw][16988]Accuracy-Flip: 0.74933+-0.02582
Training: 2025-09-05 21:22:57,180-[cplfw][16988]Accuracy-Highest: 0.75750
Training: 2025-09-05 21:23:01,485-Speed 44.64 samples/sec   Loss 0.2533 Epoch: 31   Global Step: 17000   Required: 1 hours
Training: 2025-09-05 21:23:18,685-Speed 372.10 samples/sec   Loss 0.2546 Epoch: 31   Global Step: 17050   Required: 1 hours
Training: 2025-09-05 21:23:35,893-Speed 371.92 samples/sec   Loss 0.2592 Epoch: 31   Global Step: 17100   Required: 1 hours
Training: 2025-09-05 21:23:53,098-Speed 371.97 samples/sec   Loss 0.2504 Epoch: 31   Global Step: 17150   Required: 1 hours
Training: 2025-09-05 21:24:10,311-Speed 371.82 samples/sec   Loss 0.2596 Epoch: 31   Global Step: 17200   Required: 1 hours
Training: 2025-09-05 21:24:27,524-Speed 371.81 samples/sec   Loss 0.2477 Epoch: 31   Global Step: 17250   Required: 1 hours
Training: 2025-09-05 21:24:44,734-Speed 371.88 samples/sec   Loss 0.2391 Epoch: 31   Global Step: 17300   Required: 1 hours
Training: 2025-09-05 21:25:01,950-Speed 371.77 samples/sec   Loss 0.2315 Epoch: 31   Global Step: 17350   Required: 1 hours
Training: 2025-09-05 21:25:19,167-Speed 371.73 samples/sec   Loss 0.2548 Epoch: 31   Global Step: 17400   Required: 1 hours
Training: 2025-09-05 21:25:36,385-Speed 371.71 samples/sec   Loss 0.2468 Epoch: 31   Global Step: 17450   Required: 1 hours
Training: 2025-09-05 21:25:53,604-Speed 371.69 samples/sec   Loss 0.2431 Epoch: 31   Global Step: 17500   Required: 1 hours
Training: 2025-09-05 21:26:30,377-[lfw][17536]XNorm: 20.093551
Training: 2025-09-05 21:26:30,377-[lfw][17536]Accuracy-Flip: 0.95783+-0.00955
Training: 2025-09-05 21:26:30,377-[lfw][17536]Accuracy-Highest: 0.96433
Training: 2025-09-05 21:26:58,697-[cfp_fp][17536]XNorm: 17.290924
Training: 2025-09-05 21:26:58,697-[cfp_fp][17536]Accuracy-Flip: 0.79371+-0.01975
Training: 2025-09-05 21:26:58,697-[cfp_fp][17536]Accuracy-Highest: 0.79986
Training: 2025-09-05 21:27:23,061-[agedb_30][17536]XNorm: 18.761092
Training: 2025-09-05 21:27:23,061-[agedb_30][17536]Accuracy-Flip: 0.80550+-0.01116
Training: 2025-09-05 21:27:23,061-[agedb_30][17536]Accuracy-Highest: 0.81283
Training: 2025-09-05 21:27:47,517-[calfw][17536]XNorm: 20.121471
Training: 2025-09-05 21:27:47,517-[calfw][17536]Accuracy-Flip: 0.85867+-0.01451
Training: 2025-09-05 21:27:47,518-[calfw][17536]Accuracy-Highest: 0.86317
Training: 2025-09-05 21:28:11,950-[cplfw][17536]XNorm: 17.490032
Training: 2025-09-05 21:28:11,950-[cplfw][17536]Accuracy-Flip: 0.75467+-0.02459
Training: 2025-09-05 21:28:11,950-[cplfw][17536]Accuracy-Highest: 0.75750
Training: 2025-09-05 21:28:16,908-Speed 44.66 samples/sec   Loss 0.2467 Epoch: 32   Global Step: 17550   Required: 1 hours
Training: 2025-09-05 21:28:34,101-Speed 372.23 samples/sec   Loss 0.2133 Epoch: 32   Global Step: 17600   Required: 1 hours
Training: 2025-09-05 21:28:51,305-Speed 372.02 samples/sec   Loss 0.2491 Epoch: 32   Global Step: 17650   Required: 1 hours
Training: 2025-09-05 21:29:08,514-Speed 371.90 samples/sec   Loss 0.2331 Epoch: 32   Global Step: 17700   Required: 1 hours
Training: 2025-09-05 21:29:25,728-Speed 371.79 samples/sec   Loss 0.2312 Epoch: 32   Global Step: 17750   Required: 1 hours
Training: 2025-09-05 21:29:42,941-Speed 371.82 samples/sec   Loss 0.2145 Epoch: 32   Global Step: 17800   Required: 1 hours
Training: 2025-09-05 21:30:00,158-Speed 371.72 samples/sec   Loss 0.2347 Epoch: 32   Global Step: 17850   Required: 1 hours
Training: 2025-09-05 21:30:17,374-Speed 371.76 samples/sec   Loss 0.2388 Epoch: 32   Global Step: 17900   Required: 1 hours
Training: 2025-09-05 21:30:34,586-Speed 371.83 samples/sec   Loss 0.2345 Epoch: 32   Global Step: 17950   Required: 1 hours
Training: 2025-09-05 21:30:51,797-Speed 371.85 samples/sec   Loss 0.2369 Epoch: 32   Global Step: 18000   Required: 1 hours
Training: 2025-09-05 21:31:09,014-Speed 371.73 samples/sec   Loss 0.2309 Epoch: 32   Global Step: 18050   Required: 1 hours
Training: 2025-09-05 21:31:45,103-[lfw][18084]XNorm: 20.073049
Training: 2025-09-05 21:31:45,103-[lfw][18084]Accuracy-Flip: 0.95650+-0.01109
Training: 2025-09-05 21:31:45,103-[lfw][18084]Accuracy-Highest: 0.96433
Training: 2025-09-05 21:32:13,444-[cfp_fp][18084]XNorm: 17.277749
Training: 2025-09-05 21:32:13,444-[cfp_fp][18084]Accuracy-Flip: 0.79457+-0.01744
Training: 2025-09-05 21:32:13,444-[cfp_fp][18084]Accuracy-Highest: 0.79986
Training: 2025-09-05 21:32:37,912-[agedb_30][18084]XNorm: 18.730398
Training: 2025-09-05 21:32:37,912-[agedb_30][18084]Accuracy-Flip: 0.80167+-0.01033
Training: 2025-09-05 21:32:37,912-[agedb_30][18084]Accuracy-Highest: 0.81283
Training: 2025-09-05 21:33:02,386-[calfw][18084]XNorm: 20.104505
Training: 2025-09-05 21:33:02,386-[calfw][18084]Accuracy-Flip: 0.85683+-0.01539
Training: 2025-09-05 21:33:02,386-[calfw][18084]Accuracy-Highest: 0.86317
Training: 2025-09-05 21:33:26,823-[cplfw][18084]XNorm: 17.464722
Training: 2025-09-05 21:33:26,824-[cplfw][18084]Accuracy-Flip: 0.75367+-0.02408
Training: 2025-09-05 21:33:26,824-[cplfw][18084]Accuracy-Highest: 0.75750
Training: 2025-09-05 21:33:32,506-Speed 44.60 samples/sec   Loss 0.2123 Epoch: 33   Global Step: 18100   Required: 1 hours
Training: 2025-09-05 21:33:49,707-Speed 372.07 samples/sec   Loss 0.2064 Epoch: 33   Global Step: 18150   Required: 1 hours
Training: 2025-09-05 21:34:06,908-Speed 372.07 samples/sec   Loss 0.2352 Epoch: 33   Global Step: 18200   Required: 1 hours
Training: 2025-09-05 21:34:24,111-Speed 372.03 samples/sec   Loss 0.2293 Epoch: 33   Global Step: 18250   Required: 1 hours
Training: 2025-09-05 21:34:41,324-Speed 371.81 samples/sec   Loss 0.2356 Epoch: 33   Global Step: 18300   Required: 1 hours
Training: 2025-09-05 21:34:58,536-Speed 371.84 samples/sec   Loss 0.2125 Epoch: 33   Global Step: 18350   Required: 1 hours
Training: 2025-09-05 21:35:15,746-Speed 371.88 samples/sec   Loss 0.2358 Epoch: 33   Global Step: 18400   Required: 1 hours
Training: 2025-09-05 21:35:32,965-Speed 371.70 samples/sec   Loss 0.2040 Epoch: 33   Global Step: 18450   Required: 1 hours
Training: 2025-09-05 21:35:50,178-Speed 371.80 samples/sec   Loss 0.2107 Epoch: 33   Global Step: 18500   Required: 1 hours
Training: 2025-09-05 21:36:07,394-Speed 371.75 samples/sec   Loss 0.2240 Epoch: 33   Global Step: 18550   Required: 1 hours
Training: 2025-09-05 21:36:24,611-Speed 371.73 samples/sec   Loss 0.2127 Epoch: 33   Global Step: 18600   Required: 1 hours
Training: 2025-09-05 21:37:00,018-[lfw][18632]XNorm: 20.047715
Training: 2025-09-05 21:37:00,018-[lfw][18632]Accuracy-Flip: 0.95533+-0.01046
Training: 2025-09-05 21:37:00,018-[lfw][18632]Accuracy-Highest: 0.96433
Training: 2025-09-05 21:37:28,340-[cfp_fp][18632]XNorm: 17.273915
Training: 2025-09-05 21:37:28,340-[cfp_fp][18632]Accuracy-Flip: 0.79586+-0.01988
Training: 2025-09-05 21:37:28,340-[cfp_fp][18632]Accuracy-Highest: 0.79986
Training: 2025-09-05 21:37:52,712-[agedb_30][18632]XNorm: 18.712713
Training: 2025-09-05 21:37:52,712-[agedb_30][18632]Accuracy-Flip: 0.80317+-0.01097
Training: 2025-09-05 21:37:52,712-[agedb_30][18632]Accuracy-Highest: 0.81283
Training: 2025-09-05 21:38:17,168-[calfw][18632]XNorm: 20.080108
Training: 2025-09-05 21:38:17,168-[calfw][18632]Accuracy-Flip: 0.85767+-0.01359
Training: 2025-09-05 21:38:17,168-[calfw][18632]Accuracy-Highest: 0.86317
Training: 2025-09-05 21:38:41,611-[cplfw][18632]XNorm: 17.438053
Training: 2025-09-05 21:38:41,611-[cplfw][18632]Accuracy-Flip: 0.75433+-0.02661
Training: 2025-09-05 21:38:41,611-[cplfw][18632]Accuracy-Highest: 0.75750
Training: 2025-09-05 21:38:47,939-Speed 44.65 samples/sec   Loss 0.2127 Epoch: 34   Global Step: 18650   Required: 1 hours
Training: 2025-09-05 21:39:05,142-Speed 372.02 samples/sec   Loss 0.1929 Epoch: 34   Global Step: 18700   Required: 1 hours
Training: 2025-09-05 21:39:22,350-Speed 371.92 samples/sec   Loss 0.1806 Epoch: 34   Global Step: 18750   Required: 1 hours
Training: 2025-09-05 21:39:39,562-Speed 371.84 samples/sec   Loss 0.2077 Epoch: 34   Global Step: 18800   Required: 1 hours
Training: 2025-09-05 21:39:56,775-Speed 371.82 samples/sec   Loss 0.2058 Epoch: 34   Global Step: 18850   Required: 0 hours
Training: 2025-09-05 21:40:13,990-Speed 371.76 samples/sec   Loss 0.2012 Epoch: 34   Global Step: 18900   Required: 0 hours
Training: 2025-09-05 21:40:31,201-Speed 371.87 samples/sec   Loss 0.2072 Epoch: 34   Global Step: 18950   Required: 0 hours
Training: 2025-09-05 21:40:48,412-Speed 371.84 samples/sec   Loss 0.1864 Epoch: 34   Global Step: 19000   Required: 0 hours
Training: 2025-09-05 21:41:05,631-Speed 371.69 samples/sec   Loss 0.2007 Epoch: 34   Global Step: 19050   Required: 0 hours
Training: 2025-09-05 21:41:22,847-Speed 371.76 samples/sec   Loss 0.2086 Epoch: 34   Global Step: 19100   Required: 0 hours
Training: 2025-09-05 21:41:40,059-Speed 371.83 samples/sec   Loss 0.1984 Epoch: 34   Global Step: 19150   Required: 0 hours
Training: 2025-09-05 21:42:14,782-[lfw][19180]XNorm: 20.023093
Training: 2025-09-05 21:42:14,782-[lfw][19180]Accuracy-Flip: 0.95567+-0.01106
Training: 2025-09-05 21:42:14,782-[lfw][19180]Accuracy-Highest: 0.96433
Training: 2025-09-05 21:42:43,156-[cfp_fp][19180]XNorm: 17.240813
Training: 2025-09-05 21:42:43,156-[cfp_fp][19180]Accuracy-Flip: 0.79043+-0.01827
Training: 2025-09-05 21:42:43,157-[cfp_fp][19180]Accuracy-Highest: 0.79986
Training: 2025-09-05 21:43:07,510-[agedb_30][19180]XNorm: 18.676761
Training: 2025-09-05 21:43:07,510-[agedb_30][19180]Accuracy-Flip: 0.80667+-0.01190
Training: 2025-09-05 21:43:07,510-[agedb_30][19180]Accuracy-Highest: 0.81283
Training: 2025-09-05 21:43:31,953-[calfw][19180]XNorm: 20.051754
Training: 2025-09-05 21:43:31,953-[calfw][19180]Accuracy-Flip: 0.86033+-0.01420
Training: 2025-09-05 21:43:31,953-[calfw][19180]Accuracy-Highest: 0.86317
Training: 2025-09-05 21:43:56,383-[cplfw][19180]XNorm: 17.416072
Training: 2025-09-05 21:43:56,384-[cplfw][19180]Accuracy-Flip: 0.75183+-0.02549
Training: 2025-09-05 21:43:56,384-[cplfw][19180]Accuracy-Highest: 0.75750
Training: 2025-09-05 21:44:03,426-Speed 44.64 samples/sec   Loss 0.1969 Epoch: 35   Global Step: 19200   Required: 0 hours
Training: 2025-09-05 21:44:20,625-Speed 372.11 samples/sec   Loss 0.1887 Epoch: 35   Global Step: 19250   Required: 0 hours
Training: 2025-09-05 21:44:37,829-Speed 372.02 samples/sec   Loss 0.1763 Epoch: 35   Global Step: 19300   Required: 0 hours
Training: 2025-09-05 21:44:55,032-Speed 372.02 samples/sec   Loss 0.1892 Epoch: 35   Global Step: 19350   Required: 0 hours
Training: 2025-09-05 21:45:12,238-Speed 371.97 samples/sec   Loss 0.1879 Epoch: 35   Global Step: 19400   Required: 0 hours
Training: 2025-09-05 21:45:29,447-Speed 371.90 samples/sec   Loss 0.1894 Epoch: 35   Global Step: 19450   Required: 0 hours
Training: 2025-09-05 21:45:46,661-Speed 371.79 samples/sec   Loss 0.1837 Epoch: 35   Global Step: 19500   Required: 0 hours
Training: 2025-09-05 21:46:03,876-Speed 371.77 samples/sec   Loss 0.1926 Epoch: 35   Global Step: 19550   Required: 0 hours
Training: 2025-09-05 21:46:21,093-Speed 371.74 samples/sec   Loss 0.1740 Epoch: 35   Global Step: 19600   Required: 0 hours
Training: 2025-09-05 21:46:38,309-Speed 371.74 samples/sec   Loss 0.1958 Epoch: 35   Global Step: 19650   Required: 0 hours
Training: 2025-09-05 21:46:55,523-Speed 371.79 samples/sec   Loss 0.2132 Epoch: 35   Global Step: 19700   Required: 0 hours
Training: 2025-09-05 21:47:29,519-[lfw][19728]XNorm: 19.990576
Training: 2025-09-05 21:47:29,519-[lfw][19728]Accuracy-Flip: 0.95933+-0.00754
Training: 2025-09-05 21:47:29,519-[lfw][19728]Accuracy-Highest: 0.96433
Training: 2025-09-05 21:47:57,975-[cfp_fp][19728]XNorm: 17.212953
Training: 2025-09-05 21:47:57,975-[cfp_fp][19728]Accuracy-Flip: 0.79014+-0.01749
Training: 2025-09-05 21:47:57,975-[cfp_fp][19728]Accuracy-Highest: 0.79986
Training: 2025-09-05 21:48:22,324-[agedb_30][19728]XNorm: 18.641649
Training: 2025-09-05 21:48:22,324-[agedb_30][19728]Accuracy-Flip: 0.80200+-0.00974
Training: 2025-09-05 21:48:22,324-[agedb_30][19728]Accuracy-Highest: 0.81283
Training: 2025-09-05 21:48:46,778-[calfw][19728]XNorm: 20.010929
Training: 2025-09-05 21:48:46,779-[calfw][19728]Accuracy-Flip: 0.85717+-0.01308
Training: 2025-09-05 21:48:46,779-[calfw][19728]Accuracy-Highest: 0.86317
Training: 2025-09-05 21:49:11,206-[cplfw][19728]XNorm: 17.386207
Training: 2025-09-05 21:49:11,206-[cplfw][19728]Accuracy-Flip: 0.75217+-0.02305
Training: 2025-09-05 21:49:11,207-[cplfw][19728]Accuracy-Highest: 0.75750
Training: 2025-09-05 21:49:18,923-Speed 44.63 samples/sec   Loss 0.1847 Epoch: 36   Global Step: 19750   Required: 0 hours
Training: 2025-09-05 21:49:36,117-Speed 372.23 samples/sec   Loss 0.1945 Epoch: 36   Global Step: 19800   Required: 0 hours
Training: 2025-09-05 21:49:53,317-Speed 372.09 samples/sec   Loss 0.1895 Epoch: 36   Global Step: 19850   Required: 0 hours
Training: 2025-09-05 21:50:10,522-Speed 371.99 samples/sec   Loss 0.1873 Epoch: 36   Global Step: 19900   Required: 0 hours
Training: 2025-09-05 21:50:27,730-Speed 371.92 samples/sec   Loss 0.1819 Epoch: 36   Global Step: 19950   Required: 0 hours
Training: 2025-09-05 21:50:44,942-Speed 371.83 samples/sec   Loss 0.1881 Epoch: 36   Global Step: 20000   Required: 0 hours
Training: 2025-09-05 21:51:02,154-Speed 371.84 samples/sec   Loss 0.1810 Epoch: 36   Global Step: 20050   Required: 0 hours
Training: 2025-09-05 21:51:19,368-Speed 371.79 samples/sec   Loss 0.1680 Epoch: 36   Global Step: 20100   Required: 0 hours
Training: 2025-09-05 21:51:36,582-Speed 371.78 samples/sec   Loss 0.1784 Epoch: 36   Global Step: 20150   Required: 0 hours
Training: 2025-09-05 21:51:53,800-Speed 371.73 samples/sec   Loss 0.1957 Epoch: 36   Global Step: 20200   Required: 0 hours
Training: 2025-09-05 21:52:11,009-Speed 371.88 samples/sec   Loss 0.1794 Epoch: 36   Global Step: 20250   Required: 0 hours
Training: 2025-09-05 21:52:44,334-[lfw][20276]XNorm: 20.075320
Training: 2025-09-05 21:52:44,334-[lfw][20276]Accuracy-Flip: 0.95933+-0.00863
Training: 2025-09-05 21:52:44,334-[lfw][20276]Accuracy-Highest: 0.96433
Training: 2025-09-05 21:53:12,639-[cfp_fp][20276]XNorm: 17.283658
Training: 2025-09-05 21:53:12,639-[cfp_fp][20276]Accuracy-Flip: 0.79400+-0.01903
Training: 2025-09-05 21:53:12,639-[cfp_fp][20276]Accuracy-Highest: 0.79986
Training: 2025-09-05 21:53:36,987-[agedb_30][20276]XNorm: 18.739249
Training: 2025-09-05 21:53:36,987-[agedb_30][20276]Accuracy-Flip: 0.80233+-0.01155
Training: 2025-09-05 21:53:36,987-[agedb_30][20276]Accuracy-Highest: 0.81283
Training: 2025-09-05 21:54:01,567-[calfw][20276]XNorm: 20.107778
Training: 2025-09-05 21:54:01,567-[calfw][20276]Accuracy-Flip: 0.85750+-0.01379
Training: 2025-09-05 21:54:01,567-[calfw][20276]Accuracy-Highest: 0.86317
Training: 2025-09-05 21:54:26,011-[cplfw][20276]XNorm: 17.459043
Training: 2025-09-05 21:54:26,011-[cplfw][20276]Accuracy-Flip: 0.75283+-0.02430
Training: 2025-09-05 21:54:26,011-[cplfw][20276]Accuracy-Highest: 0.75750
Training: 2025-09-05 21:54:34,438-Speed 44.62 samples/sec   Loss 0.1819 Epoch: 37   Global Step: 20300   Required: 0 hours
Training: 2025-09-05 21:54:51,635-Speed 372.16 samples/sec   Loss 0.1847 Epoch: 37   Global Step: 20350   Required: 0 hours
Training: 2025-09-05 21:55:08,838-Speed 372.04 samples/sec   Loss 0.1945 Epoch: 37   Global Step: 20400   Required: 0 hours
Training: 2025-09-05 21:55:26,040-Speed 372.05 samples/sec   Loss 0.1866 Epoch: 37   Global Step: 20450   Required: 0 hours
Training: 2025-09-05 21:55:43,250-Speed 371.88 samples/sec   Loss 0.1896 Epoch: 37   Global Step: 20500   Required: 0 hours
Training: 2025-09-05 21:56:00,459-Speed 371.88 samples/sec   Loss 0.1768 Epoch: 37   Global Step: 20550   Required: 0 hours
Training: 2025-09-05 21:56:17,674-Speed 371.79 samples/sec   Loss 0.1843 Epoch: 37   Global Step: 20600   Required: 0 hours
Training: 2025-09-05 21:56:34,889-Speed 371.77 samples/sec   Loss 0.1854 Epoch: 37   Global Step: 20650   Required: 0 hours
Training: 2025-09-05 21:56:52,104-Speed 371.76 samples/sec   Loss 0.1844 Epoch: 37   Global Step: 20700   Required: 0 hours
Training: 2025-09-05 21:57:09,318-Speed 371.80 samples/sec   Loss 0.1986 Epoch: 37   Global Step: 20750   Required: 0 hours
Training: 2025-09-05 21:57:26,534-Speed 371.74 samples/sec   Loss 0.1672 Epoch: 37   Global Step: 20800   Required: 0 hours
Training: 2025-09-05 21:57:59,157-[lfw][20824]XNorm: 20.044653
Training: 2025-09-05 21:57:59,157-[lfw][20824]Accuracy-Flip: 0.95967+-0.00718
Training: 2025-09-05 21:57:59,157-[lfw][20824]Accuracy-Highest: 0.96433
Training: 2025-09-05 21:58:27,671-[cfp_fp][20824]XNorm: 17.266825
Training: 2025-09-05 21:58:27,671-[cfp_fp][20824]Accuracy-Flip: 0.79200+-0.01938
Training: 2025-09-05 21:58:27,671-[cfp_fp][20824]Accuracy-Highest: 0.79986
Training: 2025-09-05 21:58:52,063-[agedb_30][20824]XNorm: 18.683746
Training: 2025-09-05 21:58:52,063-[agedb_30][20824]Accuracy-Flip: 0.80683+-0.01389
Training: 2025-09-05 21:58:52,063-[agedb_30][20824]Accuracy-Highest: 0.81283
Training: 2025-09-05 21:59:16,514-[calfw][20824]XNorm: 20.068939
Training: 2025-09-05 21:59:16,514-[calfw][20824]Accuracy-Flip: 0.86167+-0.01504
Training: 2025-09-05 21:59:16,514-[calfw][20824]Accuracy-Highest: 0.86317
Training: 2025-09-05 21:59:40,937-[cplfw][20824]XNorm: 17.436920
Training: 2025-09-05 21:59:40,937-[cplfw][20824]Accuracy-Flip: 0.75517+-0.02410
Training: 2025-09-05 21:59:40,937-[cplfw][20824]Accuracy-Highest: 0.75750
Training: 2025-09-05 21:59:50,011-Speed 44.61 samples/sec   Loss 0.1945 Epoch: 38   Global Step: 20850   Required: 0 hours
Training: 2025-09-05 22:00:07,211-Speed 372.10 samples/sec   Loss 0.1621 Epoch: 38   Global Step: 20900   Required: 0 hours
Training: 2025-09-05 22:00:24,419-Speed 371.93 samples/sec   Loss 0.1981 Epoch: 38   Global Step: 20950   Required: 0 hours
Training: 2025-09-05 22:00:41,633-Speed 371.78 samples/sec   Loss 0.1777 Epoch: 38   Global Step: 21000   Required: 0 hours
Training: 2025-09-05 22:00:58,845-Speed 371.84 samples/sec   Loss 0.1922 Epoch: 38   Global Step: 21050   Required: 0 hours
Training: 2025-09-05 22:01:16,062-Speed 371.73 samples/sec   Loss 0.1820 Epoch: 38   Global Step: 21100   Required: 0 hours
Training: 2025-09-05 22:01:33,276-Speed 371.80 samples/sec   Loss 0.1898 Epoch: 38   Global Step: 21150   Required: 0 hours
Training: 2025-09-05 22:01:50,492-Speed 371.75 samples/sec   Loss 0.2108 Epoch: 38   Global Step: 21200   Required: 0 hours
Training: 2025-09-05 22:02:07,711-Speed 371.69 samples/sec   Loss 0.1724 Epoch: 38   Global Step: 21250   Required: 0 hours
Training: 2025-09-05 22:02:24,928-Speed 371.72 samples/sec   Loss 0.1864 Epoch: 38   Global Step: 21300   Required: 0 hours
Training: 2025-09-05 22:02:42,146-Speed 371.70 samples/sec   Loss 0.1606 Epoch: 38   Global Step: 21350   Required: 0 hours
Training: 2025-09-05 22:03:14,091-[lfw][21372]XNorm: 19.993962
Training: 2025-09-05 22:03:14,091-[lfw][21372]Accuracy-Flip: 0.95867+-0.00770
Training: 2025-09-05 22:03:14,091-[lfw][21372]Accuracy-Highest: 0.96433
Training: 2025-09-05 22:03:42,412-[cfp_fp][21372]XNorm: 17.222708
Training: 2025-09-05 22:03:42,412-[cfp_fp][21372]Accuracy-Flip: 0.79114+-0.01803
Training: 2025-09-05 22:03:42,412-[cfp_fp][21372]Accuracy-Highest: 0.79986
Training: 2025-09-05 22:04:06,775-[agedb_30][21372]XNorm: 18.634510
Training: 2025-09-05 22:04:06,775-[agedb_30][21372]Accuracy-Flip: 0.80717+-0.01243
Training: 2025-09-05 22:04:06,776-[agedb_30][21372]Accuracy-Highest: 0.81283
Training: 2025-09-05 22:04:31,229-[calfw][21372]XNorm: 20.008712
Training: 2025-09-05 22:04:31,229-[calfw][21372]Accuracy-Flip: 0.86117+-0.01528
Training: 2025-09-05 22:04:31,229-[calfw][21372]Accuracy-Highest: 0.86317
Training: 2025-09-05 22:04:55,668-[cplfw][21372]XNorm: 17.386837
Training: 2025-09-05 22:04:55,668-[cplfw][21372]Accuracy-Flip: 0.75550+-0.02477
Training: 2025-09-05 22:04:55,668-[cplfw][21372]Accuracy-Highest: 0.75750
Training: 2025-09-05 22:05:05,438-Speed 44.66 samples/sec   Loss 0.1865 Epoch: 39   Global Step: 21400   Required: 0 hours
Training: 2025-09-05 22:05:22,634-Speed 372.17 samples/sec   Loss 0.1787 Epoch: 39   Global Step: 21450   Required: 0 hours
Training: 2025-09-05 22:05:39,840-Speed 371.98 samples/sec   Loss 0.1755 Epoch: 39   Global Step: 21500   Required: 0 hours
Training: 2025-09-05 22:05:57,049-Speed 371.89 samples/sec   Loss 0.1926 Epoch: 39   Global Step: 21550   Required: 0 hours
Training: 2025-09-05 22:06:14,264-Speed 371.77 samples/sec   Loss 0.1854 Epoch: 39   Global Step: 21600   Required: 0 hours
Training: 2025-09-05 22:06:31,480-Speed 371.75 samples/sec   Loss 0.1665 Epoch: 39   Global Step: 21650   Required: 0 hours
Training: 2025-09-05 22:06:48,697-Speed 371.73 samples/sec   Loss 0.1745 Epoch: 39   Global Step: 21700   Required: 0 hours
Training: 2025-09-05 22:07:05,917-Speed 371.67 samples/sec   Loss 0.1648 Epoch: 39   Global Step: 21750   Required: 0 hours
Training: 2025-09-05 22:07:23,134-Speed 371.72 samples/sec   Loss 0.1819 Epoch: 39   Global Step: 21800   Required: 0 hours
Training: 2025-09-05 22:07:40,355-Speed 371.64 samples/sec   Loss 0.1843 Epoch: 39   Global Step: 21850   Required: 0 hours
Training: 2025-09-05 22:07:57,575-Speed 371.66 samples/sec   Loss 0.1860 Epoch: 39   Global Step: 21900   Required: 0 hours
Training: 2025-09-05 22:08:28,854-[lfw][21920]XNorm: 20.019710
Training: 2025-09-05 22:08:28,854-[lfw][21920]Accuracy-Flip: 0.95717+-0.00823
Training: 2025-09-05 22:08:28,854-[lfw][21920]Accuracy-Highest: 0.96433
Training: 2025-09-05 22:08:57,186-[cfp_fp][21920]XNorm: 17.252561
Training: 2025-09-05 22:08:57,186-[cfp_fp][21920]Accuracy-Flip: 0.79486+-0.01945
Training: 2025-09-05 22:08:57,186-[cfp_fp][21920]Accuracy-Highest: 0.79986
Training: 2025-09-05 22:09:21,557-[agedb_30][21920]XNorm: 18.683628
Training: 2025-09-05 22:09:21,557-[agedb_30][21920]Accuracy-Flip: 0.80217+-0.01121
Training: 2025-09-05 22:09:21,557-[agedb_30][21920]Accuracy-Highest: 0.81283
Training: 2025-09-05 22:09:46,018-[calfw][21920]XNorm: 20.047400
Training: 2025-09-05 22:09:46,018-[calfw][21920]Accuracy-Flip: 0.86000+-0.01453
Training: 2025-09-05 22:09:46,018-[calfw][21920]Accuracy-Highest: 0.86317
Training: 2025-09-05 22:10:10,467-[cplfw][21920]XNorm: 17.409396
Training: 2025-09-05 22:10:10,467-[cplfw][21920]Accuracy-Flip: 0.75483+-0.02702
Training: 2025-09-05 22:10:10,467-[cplfw][21920]Accuracy-Highest: 0.75750
