Training: 2025-08-16 09:01:10,791-rank_id: 0
Training: 2025-08-16 09:01:10,791-Dataset: /data/Authentic/casia_training/images
Training: 2025-08-16 09:01:11,094-Classes: 0 synthetic, 2000 real - 66946 images - eval: 523
Training: 2025-08-16 09:01:12,054-Total Step is: 20920
Training: 2025-08-16 09:01:44,930-Reducer buckets have been rebuilt in this iteration.
Training: 2025-08-16 09:01:45,033-Reducer buckets have been rebuilt in this iteration.
Training: 2025-08-16 09:02:18,582-Speed 375.33 samples/sec   Loss 32.3831 Epoch: 0   Global Step: 100   Required: 2 hours
Training: 2025-08-16 09:02:35,748-Speed 372.84 samples/sec   Loss 29.4739 Epoch: 0   Global Step: 150   Required: 2 hours
Training: 2025-08-16 09:02:52,947-Speed 372.12 samples/sec   Loss 27.6297 Epoch: 0   Global Step: 200   Required: 2 hours
Training: 2025-08-16 09:03:10,170-Speed 371.59 samples/sec   Loss 26.1818 Epoch: 0   Global Step: 250   Required: 2 hours
Training: 2025-08-16 09:03:27,410-Speed 371.24 samples/sec   Loss 24.7422 Epoch: 0   Global Step: 300   Required: 2 hours
Training: 2025-08-16 09:03:44,660-Speed 371.02 samples/sec   Loss 23.5691 Epoch: 0   Global Step: 350   Required: 2 hours
Training: 2025-08-16 09:04:01,915-Speed 370.90 samples/sec   Loss 22.4244 Epoch: 0   Global Step: 400   Required: 2 hours
Training: 2025-08-16 09:04:19,174-Speed 370.83 samples/sec   Loss 21.6240 Epoch: 0   Global Step: 450   Required: 2 hours
Training: 2025-08-16 09:04:36,437-Speed 370.73 samples/sec   Loss 20.8649 Epoch: 0   Global Step: 500   Required: 2 hours
Training: 2025-08-16 09:05:10,771-[lfw][523]XNorm: 21.699490
Training: 2025-08-16 09:05:10,771-[lfw][523]Accuracy-Flip: 0.87433+-0.01497
Training: 2025-08-16 09:05:10,771-[lfw][523]Accuracy-Highest: 0.87433
Training: 2025-08-16 09:05:39,161-[cfp_fp][523]XNorm: 22.419397
Training: 2025-08-16 09:05:39,161-[cfp_fp][523]Accuracy-Flip: 0.62557+-0.01680
Training: 2025-08-16 09:05:39,161-[cfp_fp][523]Accuracy-Highest: 0.62557
Training: 2025-08-16 09:06:03,573-[agedb_30][523]XNorm: 19.567261
Training: 2025-08-16 09:06:03,573-[agedb_30][523]Accuracy-Flip: 0.60950+-0.02013
Training: 2025-08-16 09:06:03,573-[agedb_30][523]Accuracy-Highest: 0.60950
Training: 2025-08-16 09:06:28,235-[calfw][523]XNorm: 21.538375
Training: 2025-08-16 09:06:28,236-[calfw][523]Accuracy-Flip: 0.73067+-0.00967
Training: 2025-08-16 09:06:28,236-[calfw][523]Accuracy-Highest: 0.73067
Training: 2025-08-16 09:06:52,845-[cplfw][523]XNorm: 21.111793
Training: 2025-08-16 09:06:52,845-[cplfw][523]Accuracy-Flip: 0.59200+-0.02197
Training: 2025-08-16 09:06:52,845-[cplfw][523]Accuracy-Highest: 0.59200
Training: 2025-08-16 09:07:02,330-Speed 43.87 samples/sec   Loss 18.6605 Epoch: 1   Global Step: 550   Required: 3 hours
Training: 2025-08-16 09:07:19,581-Speed 371.01 samples/sec   Loss 17.2345 Epoch: 1   Global Step: 600   Required: 3 hours
Training: 2025-08-16 09:07:36,833-Speed 370.96 samples/sec   Loss 16.7187 Epoch: 1   Global Step: 650   Required: 3 hours
Training: 2025-08-16 09:07:54,092-Speed 370.82 samples/sec   Loss 16.5656 Epoch: 1   Global Step: 700   Required: 3 hours
Training: 2025-08-16 09:08:11,360-Speed 370.64 samples/sec   Loss 16.1423 Epoch: 1   Global Step: 750   Required: 3 hours
Training: 2025-08-16 09:08:28,631-Speed 370.55 samples/sec   Loss 15.9422 Epoch: 1   Global Step: 800   Required: 3 hours
Training: 2025-08-16 09:08:45,905-Speed 370.50 samples/sec   Loss 15.5361 Epoch: 1   Global Step: 850   Required: 3 hours
Training: 2025-08-16 09:09:03,178-Speed 370.54 samples/sec   Loss 15.3054 Epoch: 1   Global Step: 900   Required: 3 hours
Training: 2025-08-16 09:09:20,453-Speed 370.47 samples/sec   Loss 14.7956 Epoch: 1   Global Step: 950   Required: 3 hours
Training: 2025-08-16 09:09:37,726-Speed 370.52 samples/sec   Loss 14.6982 Epoch: 1   Global Step: 1000   Required: 3 hours
Training: 2025-08-16 09:10:18,026-[lfw][1046]XNorm: 22.664816
Training: 2025-08-16 09:10:18,027-[lfw][1046]Accuracy-Flip: 0.90683+-0.01270
Training: 2025-08-16 09:10:18,027-[lfw][1046]Accuracy-Highest: 0.90683
Training: 2025-08-16 09:10:46,359-[cfp_fp][1046]XNorm: 21.269763
Training: 2025-08-16 09:10:46,359-[cfp_fp][1046]Accuracy-Flip: 0.66057+-0.01990
Training: 2025-08-16 09:10:46,359-[cfp_fp][1046]Accuracy-Highest: 0.66057
Training: 2025-08-16 09:11:10,736-[agedb_30][1046]XNorm: 18.878197
Training: 2025-08-16 09:11:10,736-[agedb_30][1046]Accuracy-Flip: 0.67333+-0.01461
Training: 2025-08-16 09:11:10,736-[agedb_30][1046]Accuracy-Highest: 0.67333
Training: 2025-08-16 09:11:35,209-[calfw][1046]XNorm: 21.988216
Training: 2025-08-16 09:11:35,209-[calfw][1046]Accuracy-Flip: 0.76767+-0.01758
Training: 2025-08-16 09:11:35,209-[calfw][1046]Accuracy-Highest: 0.76767
Training: 2025-08-16 09:11:59,712-[cplfw][1046]XNorm: 21.480686
Training: 2025-08-16 09:11:59,712-[cplfw][1046]Accuracy-Flip: 0.63733+-0.01941
Training: 2025-08-16 09:11:59,712-[cplfw][1046]Accuracy-Highest: 0.63733
Training: 2025-08-16 09:12:01,234-Speed 44.60 samples/sec   Loss 14.1924 Epoch: 2   Global Step: 1050   Required: 3 hours
Training: 2025-08-16 09:12:18,482-Speed 371.07 samples/sec   Loss 11.7174 Epoch: 2   Global Step: 1100   Required: 3 hours
Training: 2025-08-16 09:12:35,740-Speed 370.83 samples/sec   Loss 12.0994 Epoch: 2   Global Step: 1150   Required: 3 hours
Training: 2025-08-16 09:12:52,999-Speed 370.83 samples/sec   Loss 11.8828 Epoch: 2   Global Step: 1200   Required: 3 hours
Training: 2025-08-16 09:13:10,261-Speed 370.76 samples/sec   Loss 11.8113 Epoch: 2   Global Step: 1250   Required: 3 hours
Training: 2025-08-16 09:13:27,531-Speed 370.59 samples/sec   Loss 11.8739 Epoch: 2   Global Step: 1300   Required: 3 hours
Training: 2025-08-16 09:13:44,797-Speed 370.68 samples/sec   Loss 11.8966 Epoch: 2   Global Step: 1350   Required: 3 hours
Training: 2025-08-16 09:14:02,059-Speed 370.75 samples/sec   Loss 11.9915 Epoch: 2   Global Step: 1400   Required: 3 hours
Training: 2025-08-16 09:14:19,320-Speed 370.79 samples/sec   Loss 11.7695 Epoch: 2   Global Step: 1450   Required: 3 hours
Training: 2025-08-16 09:14:36,581-Speed 370.79 samples/sec   Loss 11.7910 Epoch: 2   Global Step: 1500   Required: 3 hours
Training: 2025-08-16 09:14:53,846-Speed 370.69 samples/sec   Loss 11.3016 Epoch: 2   Global Step: 1550   Required: 3 hours
Training: 2025-08-16 09:15:24,792-[lfw][1569]XNorm: 21.435036
Training: 2025-08-16 09:15:24,792-[lfw][1569]Accuracy-Flip: 0.92250+-0.01254
Training: 2025-08-16 09:15:24,792-[lfw][1569]Accuracy-Highest: 0.92250
Training: 2025-08-16 09:15:53,096-[cfp_fp][1569]XNorm: 19.314152
Training: 2025-08-16 09:15:53,096-[cfp_fp][1569]Accuracy-Flip: 0.69243+-0.02483
Training: 2025-08-16 09:15:53,096-[cfp_fp][1569]Accuracy-Highest: 0.69243
Training: 2025-08-16 09:16:17,458-[agedb_30][1569]XNorm: 17.622945
Training: 2025-08-16 09:16:17,458-[agedb_30][1569]Accuracy-Flip: 0.71417+-0.02228
Training: 2025-08-16 09:16:17,458-[agedb_30][1569]Accuracy-Highest: 0.71417
Training: 2025-08-16 09:16:41,917-[calfw][1569]XNorm: 20.870527
Training: 2025-08-16 09:16:41,917-[calfw][1569]Accuracy-Flip: 0.80117+-0.00910
Training: 2025-08-16 09:16:41,917-[calfw][1569]Accuracy-Highest: 0.80117
Training: 2025-08-16 09:17:06,412-[cplfw][1569]XNorm: 19.809859
Training: 2025-08-16 09:17:06,412-[cplfw][1569]Accuracy-Flip: 0.66467+-0.01676
Training: 2025-08-16 09:17:06,412-[cplfw][1569]Accuracy-Highest: 0.66467
Training: 2025-08-16 09:17:17,278-Speed 44.62 samples/sec   Loss 10.1767 Epoch: 3   Global Step: 1600   Required: 3 hours
Training: 2025-08-16 09:17:34,527-Speed 371.04 samples/sec   Loss 9.3032 Epoch: 3   Global Step: 1650   Required: 3 hours
Training: 2025-08-16 09:17:51,779-Speed 370.96 samples/sec   Loss 9.4982 Epoch: 3   Global Step: 1700   Required: 3 hours
Training: 2025-08-16 09:18:09,033-Speed 370.95 samples/sec   Loss 9.4711 Epoch: 3   Global Step: 1750   Required: 3 hours
Training: 2025-08-16 09:18:26,289-Speed 370.88 samples/sec   Loss 9.6677 Epoch: 3   Global Step: 1800   Required: 3 hours
Training: 2025-08-16 09:18:43,546-Speed 370.87 samples/sec   Loss 9.9139 Epoch: 3   Global Step: 1850   Required: 3 hours
Training: 2025-08-16 09:19:00,803-Speed 370.85 samples/sec   Loss 9.8318 Epoch: 3   Global Step: 1900   Required: 3 hours
Training: 2025-08-16 09:19:18,060-Speed 370.87 samples/sec   Loss 9.7253 Epoch: 3   Global Step: 1950   Required: 3 hours
Training: 2025-08-16 09:19:35,320-Speed 370.81 samples/sec   Loss 9.8709 Epoch: 3   Global Step: 2000   Required: 3 hours
Training: 2025-08-16 09:19:52,583-Speed 370.74 samples/sec   Loss 9.6098 Epoch: 3   Global Step: 2050   Required: 3 hours
Training: 2025-08-16 09:20:31,462-[lfw][2092]XNorm: 21.903268
Training: 2025-08-16 09:20:31,462-[lfw][2092]Accuracy-Flip: 0.93350+-0.00728
Training: 2025-08-16 09:20:31,462-[lfw][2092]Accuracy-Highest: 0.93350
Training: 2025-08-16 09:20:59,769-[cfp_fp][2092]XNorm: 18.737004
Training: 2025-08-16 09:20:59,769-[cfp_fp][2092]Accuracy-Flip: 0.71986+-0.01864
Training: 2025-08-16 09:20:59,769-[cfp_fp][2092]Accuracy-Highest: 0.71986
Training: 2025-08-16 09:21:24,136-[agedb_30][2092]XNorm: 18.114109
Training: 2025-08-16 09:21:24,136-[agedb_30][2092]Accuracy-Flip: 0.74417+-0.02118
Training: 2025-08-16 09:21:24,136-[agedb_30][2092]Accuracy-Highest: 0.74417
Training: 2025-08-16 09:21:48,581-[calfw][2092]XNorm: 21.230539
Training: 2025-08-16 09:21:48,581-[calfw][2092]Accuracy-Flip: 0.81267+-0.01319
Training: 2025-08-16 09:21:48,581-[calfw][2092]Accuracy-Highest: 0.81267
Training: 2025-08-16 09:22:13,067-[cplfw][2092]XNorm: 19.797812
Training: 2025-08-16 09:22:13,067-[cplfw][2092]Accuracy-Flip: 0.67833+-0.02171
Training: 2025-08-16 09:22:13,067-[cplfw][2092]Accuracy-Highest: 0.67833
Training: 2025-08-16 09:22:15,982-Speed 44.63 samples/sec   Loss 9.2426 Epoch: 4   Global Step: 2100   Required: 3 hours
Training: 2025-08-16 09:22:33,228-Speed 371.11 samples/sec   Loss 7.6616 Epoch: 4   Global Step: 2150   Required: 3 hours
Training: 2025-08-16 09:22:50,479-Speed 371.00 samples/sec   Loss 7.8763 Epoch: 4   Global Step: 2200   Required: 3 hours
Training: 2025-08-16 09:23:07,732-Speed 370.95 samples/sec   Loss 8.0456 Epoch: 4   Global Step: 2250   Required: 3 hours
Training: 2025-08-16 09:23:24,986-Speed 370.93 samples/sec   Loss 8.1794 Epoch: 4   Global Step: 2300   Required: 3 hours
Training: 2025-08-16 09:23:42,246-Speed 370.80 samples/sec   Loss 8.2952 Epoch: 4   Global Step: 2350   Required: 3 hours
Training: 2025-08-16 09:23:59,504-Speed 370.85 samples/sec   Loss 8.3349 Epoch: 4   Global Step: 2400   Required: 3 hours
Training: 2025-08-16 09:24:16,768-Speed 370.72 samples/sec   Loss 8.2295 Epoch: 4   Global Step: 2450   Required: 3 hours
Training: 2025-08-16 09:24:34,030-Speed 370.76 samples/sec   Loss 8.4825 Epoch: 4   Global Step: 2500   Required: 3 hours
Training: 2025-08-16 09:24:51,298-Speed 370.63 samples/sec   Loss 8.3409 Epoch: 4   Global Step: 2550   Required: 3 hours
Training: 2025-08-16 09:25:08,566-Speed 370.64 samples/sec   Loss 8.4861 Epoch: 4   Global Step: 2600   Required: 3 hours
Training: 2025-08-16 09:25:38,127-[lfw][2615]XNorm: 21.776811
Training: 2025-08-16 09:25:38,127-[lfw][2615]Accuracy-Flip: 0.94117+-0.01083
Training: 2025-08-16 09:25:38,127-[lfw][2615]Accuracy-Highest: 0.94117
Training: 2025-08-16 09:26:06,450-[cfp_fp][2615]XNorm: 18.328841
Training: 2025-08-16 09:26:06,450-[cfp_fp][2615]Accuracy-Flip: 0.72886+-0.02176
Training: 2025-08-16 09:26:06,450-[cfp_fp][2615]Accuracy-Highest: 0.72886
Training: 2025-08-16 09:26:30,803-[agedb_30][2615]XNorm: 17.609242
Training: 2025-08-16 09:26:30,803-[agedb_30][2615]Accuracy-Flip: 0.76833+-0.01877
Training: 2025-08-16 09:26:30,803-[agedb_30][2615]Accuracy-Highest: 0.76833
Training: 2025-08-16 09:26:55,252-[calfw][2615]XNorm: 20.994956
Training: 2025-08-16 09:26:55,252-[calfw][2615]Accuracy-Flip: 0.82750+-0.01338
Training: 2025-08-16 09:26:55,252-[calfw][2615]Accuracy-Highest: 0.82750
Training: 2025-08-16 09:27:19,701-[cplfw][2615]XNorm: 19.373984
Training: 2025-08-16 09:27:19,701-[cplfw][2615]Accuracy-Flip: 0.68633+-0.02042
Training: 2025-08-16 09:27:19,701-[cplfw][2615]Accuracy-Highest: 0.68633
Training: 2025-08-16 09:27:31,923-Speed 44.64 samples/sec   Loss 7.2304 Epoch: 5   Global Step: 2650   Required: 3 hours
Training: 2025-08-16 09:27:49,169-Speed 371.10 samples/sec   Loss 6.6589 Epoch: 5   Global Step: 2700   Required: 3 hours
Training: 2025-08-16 09:28:06,421-Speed 370.98 samples/sec   Loss 6.9656 Epoch: 5   Global Step: 2750   Required: 3 hours
Training: 2025-08-16 09:28:23,677-Speed 370.88 samples/sec   Loss 6.9804 Epoch: 5   Global Step: 2800   Required: 3 hours
Training: 2025-08-16 09:28:40,935-Speed 370.85 samples/sec   Loss 7.1192 Epoch: 5   Global Step: 2850   Required: 3 hours
Training: 2025-08-16 09:28:58,191-Speed 370.88 samples/sec   Loss 7.1308 Epoch: 5   Global Step: 2900   Required: 3 hours
Training: 2025-08-16 09:29:15,450-Speed 370.82 samples/sec   Loss 7.3783 Epoch: 5   Global Step: 2950   Required: 3 hours
Training: 2025-08-16 09:29:32,709-Speed 370.83 samples/sec   Loss 7.2664 Epoch: 5   Global Step: 3000   Required: 3 hours
Training: 2025-08-16 09:29:49,970-Speed 370.78 samples/sec   Loss 7.4994 Epoch: 5   Global Step: 3050   Required: 3 hours
Training: 2025-08-16 09:30:07,234-Speed 370.71 samples/sec   Loss 7.6441 Epoch: 5   Global Step: 3100   Required: 3 hours
Training: 2025-08-16 09:30:44,730-[lfw][3138]XNorm: 21.654995
Training: 2025-08-16 09:30:44,730-[lfw][3138]Accuracy-Flip: 0.94350+-0.00967
Training: 2025-08-16 09:30:44,730-[lfw][3138]Accuracy-Highest: 0.94350
Training: 2025-08-16 09:31:13,195-[cfp_fp][3138]XNorm: 17.913496
Training: 2025-08-16 09:31:13,195-[cfp_fp][3138]Accuracy-Flip: 0.73200+-0.02199
Training: 2025-08-16 09:31:13,195-[cfp_fp][3138]Accuracy-Highest: 0.73200
Training: 2025-08-16 09:31:37,541-[agedb_30][3138]XNorm: 18.182378
Training: 2025-08-16 09:31:37,542-[agedb_30][3138]Accuracy-Flip: 0.76583+-0.02090
Training: 2025-08-16 09:31:37,542-[agedb_30][3138]Accuracy-Highest: 0.76833
Training: 2025-08-16 09:32:01,975-[calfw][3138]XNorm: 20.925384
Training: 2025-08-16 09:32:01,975-[calfw][3138]Accuracy-Flip: 0.83533+-0.00812
Training: 2025-08-16 09:32:01,975-[calfw][3138]Accuracy-Highest: 0.83533
Training: 2025-08-16 09:32:26,412-[cplfw][3138]XNorm: 19.139362
Training: 2025-08-16 09:32:26,412-[cplfw][3138]Accuracy-Flip: 0.69783+-0.01719
Training: 2025-08-16 09:32:26,412-[cplfw][3138]Accuracy-Highest: 0.69783
Training: 2025-08-16 09:32:30,737-Speed 44.60 samples/sec   Loss 7.1410 Epoch: 6   Global Step: 3150   Required: 3 hours
Training: 2025-08-16 09:32:47,980-Speed 371.16 samples/sec   Loss 5.8544 Epoch: 6   Global Step: 3200   Required: 3 hours
Training: 2025-08-16 09:33:05,229-Speed 371.03 samples/sec   Loss 6.0136 Epoch: 6   Global Step: 3250   Required: 3 hours
Training: 2025-08-16 09:33:22,482-Speed 370.95 samples/sec   Loss 6.0468 Epoch: 6   Global Step: 3300   Required: 3 hours
Training: 2025-08-16 09:33:39,738-Speed 370.90 samples/sec   Loss 6.2350 Epoch: 6   Global Step: 3350   Required: 3 hours
Training: 2025-08-16 09:33:57,000-Speed 370.76 samples/sec   Loss 6.2878 Epoch: 6   Global Step: 3400   Required: 3 hours
Training: 2025-08-16 09:34:14,270-Speed 370.58 samples/sec   Loss 6.4639 Epoch: 6   Global Step: 3450   Required: 3 hours
Training: 2025-08-16 09:34:31,541-Speed 370.56 samples/sec   Loss 6.5135 Epoch: 6   Global Step: 3500   Required: 3 hours
Training: 2025-08-16 09:34:48,804-Speed 370.74 samples/sec   Loss 6.6663 Epoch: 6   Global Step: 3550   Required: 3 hours
Training: 2025-08-16 09:35:06,066-Speed 370.76 samples/sec   Loss 6.6775 Epoch: 6   Global Step: 3600   Required: 3 hours
Training: 2025-08-16 09:35:23,331-Speed 370.70 samples/sec   Loss 6.7678 Epoch: 6   Global Step: 3650   Required: 3 hours
Training: 2025-08-16 09:35:51,500-[lfw][3661]XNorm: 21.569878
Training: 2025-08-16 09:35:51,500-[lfw][3661]Accuracy-Flip: 0.94683+-0.00938
Training: 2025-08-16 09:35:51,500-[lfw][3661]Accuracy-Highest: 0.94683
Training: 2025-08-16 09:36:19,802-[cfp_fp][3661]XNorm: 17.939645
Training: 2025-08-16 09:36:19,802-[cfp_fp][3661]Accuracy-Flip: 0.74214+-0.02021
Training: 2025-08-16 09:36:19,802-[cfp_fp][3661]Accuracy-Highest: 0.74214
Training: 2025-08-16 09:36:44,180-[agedb_30][3661]XNorm: 18.421115
Training: 2025-08-16 09:36:44,180-[agedb_30][3661]Accuracy-Flip: 0.77800+-0.02350
Training: 2025-08-16 09:36:44,180-[agedb_30][3661]Accuracy-Highest: 0.77800
Training: 2025-08-16 09:37:08,625-[calfw][3661]XNorm: 20.985860
Training: 2025-08-16 09:37:08,625-[calfw][3661]Accuracy-Flip: 0.84167+-0.01662
Training: 2025-08-16 09:37:08,625-[calfw][3661]Accuracy-Highest: 0.84167
Training: 2025-08-16 09:37:33,063-[cplfw][3661]XNorm: 18.884496
Training: 2025-08-16 09:37:33,063-[cplfw][3661]Accuracy-Flip: 0.71567+-0.01472
Training: 2025-08-16 09:37:33,063-[cplfw][3661]Accuracy-Highest: 0.71567
Training: 2025-08-16 09:37:46,669-Speed 44.65 samples/sec   Loss 5.4660 Epoch: 7   Global Step: 3700   Required: 3 hours
Training: 2025-08-16 09:38:03,915-Speed 371.10 samples/sec   Loss 5.2398 Epoch: 7   Global Step: 3750   Required: 3 hours
Training: 2025-08-16 09:38:21,170-Speed 370.91 samples/sec   Loss 5.3278 Epoch: 7   Global Step: 3800   Required: 3 hours
Training: 2025-08-16 09:38:38,427-Speed 370.87 samples/sec   Loss 5.4914 Epoch: 7   Global Step: 3850   Required: 3 hours
Training: 2025-08-16 09:38:55,684-Speed 370.86 samples/sec   Loss 5.8141 Epoch: 7   Global Step: 3900   Required: 3 hours
Training: 2025-08-16 09:39:12,942-Speed 370.85 samples/sec   Loss 5.8464 Epoch: 7   Global Step: 3950   Required: 3 hours
Training: 2025-08-16 09:39:30,202-Speed 370.81 samples/sec   Loss 5.8148 Epoch: 7   Global Step: 4000   Required: 3 hours
Training: 2025-08-16 09:39:47,462-Speed 370.80 samples/sec   Loss 6.1138 Epoch: 7   Global Step: 4050   Required: 3 hours
Training: 2025-08-16 09:40:04,721-Speed 370.81 samples/sec   Loss 5.8816 Epoch: 7   Global Step: 4100   Required: 3 hours
Training: 2025-08-16 09:40:21,987-Speed 370.67 samples/sec   Loss 5.9443 Epoch: 7   Global Step: 4150   Required: 3 hours
Training: 2025-08-16 09:40:58,120-[lfw][4184]XNorm: 20.931366
Training: 2025-08-16 09:40:58,120-[lfw][4184]Accuracy-Flip: 0.95083+-0.01031
Training: 2025-08-16 09:40:58,120-[lfw][4184]Accuracy-Highest: 0.95083
Training: 2025-08-16 09:41:26,539-[cfp_fp][4184]XNorm: 17.665241
Training: 2025-08-16 09:41:26,539-[cfp_fp][4184]Accuracy-Flip: 0.75514+-0.01818
Training: 2025-08-16 09:41:26,539-[cfp_fp][4184]Accuracy-Highest: 0.75514
Training: 2025-08-16 09:41:50,913-[agedb_30][4184]XNorm: 18.036708
Training: 2025-08-16 09:41:50,913-[agedb_30][4184]Accuracy-Flip: 0.80717+-0.02761
Training: 2025-08-16 09:41:50,913-[agedb_30][4184]Accuracy-Highest: 0.80717
Training: 2025-08-16 09:42:15,358-[calfw][4184]XNorm: 20.527556
Training: 2025-08-16 09:42:15,358-[calfw][4184]Accuracy-Flip: 0.84733+-0.01356
Training: 2025-08-16 09:42:15,358-[calfw][4184]Accuracy-Highest: 0.84733
Training: 2025-08-16 09:42:39,814-[cplfw][4184]XNorm: 18.369244
Training: 2025-08-16 09:42:39,814-[cplfw][4184]Accuracy-Flip: 0.71400+-0.01687
Training: 2025-08-16 09:42:39,814-[cplfw][4184]Accuracy-Highest: 0.71567
Training: 2025-08-16 09:42:45,484-Speed 44.60 samples/sec   Loss 5.4784 Epoch: 8   Global Step: 4200   Required: 3 hours
Training: 2025-08-16 09:43:02,732-Speed 371.06 samples/sec   Loss 4.4981 Epoch: 8   Global Step: 4250   Required: 3 hours
Training: 2025-08-16 09:43:19,983-Speed 371.01 samples/sec   Loss 4.6921 Epoch: 8   Global Step: 4300   Required: 3 hours
Training: 2025-08-16 09:43:37,240-Speed 370.85 samples/sec   Loss 4.9527 Epoch: 8   Global Step: 4350   Required: 3 hours
Training: 2025-08-16 09:43:54,496-Speed 370.90 samples/sec   Loss 4.9997 Epoch: 8   Global Step: 4400   Required: 3 hours
Training: 2025-08-16 09:44:11,752-Speed 370.88 samples/sec   Loss 5.3061 Epoch: 8   Global Step: 4450   Required: 3 hours
Training: 2025-08-16 09:44:29,018-Speed 370.67 samples/sec   Loss 5.1616 Epoch: 8   Global Step: 4500   Required: 3 hours
Training: 2025-08-16 09:44:46,284-Speed 370.67 samples/sec   Loss 5.3007 Epoch: 8   Global Step: 4550   Required: 3 hours
Training: 2025-08-16 09:45:03,549-Speed 370.69 samples/sec   Loss 5.2774 Epoch: 8   Global Step: 4600   Required: 3 hours
Training: 2025-08-16 09:45:20,810-Speed 370.78 samples/sec   Loss 5.5080 Epoch: 8   Global Step: 4650   Required: 3 hours
Training: 2025-08-16 09:45:38,071-Speed 370.79 samples/sec   Loss 5.5023 Epoch: 8   Global Step: 4700   Required: 3 hours
Training: 2025-08-16 09:46:04,861-[lfw][4707]XNorm: 20.944251
Training: 2025-08-16 09:46:04,861-[lfw][4707]Accuracy-Flip: 0.95917+-0.00898
Training: 2025-08-16 09:46:04,861-[lfw][4707]Accuracy-Highest: 0.95917
Training: 2025-08-16 09:46:33,315-[cfp_fp][4707]XNorm: 17.234288
Training: 2025-08-16 09:46:33,315-[cfp_fp][4707]Accuracy-Flip: 0.77114+-0.02185
Training: 2025-08-16 09:46:33,315-[cfp_fp][4707]Accuracy-Highest: 0.77114
Training: 2025-08-16 09:46:57,656-[agedb_30][4707]XNorm: 17.656536
Training: 2025-08-16 09:46:57,656-[agedb_30][4707]Accuracy-Flip: 0.79183+-0.02281
Training: 2025-08-16 09:46:57,656-[agedb_30][4707]Accuracy-Highest: 0.80717
Training: 2025-08-16 09:47:22,092-[calfw][4707]XNorm: 20.116012
Training: 2025-08-16 09:47:22,092-[calfw][4707]Accuracy-Flip: 0.85883+-0.01611
Training: 2025-08-16 09:47:22,092-[calfw][4707]Accuracy-Highest: 0.85883
Training: 2025-08-16 09:47:46,531-[cplfw][4707]XNorm: 18.124180
Training: 2025-08-16 09:47:46,531-[cplfw][4707]Accuracy-Flip: 0.72983+-0.02085
Training: 2025-08-16 09:47:46,531-[cplfw][4707]Accuracy-Highest: 0.72983
Training: 2025-08-16 09:48:01,506-Speed 44.62 samples/sec   Loss 4.1153 Epoch: 9   Global Step: 4750   Required: 3 hours
Training: 2025-08-16 09:48:18,761-Speed 370.92 samples/sec   Loss 4.1942 Epoch: 9   Global Step: 4800   Required: 3 hours
Training: 2025-08-16 09:48:36,015-Speed 370.92 samples/sec   Loss 4.2740 Epoch: 9   Global Step: 4850   Required: 3 hours
Training: 2025-08-16 09:48:53,269-Speed 370.93 samples/sec   Loss 4.3807 Epoch: 9   Global Step: 4900   Required: 3 hours
Training: 2025-08-16 09:49:10,531-Speed 370.76 samples/sec   Loss 4.5459 Epoch: 9   Global Step: 4950   Required: 3 hours
Training: 2025-08-16 09:49:27,791-Speed 370.81 samples/sec   Loss 4.7340 Epoch: 9   Global Step: 5000   Required: 3 hours
Training: 2025-08-16 09:49:45,053-Speed 370.77 samples/sec   Loss 4.8440 Epoch: 9   Global Step: 5050   Required: 3 hours
Training: 2025-08-16 09:50:02,318-Speed 370.69 samples/sec   Loss 4.8975 Epoch: 9   Global Step: 5100   Required: 3 hours
Training: 2025-08-16 09:50:19,585-Speed 370.64 samples/sec   Loss 4.9700 Epoch: 9   Global Step: 5150   Required: 2 hours
Training: 2025-08-16 09:50:36,846-Speed 370.78 samples/sec   Loss 4.9351 Epoch: 9   Global Step: 5200   Required: 2 hours
Training: 2025-08-16 09:51:11,570-[lfw][5230]XNorm: 20.444071
Training: 2025-08-16 09:51:11,570-[lfw][5230]Accuracy-Flip: 0.95883+-0.00891
Training: 2025-08-16 09:51:11,570-[lfw][5230]Accuracy-Highest: 0.95917
Training: 2025-08-16 09:51:39,902-[cfp_fp][5230]XNorm: 17.043773
Training: 2025-08-16 09:51:39,902-[cfp_fp][5230]Accuracy-Flip: 0.77157+-0.01641
Training: 2025-08-16 09:51:39,902-[cfp_fp][5230]Accuracy-Highest: 0.77157
Training: 2025-08-16 09:52:04,252-[agedb_30][5230]XNorm: 17.368184
Training: 2025-08-16 09:52:04,252-[agedb_30][5230]Accuracy-Flip: 0.79033+-0.02533
Training: 2025-08-16 09:52:04,252-[agedb_30][5230]Accuracy-Highest: 0.80717
Training: 2025-08-16 09:52:28,686-[calfw][5230]XNorm: 19.814544
Training: 2025-08-16 09:52:28,686-[calfw][5230]Accuracy-Flip: 0.85433+-0.01336
Training: 2025-08-16 09:52:28,686-[calfw][5230]Accuracy-Highest: 0.85883
Training: 2025-08-16 09:52:53,127-[cplfw][5230]XNorm: 17.768728
Training: 2025-08-16 09:52:53,127-[cplfw][5230]Accuracy-Flip: 0.73317+-0.01568
Training: 2025-08-16 09:52:53,127-[cplfw][5230]Accuracy-Highest: 0.73317
Training: 2025-08-16 09:53:00,218-Speed 44.64 samples/sec   Loss 4.3439 Epoch: 10   Global Step: 5250   Required: 3 hours
Training: 2025-08-16 09:53:17,459-Speed 371.22 samples/sec   Loss 3.5888 Epoch: 10   Global Step: 5300   Required: 3 hours
Training: 2025-08-16 09:53:34,706-Speed 371.09 samples/sec   Loss 3.8014 Epoch: 10   Global Step: 5350   Required: 3 hours
Training: 2025-08-16 09:53:51,958-Speed 370.96 samples/sec   Loss 4.0030 Epoch: 10   Global Step: 5400   Required: 3 hours
Training: 2025-08-16 09:54:09,216-Speed 370.84 samples/sec   Loss 4.0177 Epoch: 10   Global Step: 5450   Required: 2 hours
Training: 2025-08-16 09:54:26,473-Speed 370.87 samples/sec   Loss 4.1403 Epoch: 10   Global Step: 5500   Required: 2 hours
Training: 2025-08-16 09:54:43,736-Speed 370.75 samples/sec   Loss 4.3437 Epoch: 10   Global Step: 5550   Required: 2 hours
Training: 2025-08-16 09:55:00,995-Speed 370.81 samples/sec   Loss 4.3623 Epoch: 10   Global Step: 5600   Required: 2 hours
Training: 2025-08-16 09:55:18,252-Speed 370.88 samples/sec   Loss 4.5298 Epoch: 10   Global Step: 5650   Required: 2 hours
Training: 2025-08-16 09:55:35,514-Speed 370.74 samples/sec   Loss 4.3464 Epoch: 10   Global Step: 5700   Required: 2 hours
Training: 2025-08-16 09:55:52,774-Speed 370.82 samples/sec   Loss 4.5287 Epoch: 10   Global Step: 5750   Required: 2 hours
Training: 2025-08-16 09:56:18,167-[lfw][5753]XNorm: 21.869477
Training: 2025-08-16 09:56:18,167-[lfw][5753]Accuracy-Flip: 0.95717+-0.01088
Training: 2025-08-16 09:56:18,167-[lfw][5753]Accuracy-Highest: 0.95917
Training: 2025-08-16 09:56:46,493-[cfp_fp][5753]XNorm: 17.867713
Training: 2025-08-16 09:56:46,494-[cfp_fp][5753]Accuracy-Flip: 0.77771+-0.01873
Training: 2025-08-16 09:56:46,494-[cfp_fp][5753]Accuracy-Highest: 0.77771
Training: 2025-08-16 09:57:10,850-[agedb_30][5753]XNorm: 18.931905
Training: 2025-08-16 09:57:10,850-[agedb_30][5753]Accuracy-Flip: 0.80783+-0.02490
Training: 2025-08-16 09:57:10,850-[agedb_30][5753]Accuracy-Highest: 0.80783
Training: 2025-08-16 09:57:35,278-[calfw][5753]XNorm: 20.992759
Training: 2025-08-16 09:57:35,279-[calfw][5753]Accuracy-Flip: 0.86183+-0.01771
Training: 2025-08-16 09:57:35,279-[calfw][5753]Accuracy-Highest: 0.86183
Training: 2025-08-16 09:57:59,699-[cplfw][5753]XNorm: 18.894457
Training: 2025-08-16 09:57:59,699-[cplfw][5753]Accuracy-Flip: 0.73833+-0.02086
Training: 2025-08-16 09:57:59,699-[cplfw][5753]Accuracy-Highest: 0.73833
Training: 2025-08-16 09:58:16,063-Speed 44.66 samples/sec   Loss 3.2679 Epoch: 11   Global Step: 5800   Required: 2 hours
Training: 2025-08-16 09:58:33,304-Speed 371.20 samples/sec   Loss 3.4282 Epoch: 11   Global Step: 5850   Required: 2 hours
Training: 2025-08-16 09:58:50,554-Speed 371.03 samples/sec   Loss 3.3592 Epoch: 11   Global Step: 5900   Required: 2 hours
Training: 2025-08-16 09:59:07,811-Speed 370.86 samples/sec   Loss 3.5202 Epoch: 11   Global Step: 5950   Required: 2 hours
Training: 2025-08-16 09:59:25,061-Speed 371.03 samples/sec   Loss 3.5555 Epoch: 11   Global Step: 6000   Required: 2 hours
Training: 2025-08-16 09:59:42,312-Speed 370.98 samples/sec   Loss 3.8326 Epoch: 11   Global Step: 6050   Required: 2 hours
Training: 2025-08-16 09:59:59,570-Speed 370.84 samples/sec   Loss 4.0392 Epoch: 11   Global Step: 6100   Required: 2 hours
Training: 2025-08-16 10:00:16,829-Speed 370.84 samples/sec   Loss 3.9274 Epoch: 11   Global Step: 6150   Required: 2 hours
Training: 2025-08-16 10:00:34,088-Speed 370.82 samples/sec   Loss 3.9935 Epoch: 11   Global Step: 6200   Required: 2 hours
Training: 2025-08-16 10:00:51,349-Speed 370.78 samples/sec   Loss 4.0419 Epoch: 11   Global Step: 6250   Required: 2 hours
Training: 2025-08-16 10:01:24,686-[lfw][6276]XNorm: 20.764991
Training: 2025-08-16 10:01:24,686-[lfw][6276]Accuracy-Flip: 0.95917+-0.00821
Training: 2025-08-16 10:01:24,686-[lfw][6276]Accuracy-Highest: 0.95917
Training: 2025-08-16 10:01:53,023-[cfp_fp][6276]XNorm: 17.427949
Training: 2025-08-16 10:01:53,023-[cfp_fp][6276]Accuracy-Flip: 0.78286+-0.01502
Training: 2025-08-16 10:01:53,023-[cfp_fp][6276]Accuracy-Highest: 0.78286
Training: 2025-08-16 10:02:17,376-[agedb_30][6276]XNorm: 17.997212
Training: 2025-08-16 10:02:17,376-[agedb_30][6276]Accuracy-Flip: 0.79217+-0.02559
Training: 2025-08-16 10:02:17,376-[agedb_30][6276]Accuracy-Highest: 0.80783
Training: 2025-08-16 10:02:41,807-[calfw][6276]XNorm: 20.182128
Training: 2025-08-16 10:02:41,807-[calfw][6276]Accuracy-Flip: 0.85833+-0.01258
Training: 2025-08-16 10:02:41,807-[calfw][6276]Accuracy-Highest: 0.86183
Training: 2025-08-16 10:03:06,233-[cplfw][6276]XNorm: 17.989778
Training: 2025-08-16 10:03:06,233-[cplfw][6276]Accuracy-Flip: 0.73650+-0.01584
Training: 2025-08-16 10:03:06,233-[cplfw][6276]Accuracy-Highest: 0.73833
Training: 2025-08-16 10:03:14,668-Speed 44.66 samples/sec   Loss 3.4741 Epoch: 12   Global Step: 6300   Required: 2 hours
Training: 2025-08-16 10:03:31,910-Speed 371.20 samples/sec   Loss 2.9481 Epoch: 12   Global Step: 6350   Required: 2 hours
Training: 2025-08-16 10:03:49,155-Speed 371.12 samples/sec   Loss 3.1149 Epoch: 12   Global Step: 6400   Required: 2 hours
Training: 2025-08-16 10:04:06,407-Speed 370.98 samples/sec   Loss 3.0715 Epoch: 12   Global Step: 6450   Required: 2 hours
Training: 2025-08-16 10:04:23,665-Speed 370.83 samples/sec   Loss 3.1997 Epoch: 12   Global Step: 6500   Required: 2 hours
Training: 2025-08-16 10:04:40,927-Speed 370.78 samples/sec   Loss 3.4338 Epoch: 12   Global Step: 6550   Required: 2 hours
Training: 2025-08-16 10:04:58,197-Speed 370.58 samples/sec   Loss 3.5558 Epoch: 12   Global Step: 6600   Required: 2 hours
Training: 2025-08-16 10:05:15,460-Speed 370.74 samples/sec   Loss 3.5223 Epoch: 12   Global Step: 6650   Required: 2 hours
Training: 2025-08-16 10:05:32,724-Speed 370.71 samples/sec   Loss 3.6850 Epoch: 12   Global Step: 6700   Required: 2 hours
Training: 2025-08-16 10:05:49,989-Speed 370.70 samples/sec   Loss 3.6260 Epoch: 12   Global Step: 6750   Required: 2 hours
Training: 2025-08-16 10:06:31,259-[lfw][6799]XNorm: 19.736367
Training: 2025-08-16 10:06:31,259-[lfw][6799]Accuracy-Flip: 0.96167+-0.00907
Training: 2025-08-16 10:06:31,259-[lfw][6799]Accuracy-Highest: 0.96167
Training: 2025-08-16 10:06:59,744-[cfp_fp][6799]XNorm: 16.460230
Training: 2025-08-16 10:06:59,744-[cfp_fp][6799]Accuracy-Flip: 0.79271+-0.01937
Training: 2025-08-16 10:06:59,744-[cfp_fp][6799]Accuracy-Highest: 0.79271
Training: 2025-08-16 10:07:24,100-[agedb_30][6799]XNorm: 17.534605
Training: 2025-08-16 10:07:24,100-[agedb_30][6799]Accuracy-Flip: 0.80950+-0.02055
Training: 2025-08-16 10:07:24,100-[agedb_30][6799]Accuracy-Highest: 0.80950
Training: 2025-08-16 10:07:48,531-[calfw][6799]XNorm: 19.168612
Training: 2025-08-16 10:07:48,531-[calfw][6799]Accuracy-Flip: 0.85667+-0.01506
Training: 2025-08-16 10:07:48,531-[calfw][6799]Accuracy-Highest: 0.86183
Training: 2025-08-16 10:08:12,977-[cplfw][6799]XNorm: 17.138494
Training: 2025-08-16 10:08:12,977-[cplfw][6799]Accuracy-Flip: 0.73400+-0.01638
Training: 2025-08-16 10:08:12,977-[cplfw][6799]Accuracy-Highest: 0.73833
Training: 2025-08-16 10:08:13,495-Speed 44.60 samples/sec   Loss 3.6870 Epoch: 13   Global Step: 6800   Required: 2 hours
Training: 2025-08-16 10:08:30,739-Speed 371.15 samples/sec   Loss 2.4986 Epoch: 13   Global Step: 6850   Required: 2 hours
Training: 2025-08-16 10:08:47,989-Speed 371.03 samples/sec   Loss 2.6589 Epoch: 13   Global Step: 6900   Required: 2 hours
Training: 2025-08-16 10:09:05,242-Speed 370.95 samples/sec   Loss 2.6663 Epoch: 13   Global Step: 6950   Required: 2 hours
Training: 2025-08-16 10:09:22,498-Speed 370.89 samples/sec   Loss 2.8367 Epoch: 13   Global Step: 7000   Required: 2 hours
Training: 2025-08-16 10:09:39,752-Speed 370.93 samples/sec   Loss 3.0812 Epoch: 13   Global Step: 7050   Required: 2 hours
Training: 2025-08-16 10:09:57,009-Speed 370.85 samples/sec   Loss 3.1187 Epoch: 13   Global Step: 7100   Required: 2 hours
Training: 2025-08-16 10:10:14,273-Speed 370.72 samples/sec   Loss 3.2627 Epoch: 13   Global Step: 7150   Required: 2 hours
Training: 2025-08-16 10:10:31,537-Speed 370.71 samples/sec   Loss 3.3473 Epoch: 13   Global Step: 7200   Required: 2 hours
Training: 2025-08-16 10:10:48,806-Speed 370.62 samples/sec   Loss 3.4038 Epoch: 13   Global Step: 7250   Required: 2 hours
Training: 2025-08-16 10:11:06,076-Speed 370.59 samples/sec   Loss 3.4436 Epoch: 13   Global Step: 7300   Required: 2 hours
Training: 2025-08-16 10:11:38,037-[lfw][7322]XNorm: 21.524360
Training: 2025-08-16 10:11:38,037-[lfw][7322]Accuracy-Flip: 0.96267+-0.01023
Training: 2025-08-16 10:11:38,037-[lfw][7322]Accuracy-Highest: 0.96267
Training: 2025-08-16 10:12:06,339-[cfp_fp][7322]XNorm: 17.743025
Training: 2025-08-16 10:12:06,339-[cfp_fp][7322]Accuracy-Flip: 0.79386+-0.01712
Training: 2025-08-16 10:12:06,339-[cfp_fp][7322]Accuracy-Highest: 0.79386
Training: 2025-08-16 10:12:30,695-[agedb_30][7322]XNorm: 19.053981
Training: 2025-08-16 10:12:30,695-[agedb_30][7322]Accuracy-Flip: 0.80700+-0.02337
Training: 2025-08-16 10:12:30,695-[agedb_30][7322]Accuracy-Highest: 0.80950
Training: 2025-08-16 10:12:55,126-[calfw][7322]XNorm: 21.069070
Training: 2025-08-16 10:12:55,126-[calfw][7322]Accuracy-Flip: 0.86250+-0.01559
Training: 2025-08-16 10:12:55,126-[calfw][7322]Accuracy-Highest: 0.86250
Training: 2025-08-16 10:13:19,545-[cplfw][7322]XNorm: 18.479027
Training: 2025-08-16 10:13:19,545-[cplfw][7322]Accuracy-Flip: 0.74433+-0.02107
Training: 2025-08-16 10:13:19,545-[cplfw][7322]Accuracy-Highest: 0.74433
Training: 2025-08-16 10:13:29,334-Speed 44.67 samples/sec   Loss 2.7038 Epoch: 14   Global Step: 7350   Required: 2 hours
Training: 2025-08-16 10:13:46,579-Speed 371.12 samples/sec   Loss 2.3324 Epoch: 14   Global Step: 7400   Required: 2 hours
Training: 2025-08-16 10:14:03,828-Speed 371.04 samples/sec   Loss 2.4738 Epoch: 14   Global Step: 7450   Required: 2 hours
Training: 2025-08-16 10:14:21,084-Speed 370.87 samples/sec   Loss 2.5255 Epoch: 14   Global Step: 7500   Required: 2 hours
Training: 2025-08-16 10:14:38,335-Speed 371.00 samples/sec   Loss 2.6600 Epoch: 14   Global Step: 7550   Required: 2 hours
Training: 2025-08-16 10:14:55,594-Speed 370.83 samples/sec   Loss 2.6888 Epoch: 14   Global Step: 7600   Required: 2 hours
Training: 2025-08-16 10:15:12,857-Speed 370.74 samples/sec   Loss 2.9328 Epoch: 14   Global Step: 7650   Required: 2 hours
Training: 2025-08-16 10:15:30,125-Speed 370.62 samples/sec   Loss 3.0084 Epoch: 14   Global Step: 7700   Required: 2 hours
Training: 2025-08-16 10:15:47,392-Speed 370.65 samples/sec   Loss 3.0250 Epoch: 14   Global Step: 7750   Required: 2 hours
Training: 2025-08-16 10:16:04,654-Speed 370.76 samples/sec   Loss 3.1602 Epoch: 14   Global Step: 7800   Required: 2 hours
Training: 2025-08-16 10:16:44,561-[lfw][7845]XNorm: 20.180766
Training: 2025-08-16 10:16:44,561-[lfw][7845]Accuracy-Flip: 0.96133+-0.01152
Training: 2025-08-16 10:16:44,561-[lfw][7845]Accuracy-Highest: 0.96267
Training: 2025-08-16 10:17:12,987-[cfp_fp][7845]XNorm: 16.825366
Training: 2025-08-16 10:17:12,987-[cfp_fp][7845]Accuracy-Flip: 0.79357+-0.02396
Training: 2025-08-16 10:17:12,987-[cfp_fp][7845]Accuracy-Highest: 0.79386
Training: 2025-08-16 10:17:37,343-[agedb_30][7845]XNorm: 17.666935
Training: 2025-08-16 10:17:37,343-[agedb_30][7845]Accuracy-Flip: 0.80683+-0.02986
Training: 2025-08-16 10:17:37,343-[agedb_30][7845]Accuracy-Highest: 0.80950
Training: 2025-08-16 10:18:01,771-[calfw][7845]XNorm: 19.795717
Training: 2025-08-16 10:18:01,771-[calfw][7845]Accuracy-Flip: 0.86067+-0.01165
Training: 2025-08-16 10:18:01,771-[calfw][7845]Accuracy-Highest: 0.86250
Training: 2025-08-16 10:18:26,192-[cplfw][7845]XNorm: 17.170807
Training: 2025-08-16 10:18:26,192-[cplfw][7845]Accuracy-Flip: 0.74617+-0.01426
Training: 2025-08-16 10:18:26,192-[cplfw][7845]Accuracy-Highest: 0.74617
Training: 2025-08-16 10:18:28,049-Speed 44.63 samples/sec   Loss 3.1554 Epoch: 15   Global Step: 7850   Required: 2 hours
Training: 2025-08-16 10:18:45,290-Speed 371.21 samples/sec   Loss 2.0264 Epoch: 15   Global Step: 7900   Required: 2 hours
Training: 2025-08-16 10:19:02,537-Speed 371.10 samples/sec   Loss 2.1552 Epoch: 15   Global Step: 7950   Required: 2 hours
Training: 2025-08-16 10:19:19,789-Speed 370.97 samples/sec   Loss 2.2869 Epoch: 15   Global Step: 8000   Required: 2 hours
Training: 2025-08-16 10:19:37,045-Speed 370.88 samples/sec   Loss 2.3794 Epoch: 15   Global Step: 8050   Required: 2 hours
Training: 2025-08-16 10:19:54,304-Speed 370.83 samples/sec   Loss 2.5104 Epoch: 15   Global Step: 8100   Required: 2 hours
Training: 2025-08-16 10:20:11,564-Speed 370.80 samples/sec   Loss 2.5354 Epoch: 15   Global Step: 8150   Required: 2 hours
Training: 2025-08-16 10:20:28,820-Speed 370.89 samples/sec   Loss 2.6611 Epoch: 15   Global Step: 8200   Required: 2 hours
Training: 2025-08-16 10:20:46,078-Speed 370.85 samples/sec   Loss 2.6996 Epoch: 15   Global Step: 8250   Required: 2 hours
Training: 2025-08-16 10:21:03,338-Speed 370.79 samples/sec   Loss 2.8980 Epoch: 15   Global Step: 8300   Required: 2 hours
Training: 2025-08-16 10:21:20,604-Speed 370.67 samples/sec   Loss 2.9884 Epoch: 15   Global Step: 8350   Required: 2 hours
Training: 2025-08-16 10:21:51,191-[lfw][8368]XNorm: 20.295114
Training: 2025-08-16 10:21:51,191-[lfw][8368]Accuracy-Flip: 0.95917+-0.00611
Training: 2025-08-16 10:21:51,191-[lfw][8368]Accuracy-Highest: 0.96267
Training: 2025-08-16 10:22:19,494-[cfp_fp][8368]XNorm: 16.737697
Training: 2025-08-16 10:22:19,494-[cfp_fp][8368]Accuracy-Flip: 0.79214+-0.01883
Training: 2025-08-16 10:22:19,494-[cfp_fp][8368]Accuracy-Highest: 0.79386
Training: 2025-08-16 10:22:43,847-[agedb_30][8368]XNorm: 18.633859
Training: 2025-08-16 10:22:43,847-[agedb_30][8368]Accuracy-Flip: 0.81483+-0.02426
Training: 2025-08-16 10:22:43,847-[agedb_30][8368]Accuracy-Highest: 0.81483
Training: 2025-08-16 10:23:08,286-[calfw][8368]XNorm: 19.926611
Training: 2025-08-16 10:23:08,287-[calfw][8368]Accuracy-Flip: 0.86250+-0.01268
Training: 2025-08-16 10:23:08,287-[calfw][8368]Accuracy-Highest: 0.86250
Training: 2025-08-16 10:23:32,834-[cplfw][8368]XNorm: 17.497005
Training: 2025-08-16 10:23:32,834-[cplfw][8368]Accuracy-Flip: 0.72533+-0.02052
Training: 2025-08-16 10:23:32,834-[cplfw][8368]Accuracy-Highest: 0.74617
Training: 2025-08-16 10:23:44,014-Speed 44.63 samples/sec   Loss 2.2544 Epoch: 16   Global Step: 8400   Required: 2 hours
Training: 2025-08-16 10:24:01,256-Speed 371.19 samples/sec   Loss 1.9139 Epoch: 16   Global Step: 8450   Required: 2 hours
Training: 2025-08-16 10:24:18,500-Speed 371.15 samples/sec   Loss 2.0458 Epoch: 16   Global Step: 8500   Required: 2 hours
Training: 2025-08-16 10:24:35,753-Speed 370.95 samples/sec   Loss 2.1572 Epoch: 16   Global Step: 8550   Required: 2 hours
Training: 2025-08-16 10:24:53,010-Speed 370.87 samples/sec   Loss 2.2306 Epoch: 16   Global Step: 8600   Required: 2 hours
Training: 2025-08-16 10:25:10,268-Speed 370.83 samples/sec   Loss 2.2594 Epoch: 16   Global Step: 8650   Required: 2 hours
Training: 2025-08-16 10:25:27,530-Speed 370.77 samples/sec   Loss 2.5161 Epoch: 16   Global Step: 8700   Required: 2 hours
Training: 2025-08-16 10:25:44,799-Speed 370.61 samples/sec   Loss 2.5022 Epoch: 16   Global Step: 8750   Required: 2 hours
Training: 2025-08-16 10:26:02,063-Speed 370.72 samples/sec   Loss 2.6340 Epoch: 16   Global Step: 8800   Required: 2 hours
Training: 2025-08-16 10:26:19,326-Speed 370.73 samples/sec   Loss 2.7284 Epoch: 16   Global Step: 8850   Required: 2 hours
Training: 2025-08-16 10:26:57,849-[lfw][8891]XNorm: 18.990634
Training: 2025-08-16 10:26:57,849-[lfw][8891]Accuracy-Flip: 0.96167+-0.01075
Training: 2025-08-16 10:26:57,849-[lfw][8891]Accuracy-Highest: 0.96267
Training: 2025-08-16 10:27:26,146-[cfp_fp][8891]XNorm: 15.955723
Training: 2025-08-16 10:27:26,146-[cfp_fp][8891]Accuracy-Flip: 0.78857+-0.01176
Training: 2025-08-16 10:27:26,146-[cfp_fp][8891]Accuracy-Highest: 0.79386
Training: 2025-08-16 10:27:50,494-[agedb_30][8891]XNorm: 17.314893
Training: 2025-08-16 10:27:50,494-[agedb_30][8891]Accuracy-Flip: 0.81367+-0.02075
Training: 2025-08-16 10:27:50,495-[agedb_30][8891]Accuracy-Highest: 0.81483
Training: 2025-08-16 10:28:14,934-[calfw][8891]XNorm: 18.729036
Training: 2025-08-16 10:28:14,934-[calfw][8891]Accuracy-Flip: 0.86217+-0.00997
Training: 2025-08-16 10:28:14,934-[calfw][8891]Accuracy-Highest: 0.86250
Training: 2025-08-16 10:28:39,369-[cplfw][8891]XNorm: 16.339240
Training: 2025-08-16 10:28:39,369-[cplfw][8891]Accuracy-Flip: 0.74000+-0.01553
Training: 2025-08-16 10:28:39,370-[cplfw][8891]Accuracy-Highest: 0.74617
Training: 2025-08-16 10:28:42,629-Speed 44.66 samples/sec   Loss 2.5007 Epoch: 17   Global Step: 8900   Required: 2 hours
Training: 2025-08-16 10:28:59,877-Speed 371.06 samples/sec   Loss 1.7134 Epoch: 17   Global Step: 8950   Required: 2 hours
Training: 2025-08-16 10:29:17,137-Speed 370.80 samples/sec   Loss 1.8352 Epoch: 17   Global Step: 9000   Required: 2 hours
Training: 2025-08-16 10:29:34,393-Speed 370.88 samples/sec   Loss 1.9185 Epoch: 17   Global Step: 9050   Required: 2 hours
Training: 2025-08-16 10:29:51,653-Speed 370.80 samples/sec   Loss 1.9967 Epoch: 17   Global Step: 9100   Required: 2 hours
Training: 2025-08-16 10:30:08,913-Speed 370.81 samples/sec   Loss 2.1752 Epoch: 17   Global Step: 9150   Required: 2 hours
Training: 2025-08-16 10:30:26,174-Speed 370.78 samples/sec   Loss 2.2816 Epoch: 17   Global Step: 9200   Required: 2 hours
Training: 2025-08-16 10:30:43,433-Speed 370.83 samples/sec   Loss 2.3105 Epoch: 17   Global Step: 9250   Required: 2 hours
Training: 2025-08-16 10:31:00,698-Speed 370.68 samples/sec   Loss 2.3655 Epoch: 17   Global Step: 9300   Required: 2 hours
Training: 2025-08-16 10:31:17,960-Speed 370.76 samples/sec   Loss 2.4536 Epoch: 17   Global Step: 9350   Required: 2 hours
Training: 2025-08-16 10:31:35,226-Speed 370.67 samples/sec   Loss 2.5831 Epoch: 17   Global Step: 9400   Required: 2 hours
Training: 2025-08-16 10:32:04,444-[lfw][9414]XNorm: 20.105545
Training: 2025-08-16 10:32:04,444-[lfw][9414]Accuracy-Flip: 0.95517+-0.00851
Training: 2025-08-16 10:32:04,444-[lfw][9414]Accuracy-Highest: 0.96267
Training: 2025-08-16 10:32:32,847-[cfp_fp][9414]XNorm: 16.847226
Training: 2025-08-16 10:32:32,848-[cfp_fp][9414]Accuracy-Flip: 0.77957+-0.01830
Training: 2025-08-16 10:32:32,848-[cfp_fp][9414]Accuracy-Highest: 0.79386
Training: 2025-08-16 10:32:57,211-[agedb_30][9414]XNorm: 18.239334
Training: 2025-08-16 10:32:57,211-[agedb_30][9414]Accuracy-Flip: 0.79933+-0.02028
Training: 2025-08-16 10:32:57,211-[agedb_30][9414]Accuracy-Highest: 0.81483
Training: 2025-08-16 10:33:21,662-[calfw][9414]XNorm: 19.848775
Training: 2025-08-16 10:33:21,662-[calfw][9414]Accuracy-Flip: 0.86350+-0.01371
Training: 2025-08-16 10:33:21,662-[calfw][9414]Accuracy-Highest: 0.86350
Training: 2025-08-16 10:33:46,132-[cplfw][9414]XNorm: 17.213446
Training: 2025-08-16 10:33:46,132-[cplfw][9414]Accuracy-Flip: 0.73783+-0.01272
Training: 2025-08-16 10:33:46,132-[cplfw][9414]Accuracy-Highest: 0.74617
Training: 2025-08-16 10:33:58,722-Speed 44.60 samples/sec   Loss 1.8455 Epoch: 18   Global Step: 9450   Required: 2 hours
Training: 2025-08-16 10:34:15,975-Speed 370.94 samples/sec   Loss 1.5578 Epoch: 18   Global Step: 9500   Required: 2 hours
Training: 2025-08-16 10:34:33,234-Speed 370.82 samples/sec   Loss 1.7705 Epoch: 18   Global Step: 9550   Required: 2 hours
Training: 2025-08-16 10:34:50,495-Speed 370.79 samples/sec   Loss 1.7276 Epoch: 18   Global Step: 9600   Required: 2 hours
Training: 2025-08-16 10:35:07,761-Speed 370.67 samples/sec   Loss 2.0846 Epoch: 18   Global Step: 9650   Required: 2 hours
Training: 2025-08-16 10:35:25,026-Speed 370.71 samples/sec   Loss 1.9816 Epoch: 18   Global Step: 9700   Required: 2 hours
Training: 2025-08-16 10:35:42,290-Speed 370.71 samples/sec   Loss 2.1029 Epoch: 18   Global Step: 9750   Required: 2 hours
Training: 2025-08-16 10:35:59,556-Speed 370.67 samples/sec   Loss 2.2717 Epoch: 18   Global Step: 9800   Required: 2 hours
Training: 2025-08-16 10:36:16,821-Speed 370.68 samples/sec   Loss 2.3229 Epoch: 18   Global Step: 9850   Required: 2 hours
Training: 2025-08-16 10:36:34,086-Speed 370.70 samples/sec   Loss 2.3405 Epoch: 18   Global Step: 9900   Required: 2 hours
Training: 2025-08-16 10:37:11,229-[lfw][9937]XNorm: 18.424244
Training: 2025-08-16 10:37:11,229-[lfw][9937]Accuracy-Flip: 0.96000+-0.00827
Training: 2025-08-16 10:37:11,229-[lfw][9937]Accuracy-Highest: 0.96267
Training: 2025-08-16 10:37:39,521-[cfp_fp][9937]XNorm: 15.455633
Training: 2025-08-16 10:37:39,521-[cfp_fp][9937]Accuracy-Flip: 0.80071+-0.01576
Training: 2025-08-16 10:37:39,521-[cfp_fp][9937]Accuracy-Highest: 0.80071
Training: 2025-08-16 10:38:03,871-[agedb_30][9937]XNorm: 17.131664
Training: 2025-08-16 10:38:03,871-[agedb_30][9937]Accuracy-Flip: 0.79567+-0.02251
Training: 2025-08-16 10:38:03,871-[agedb_30][9937]Accuracy-Highest: 0.81483
Training: 2025-08-16 10:38:28,311-[calfw][9937]XNorm: 18.172350
Training: 2025-08-16 10:38:28,311-[calfw][9937]Accuracy-Flip: 0.86083+-0.01564
Training: 2025-08-16 10:38:28,311-[calfw][9937]Accuracy-Highest: 0.86350
Training: 2025-08-16 10:38:52,758-[cplfw][9937]XNorm: 15.843274
Training: 2025-08-16 10:38:52,758-[cplfw][9937]Accuracy-Flip: 0.74867+-0.01610
Training: 2025-08-16 10:38:52,758-[cplfw][9937]Accuracy-Highest: 0.74867
Training: 2025-08-16 10:38:57,394-Speed 44.66 samples/sec   Loss 2.2045 Epoch: 19   Global Step: 9950   Required: 2 hours
Training: 2025-08-16 10:39:14,643-Speed 371.03 samples/sec   Loss 1.4601 Epoch: 19   Global Step: 10000   Required: 2 hours
Training: 2025-08-16 10:39:31,894-Speed 371.00 samples/sec   Loss 1.6144 Epoch: 19   Global Step: 10050   Required: 2 hours
Training: 2025-08-16 10:39:49,146-Speed 370.96 samples/sec   Loss 1.6708 Epoch: 19   Global Step: 10100   Required: 2 hours
Training: 2025-08-16 10:40:06,402-Speed 370.89 samples/sec   Loss 1.7663 Epoch: 19   Global Step: 10150   Required: 2 hours
Training: 2025-08-16 10:40:23,663-Speed 370.78 samples/sec   Loss 1.8923 Epoch: 19   Global Step: 10200   Required: 2 hours
Training: 2025-08-16 10:40:40,924-Speed 370.80 samples/sec   Loss 2.0173 Epoch: 19   Global Step: 10250   Required: 2 hours
Training: 2025-08-16 10:40:58,186-Speed 370.74 samples/sec   Loss 2.0753 Epoch: 19   Global Step: 10300   Required: 2 hours
Training: 2025-08-16 10:41:15,450-Speed 370.72 samples/sec   Loss 2.0382 Epoch: 19   Global Step: 10350   Required: 2 hours
Training: 2025-08-16 10:41:32,711-Speed 370.77 samples/sec   Loss 2.2700 Epoch: 19   Global Step: 10400   Required: 2 hours
Training: 2025-08-16 10:41:49,977-Speed 370.67 samples/sec   Loss 2.3328 Epoch: 19   Global Step: 10450   Required: 2 hours
Training: 2025-08-16 10:42:17,806-[lfw][10460]XNorm: 20.261445
Training: 2025-08-16 10:42:17,806-[lfw][10460]Accuracy-Flip: 0.96383+-0.00949
Training: 2025-08-16 10:42:17,806-[lfw][10460]Accuracy-Highest: 0.96383
Training: 2025-08-16 10:42:46,136-[cfp_fp][10460]XNorm: 17.174507
Training: 2025-08-16 10:42:46,136-[cfp_fp][10460]Accuracy-Flip: 0.79586+-0.01686
Training: 2025-08-16 10:42:46,136-[cfp_fp][10460]Accuracy-Highest: 0.80071
Training: 2025-08-16 10:43:10,497-[agedb_30][10460]XNorm: 18.838327
Training: 2025-08-16 10:43:10,497-[agedb_30][10460]Accuracy-Flip: 0.80883+-0.02326
Training: 2025-08-16 10:43:10,498-[agedb_30][10460]Accuracy-Highest: 0.81483
Training: 2025-08-16 10:43:34,940-[calfw][10460]XNorm: 20.048529
Training: 2025-08-16 10:43:34,940-[calfw][10460]Accuracy-Flip: 0.85583+-0.01270
Training: 2025-08-16 10:43:34,940-[calfw][10460]Accuracy-Highest: 0.86350
Training: 2025-08-16 10:43:59,406-[cplfw][10460]XNorm: 17.409929
Training: 2025-08-16 10:43:59,406-[cplfw][10460]Accuracy-Flip: 0.74517+-0.02179
Training: 2025-08-16 10:43:59,406-[cplfw][10460]Accuracy-Highest: 0.74867
Training: 2025-08-16 10:44:13,391-Speed 44.63 samples/sec   Loss 1.5537 Epoch: 20   Global Step: 10500   Required: 2 hours
Training: 2025-08-16 10:44:30,640-Speed 371.04 samples/sec   Loss 1.4235 Epoch: 20   Global Step: 10550   Required: 2 hours
Training: 2025-08-16 10:44:47,894-Speed 370.94 samples/sec   Loss 1.4750 Epoch: 20   Global Step: 10600   Required: 2 hours
Training: 2025-08-16 10:45:05,147-Speed 370.96 samples/sec   Loss 1.6319 Epoch: 20   Global Step: 10650   Required: 2 hours
Training: 2025-08-16 10:45:22,399-Speed 370.97 samples/sec   Loss 1.8057 Epoch: 20   Global Step: 10700   Required: 2 hours
Training: 2025-08-16 10:45:39,656-Speed 370.87 samples/sec   Loss 1.8306 Epoch: 20   Global Step: 10750   Required: 2 hours
Training: 2025-08-16 10:45:56,913-Speed 370.86 samples/sec   Loss 1.9441 Epoch: 20   Global Step: 10800   Required: 2 hours
Training: 2025-08-16 10:46:14,175-Speed 370.77 samples/sec   Loss 1.9967 Epoch: 20   Global Step: 10850   Required: 2 hours
Training: 2025-08-16 10:46:31,436-Speed 370.77 samples/sec   Loss 1.9895 Epoch: 20   Global Step: 10900   Required: 2 hours
Training: 2025-08-16 10:46:48,699-Speed 370.73 samples/sec   Loss 2.3219 Epoch: 20   Global Step: 10950   Required: 2 hours
Training: 2025-08-16 10:47:24,449-[lfw][10983]XNorm: 20.184326
Training: 2025-08-16 10:47:24,449-[lfw][10983]Accuracy-Flip: 0.95967+-0.00977
Training: 2025-08-16 10:47:24,449-[lfw][10983]Accuracy-Highest: 0.96383
Training: 2025-08-16 10:47:52,751-[cfp_fp][10983]XNorm: 17.161227
Training: 2025-08-16 10:47:52,751-[cfp_fp][10983]Accuracy-Flip: 0.78800+-0.01728
Training: 2025-08-16 10:47:52,751-[cfp_fp][10983]Accuracy-Highest: 0.80071
Training: 2025-08-16 10:48:17,089-[agedb_30][10983]XNorm: 18.738903
Training: 2025-08-16 10:48:17,090-[agedb_30][10983]Accuracy-Flip: 0.82250+-0.02123
Training: 2025-08-16 10:48:17,090-[agedb_30][10983]Accuracy-Highest: 0.82250
Training: 2025-08-16 10:48:41,526-[calfw][10983]XNorm: 20.206824
Training: 2025-08-16 10:48:41,526-[calfw][10983]Accuracy-Flip: 0.85783+-0.01965
Training: 2025-08-16 10:48:41,526-[calfw][10983]Accuracy-Highest: 0.86350
Training: 2025-08-16 10:49:05,981-[cplfw][10983]XNorm: 17.360024
Training: 2025-08-16 10:49:05,981-[cplfw][10983]Accuracy-Flip: 0.73900+-0.02051
Training: 2025-08-16 10:49:05,981-[cplfw][10983]Accuracy-Highest: 0.74867
Training: 2025-08-16 10:49:11,985-Speed 44.67 samples/sec   Loss 1.7904 Epoch: 21   Global Step: 11000   Required: 2 hours
Training: 2025-08-16 10:49:29,219-Speed 371.36 samples/sec   Loss 0.9819 Epoch: 21   Global Step: 11050   Required: 2 hours
Training: 2025-08-16 10:49:46,457-Speed 371.28 samples/sec   Loss 0.9143 Epoch: 21   Global Step: 11100   Required: 2 hours
Training: 2025-08-16 10:50:03,700-Speed 371.16 samples/sec   Loss 0.8471 Epoch: 21   Global Step: 11150   Required: 2 hours
Training: 2025-08-16 10:50:20,945-Speed 371.13 samples/sec   Loss 0.7457 Epoch: 21   Global Step: 11200   Required: 2 hours
Training: 2025-08-16 10:50:38,190-Speed 371.11 samples/sec   Loss 0.7056 Epoch: 21   Global Step: 11250   Required: 2 hours
Training: 2025-08-16 10:50:55,435-Speed 371.14 samples/sec   Loss 0.7009 Epoch: 21   Global Step: 11300   Required: 2 hours
Training: 2025-08-16 10:51:12,686-Speed 370.99 samples/sec   Loss 0.7116 Epoch: 21   Global Step: 11350   Required: 2 hours
Training: 2025-08-16 10:51:29,939-Speed 370.96 samples/sec   Loss 0.6518 Epoch: 21   Global Step: 11400   Required: 2 hours
Training: 2025-08-16 10:51:47,195-Speed 370.88 samples/sec   Loss 0.6785 Epoch: 21   Global Step: 11450   Required: 2 hours
Training: 2025-08-16 10:52:04,447-Speed 370.98 samples/sec   Loss 0.6544 Epoch: 21   Global Step: 11500   Required: 2 hours
Training: 2025-08-16 10:52:30,869-[lfw][11506]XNorm: 19.737319
Training: 2025-08-16 10:52:30,869-[lfw][11506]Accuracy-Flip: 0.96617+-0.00972
Training: 2025-08-16 10:52:30,869-[lfw][11506]Accuracy-Highest: 0.96617
Training: 2025-08-16 10:52:59,161-[cfp_fp][11506]XNorm: 16.566399
Training: 2025-08-16 10:52:59,161-[cfp_fp][11506]Accuracy-Flip: 0.80900+-0.01590
Training: 2025-08-16 10:52:59,161-[cfp_fp][11506]Accuracy-Highest: 0.80900
Training: 2025-08-16 10:53:23,501-[agedb_30][11506]XNorm: 18.287735
Training: 2025-08-16 10:53:23,501-[agedb_30][11506]Accuracy-Flip: 0.82483+-0.01927
Training: 2025-08-16 10:53:23,501-[agedb_30][11506]Accuracy-Highest: 0.82483
Training: 2025-08-16 10:53:47,934-[calfw][11506]XNorm: 19.604637
Training: 2025-08-16 10:53:47,934-[calfw][11506]Accuracy-Flip: 0.87050+-0.01648
Training: 2025-08-16 10:53:47,934-[calfw][11506]Accuracy-Highest: 0.87050
Training: 2025-08-16 10:54:12,402-[cplfw][11506]XNorm: 16.872352
Training: 2025-08-16 10:54:12,402-[cplfw][11506]Accuracy-Flip: 0.75783+-0.01941
Training: 2025-08-16 10:54:12,402-[cplfw][11506]Accuracy-Highest: 0.75783
Training: 2025-08-16 10:54:27,743-Speed 44.66 samples/sec   Loss 0.5138 Epoch: 22   Global Step: 11550   Required: 2 hours
Training: 2025-08-16 10:54:44,984-Speed 371.21 samples/sec   Loss 0.4606 Epoch: 22   Global Step: 11600   Required: 2 hours
Training: 2025-08-16 10:55:02,229-Speed 371.13 samples/sec   Loss 0.4038 Epoch: 22   Global Step: 11650   Required: 2 hours
Training: 2025-08-16 10:55:19,479-Speed 371.01 samples/sec   Loss 0.4497 Epoch: 22   Global Step: 11700   Required: 1 hours
Training: 2025-08-16 10:55:36,733-Speed 370.94 samples/sec   Loss 0.4522 Epoch: 22   Global Step: 11750   Required: 1 hours
Training: 2025-08-16 10:55:53,995-Speed 370.75 samples/sec   Loss 0.4495 Epoch: 22   Global Step: 11800   Required: 1 hours
Training: 2025-08-16 10:56:11,254-Speed 370.81 samples/sec   Loss 0.4514 Epoch: 22   Global Step: 11850   Required: 1 hours
Training: 2025-08-16 10:56:28,508-Speed 370.93 samples/sec   Loss 0.4414 Epoch: 22   Global Step: 11900   Required: 1 hours
Training: 2025-08-16 10:56:45,758-Speed 371.03 samples/sec   Loss 0.4543 Epoch: 22   Global Step: 11950   Required: 1 hours
Training: 2025-08-16 10:57:03,013-Speed 370.89 samples/sec   Loss 0.4231 Epoch: 22   Global Step: 12000   Required: 1 hours
Training: 2025-08-16 10:57:37,384-[lfw][12029]XNorm: 19.582201
Training: 2025-08-16 10:57:37,384-[lfw][12029]Accuracy-Flip: 0.96600+-0.00955
Training: 2025-08-16 10:57:37,385-[lfw][12029]Accuracy-Highest: 0.96617
Training: 2025-08-16 10:58:05,690-[cfp_fp][12029]XNorm: 16.517119
Training: 2025-08-16 10:58:05,690-[cfp_fp][12029]Accuracy-Flip: 0.80000+-0.01391
Training: 2025-08-16 10:58:05,690-[cfp_fp][12029]Accuracy-Highest: 0.80900
Training: 2025-08-16 10:58:30,032-[agedb_30][12029]XNorm: 18.309725
Training: 2025-08-16 10:58:30,032-[agedb_30][12029]Accuracy-Flip: 0.81800+-0.01850
Training: 2025-08-16 10:58:30,032-[agedb_30][12029]Accuracy-Highest: 0.82483
Training: 2025-08-16 10:58:54,467-[calfw][12029]XNorm: 19.485371
Training: 2025-08-16 10:58:54,467-[calfw][12029]Accuracy-Flip: 0.86983+-0.01473
Training: 2025-08-16 10:58:54,468-[calfw][12029]Accuracy-Highest: 0.87050
Training: 2025-08-16 10:59:18,926-[cplfw][12029]XNorm: 16.810619
Training: 2025-08-16 10:59:18,926-[cplfw][12029]Accuracy-Flip: 0.75117+-0.01708
Training: 2025-08-16 10:59:18,926-[cplfw][12029]Accuracy-Highest: 0.75783
Training: 2025-08-16 10:59:26,315-Speed 44.66 samples/sec   Loss 0.3669 Epoch: 23   Global Step: 12050   Required: 1 hours
Training: 2025-08-16 10:59:43,565-Speed 371.01 samples/sec   Loss 0.2844 Epoch: 23   Global Step: 12100   Required: 1 hours
Training: 2025-08-16 11:00:00,822-Speed 370.88 samples/sec   Loss 0.2743 Epoch: 23   Global Step: 12150   Required: 1 hours
Training: 2025-08-16 11:00:18,080-Speed 370.85 samples/sec   Loss 0.2883 Epoch: 23   Global Step: 12200   Required: 1 hours
Training: 2025-08-16 11:00:35,341-Speed 370.78 samples/sec   Loss 0.3072 Epoch: 23   Global Step: 12250   Required: 1 hours
Training: 2025-08-16 11:00:52,603-Speed 370.75 samples/sec   Loss 0.3197 Epoch: 23   Global Step: 12300   Required: 1 hours
Training: 2025-08-16 11:01:09,866-Speed 370.73 samples/sec   Loss 0.3072 Epoch: 23   Global Step: 12350   Required: 1 hours
Training: 2025-08-16 11:01:27,136-Speed 370.59 samples/sec   Loss 0.2680 Epoch: 23   Global Step: 12400   Required: 1 hours
Training: 2025-08-16 11:01:44,407-Speed 370.57 samples/sec   Loss 0.3232 Epoch: 23   Global Step: 12450   Required: 1 hours
Training: 2025-08-16 11:02:01,675-Speed 370.62 samples/sec   Loss 0.2949 Epoch: 23   Global Step: 12500   Required: 1 hours
Training: 2025-08-16 11:02:18,939-Speed 370.71 samples/sec   Loss 0.2989 Epoch: 23   Global Step: 12550   Required: 1 hours
Training: 2025-08-16 11:02:44,015-[lfw][12552]XNorm: 19.475077
Training: 2025-08-16 11:02:44,015-[lfw][12552]Accuracy-Flip: 0.96667+-0.01000
Training: 2025-08-16 11:02:44,015-[lfw][12552]Accuracy-Highest: 0.96667
Training: 2025-08-16 11:03:12,340-[cfp_fp][12552]XNorm: 16.367839
Training: 2025-08-16 11:03:12,340-[cfp_fp][12552]Accuracy-Flip: 0.79871+-0.01236
Training: 2025-08-16 11:03:12,340-[cfp_fp][12552]Accuracy-Highest: 0.80900
Training: 2025-08-16 11:03:36,704-[agedb_30][12552]XNorm: 18.115601
Training: 2025-08-16 11:03:36,704-[agedb_30][12552]Accuracy-Flip: 0.82050+-0.01962
Training: 2025-08-16 11:03:36,704-[agedb_30][12552]Accuracy-Highest: 0.82483
Training: 2025-08-16 11:04:01,158-[calfw][12552]XNorm: 19.291999
Training: 2025-08-16 11:04:01,158-[calfw][12552]Accuracy-Flip: 0.86917+-0.01285
Training: 2025-08-16 11:04:01,158-[calfw][12552]Accuracy-Highest: 0.87050
Training: 2025-08-16 11:04:25,604-[cplfw][12552]XNorm: 16.756024
Training: 2025-08-16 11:04:25,604-[cplfw][12552]Accuracy-Flip: 0.74983+-0.02027
Training: 2025-08-16 11:04:25,604-[cplfw][12552]Accuracy-Highest: 0.75783
Training: 2025-08-16 11:04:42,301-Speed 44.64 samples/sec   Loss 0.1849 Epoch: 24   Global Step: 12600   Required: 1 hours
Training: 2025-08-16 11:04:59,548-Speed 371.08 samples/sec   Loss 0.1866 Epoch: 24   Global Step: 12650   Required: 1 hours
Training: 2025-08-16 11:05:16,800-Speed 370.99 samples/sec   Loss 0.1761 Epoch: 24   Global Step: 12700   Required: 1 hours
Training: 2025-08-16 11:05:34,049-Speed 371.02 samples/sec   Loss 0.2078 Epoch: 24   Global Step: 12750   Required: 1 hours
Training: 2025-08-16 11:05:51,309-Speed 370.82 samples/sec   Loss 0.2208 Epoch: 24   Global Step: 12800   Required: 1 hours
Training: 2025-08-16 11:06:08,570-Speed 370.77 samples/sec   Loss 0.1960 Epoch: 24   Global Step: 12850   Required: 1 hours
Training: 2025-08-16 11:06:25,824-Speed 370.93 samples/sec   Loss 0.1992 Epoch: 24   Global Step: 12900   Required: 1 hours
Training: 2025-08-16 11:06:43,085-Speed 370.78 samples/sec   Loss 0.2198 Epoch: 24   Global Step: 12950   Required: 1 hours
Training: 2025-08-16 11:07:00,346-Speed 370.79 samples/sec   Loss 0.2015 Epoch: 24   Global Step: 13000   Required: 1 hours
Training: 2025-08-16 11:07:17,611-Speed 370.70 samples/sec   Loss 0.1861 Epoch: 24   Global Step: 13050   Required: 1 hours
Training: 2025-08-16 11:07:50,605-[lfw][13075]XNorm: 19.450921
Training: 2025-08-16 11:07:50,605-[lfw][13075]Accuracy-Flip: 0.96733+-0.00895
Training: 2025-08-16 11:07:50,605-[lfw][13075]Accuracy-Highest: 0.96733
Training: 2025-08-16 11:08:18,948-[cfp_fp][13075]XNorm: 16.418993
Training: 2025-08-16 11:08:18,948-[cfp_fp][13075]Accuracy-Flip: 0.80500+-0.01182
Training: 2025-08-16 11:08:18,948-[cfp_fp][13075]Accuracy-Highest: 0.80900
Training: 2025-08-16 11:08:43,297-[agedb_30][13075]XNorm: 18.085647
Training: 2025-08-16 11:08:43,297-[agedb_30][13075]Accuracy-Flip: 0.81933+-0.01950
Training: 2025-08-16 11:08:43,297-[agedb_30][13075]Accuracy-Highest: 0.82483
Training: 2025-08-16 11:09:07,724-[calfw][13075]XNorm: 19.272246
Training: 2025-08-16 11:09:07,724-[calfw][13075]Accuracy-Flip: 0.86983+-0.01733
Training: 2025-08-16 11:09:07,724-[calfw][13075]Accuracy-Highest: 0.87050
Training: 2025-08-16 11:09:32,152-[cplfw][13075]XNorm: 16.786654
Training: 2025-08-16 11:09:32,152-[cplfw][13075]Accuracy-Flip: 0.75117+-0.01859
Training: 2025-08-16 11:09:32,152-[cplfw][13075]Accuracy-Highest: 0.75783
Training: 2025-08-16 11:09:40,938-Speed 44.65 samples/sec   Loss 0.1629 Epoch: 25   Global Step: 13100   Required: 1 hours
Training: 2025-08-16 11:09:58,183-Speed 371.12 samples/sec   Loss 0.1262 Epoch: 25   Global Step: 13150   Required: 1 hours
Training: 2025-08-16 11:10:15,434-Speed 371.01 samples/sec   Loss 0.1358 Epoch: 25   Global Step: 13200   Required: 1 hours
Training: 2025-08-16 11:10:32,683-Speed 371.04 samples/sec   Loss 0.1443 Epoch: 25   Global Step: 13250   Required: 1 hours
Training: 2025-08-16 11:10:49,939-Speed 370.90 samples/sec   Loss 0.1165 Epoch: 25   Global Step: 13300   Required: 1 hours
Training: 2025-08-16 11:11:07,199-Speed 370.80 samples/sec   Loss 0.1285 Epoch: 25   Global Step: 13350   Required: 1 hours
Training: 2025-08-16 11:11:24,462-Speed 370.72 samples/sec   Loss 0.1216 Epoch: 25   Global Step: 13400   Required: 1 hours
Training: 2025-08-16 11:11:41,723-Speed 370.80 samples/sec   Loss 0.1107 Epoch: 25   Global Step: 13450   Required: 1 hours
Training: 2025-08-16 11:11:58,988-Speed 370.69 samples/sec   Loss 0.1544 Epoch: 25   Global Step: 13500   Required: 1 hours
Training: 2025-08-16 11:12:16,256-Speed 370.62 samples/sec   Loss 0.1191 Epoch: 25   Global Step: 13550   Required: 1 hours
Training: 2025-08-16 11:12:57,193-[lfw][13598]XNorm: 19.403525
Training: 2025-08-16 11:12:57,193-[lfw][13598]Accuracy-Flip: 0.96717+-0.00934
Training: 2025-08-16 11:12:57,193-[lfw][13598]Accuracy-Highest: 0.96733
Training: 2025-08-16 11:13:25,561-[cfp_fp][13598]XNorm: 16.457749
Training: 2025-08-16 11:13:25,561-[cfp_fp][13598]Accuracy-Flip: 0.80657+-0.01391
Training: 2025-08-16 11:13:25,561-[cfp_fp][13598]Accuracy-Highest: 0.80900
Training: 2025-08-16 11:13:49,950-[agedb_30][13598]XNorm: 18.130524
Training: 2025-08-16 11:13:49,950-[agedb_30][13598]Accuracy-Flip: 0.81767+-0.02325
Training: 2025-08-16 11:13:49,950-[agedb_30][13598]Accuracy-Highest: 0.82483
Training: 2025-08-16 11:14:14,392-[calfw][13598]XNorm: 19.248992
Training: 2025-08-16 11:14:14,392-[calfw][13598]Accuracy-Flip: 0.86300+-0.01388
Training: 2025-08-16 11:14:14,392-[calfw][13598]Accuracy-Highest: 0.87050
Training: 2025-08-16 11:14:38,833-[cplfw][13598]XNorm: 16.789777
Training: 2025-08-16 11:14:38,834-[cplfw][13598]Accuracy-Flip: 0.75550+-0.01690
Training: 2025-08-16 11:14:38,834-[cplfw][13598]Accuracy-Highest: 0.75783
Training: 2025-08-16 11:14:39,719-Speed 44.61 samples/sec   Loss 0.1381 Epoch: 26   Global Step: 13600   Required: 1 hours
Training: 2025-08-16 11:14:56,959-Speed 371.23 samples/sec   Loss 0.0901 Epoch: 26   Global Step: 13650   Required: 1 hours
Training: 2025-08-16 11:15:14,210-Speed 371.00 samples/sec   Loss 0.0968 Epoch: 26   Global Step: 13700   Required: 1 hours
Training: 2025-08-16 11:15:31,461-Speed 370.99 samples/sec   Loss 0.0903 Epoch: 26   Global Step: 13750   Required: 1 hours
Training: 2025-08-16 11:15:48,711-Speed 371.01 samples/sec   Loss 0.0856 Epoch: 26   Global Step: 13800   Required: 1 hours
Training: 2025-08-16 11:16:05,964-Speed 370.96 samples/sec   Loss 0.0899 Epoch: 26   Global Step: 13850   Required: 1 hours
Training: 2025-08-16 11:16:23,216-Speed 370.97 samples/sec   Loss 0.0927 Epoch: 26   Global Step: 13900   Required: 1 hours
Training: 2025-08-16 11:16:40,468-Speed 370.97 samples/sec   Loss 0.0940 Epoch: 26   Global Step: 13950   Required: 1 hours
Training: 2025-08-16 11:16:57,721-Speed 370.95 samples/sec   Loss 0.1036 Epoch: 26   Global Step: 14000   Required: 1 hours
Training: 2025-08-16 11:17:14,973-Speed 370.98 samples/sec   Loss 0.0973 Epoch: 26   Global Step: 14050   Required: 1 hours
Training: 2025-08-16 11:17:32,230-Speed 370.87 samples/sec   Loss 0.1094 Epoch: 26   Global Step: 14100   Required: 1 hours
Training: 2025-08-16 11:18:03,834-[lfw][14121]XNorm: 19.491260
Training: 2025-08-16 11:18:03,834-[lfw][14121]Accuracy-Flip: 0.96233+-0.01001
Training: 2025-08-16 11:18:03,834-[lfw][14121]Accuracy-Highest: 0.96733
Training: 2025-08-16 11:18:32,198-[cfp_fp][14121]XNorm: 16.528605
Training: 2025-08-16 11:18:32,199-[cfp_fp][14121]Accuracy-Flip: 0.80286+-0.01391
Training: 2025-08-16 11:18:32,199-[cfp_fp][14121]Accuracy-Highest: 0.80900
Training: 2025-08-16 11:18:56,533-[agedb_30][14121]XNorm: 18.182313
Training: 2025-08-16 11:18:56,533-[agedb_30][14121]Accuracy-Flip: 0.81933+-0.02145
Training: 2025-08-16 11:18:56,533-[agedb_30][14121]Accuracy-Highest: 0.82483
Training: 2025-08-16 11:19:20,960-[calfw][14121]XNorm: 19.346510
Training: 2025-08-16 11:19:20,960-[calfw][14121]Accuracy-Flip: 0.86583+-0.01421
Training: 2025-08-16 11:19:20,960-[calfw][14121]Accuracy-Highest: 0.87050
Training: 2025-08-16 11:19:45,384-[cplfw][14121]XNorm: 16.820100
Training: 2025-08-16 11:19:45,384-[cplfw][14121]Accuracy-Flip: 0.75533+-0.01891
Training: 2025-08-16 11:19:45,384-[cplfw][14121]Accuracy-Highest: 0.75783
Training: 2025-08-16 11:19:55,537-Speed 44.66 samples/sec   Loss 0.0821 Epoch: 27   Global Step: 14150   Required: 1 hours
Training: 2025-08-16 11:20:12,775-Speed 371.26 samples/sec   Loss 0.0617 Epoch: 27   Global Step: 14200   Required: 1 hours
Training: 2025-08-16 11:20:30,021-Speed 371.12 samples/sec   Loss 0.0602 Epoch: 27   Global Step: 14250   Required: 1 hours
Training: 2025-08-16 11:20:47,273-Speed 370.98 samples/sec   Loss 0.0673 Epoch: 27   Global Step: 14300   Required: 1 hours
Training: 2025-08-16 11:21:04,521-Speed 371.05 samples/sec   Loss 0.0728 Epoch: 27   Global Step: 14350   Required: 1 hours
Training: 2025-08-16 11:21:21,776-Speed 370.90 samples/sec   Loss 0.0573 Epoch: 27   Global Step: 14400   Required: 1 hours
Training: 2025-08-16 11:21:39,033-Speed 370.87 samples/sec   Loss 0.0695 Epoch: 27   Global Step: 14450   Required: 1 hours
Training: 2025-08-16 11:21:56,294-Speed 370.79 samples/sec   Loss 0.0667 Epoch: 27   Global Step: 14500   Required: 1 hours
Training: 2025-08-16 11:22:13,549-Speed 370.90 samples/sec   Loss 0.0765 Epoch: 27   Global Step: 14550   Required: 1 hours
Training: 2025-08-16 11:22:30,803-Speed 370.93 samples/sec   Loss 0.0580 Epoch: 27   Global Step: 14600   Required: 1 hours
Training: 2025-08-16 11:23:10,347-[lfw][14644]XNorm: 19.262803
Training: 2025-08-16 11:23:10,347-[lfw][14644]Accuracy-Flip: 0.96200+-0.01008
Training: 2025-08-16 11:23:10,347-[lfw][14644]Accuracy-Highest: 0.96733
Training: 2025-08-16 11:23:38,648-[cfp_fp][14644]XNorm: 16.404823
Training: 2025-08-16 11:23:38,648-[cfp_fp][14644]Accuracy-Flip: 0.80343+-0.01256
Training: 2025-08-16 11:23:38,648-[cfp_fp][14644]Accuracy-Highest: 0.80900
Training: 2025-08-16 11:24:02,996-[agedb_30][14644]XNorm: 18.102240
Training: 2025-08-16 11:24:02,996-[agedb_30][14644]Accuracy-Flip: 0.82333+-0.02060
Training: 2025-08-16 11:24:02,996-[agedb_30][14644]Accuracy-Highest: 0.82483
Training: 2025-08-16 11:24:27,430-[calfw][14644]XNorm: 19.109041
Training: 2025-08-16 11:24:27,430-[calfw][14644]Accuracy-Flip: 0.86950+-0.01613
Training: 2025-08-16 11:24:27,430-[calfw][14644]Accuracy-Highest: 0.87050
Training: 2025-08-16 11:24:51,862-[cplfw][14644]XNorm: 16.658831
Training: 2025-08-16 11:24:51,863-[cplfw][14644]Accuracy-Flip: 0.75467+-0.01994
Training: 2025-08-16 11:24:51,863-[cplfw][14644]Accuracy-Highest: 0.75783
Training: 2025-08-16 11:24:54,093-Speed 44.66 samples/sec   Loss 0.0585 Epoch: 28   Global Step: 14650   Required: 1 hours
Training: 2025-08-16 11:25:11,332-Speed 371.25 samples/sec   Loss 0.0501 Epoch: 28   Global Step: 14700   Required: 1 hours
Training: 2025-08-16 11:25:28,581-Speed 371.05 samples/sec   Loss 0.0394 Epoch: 28   Global Step: 14750   Required: 1 hours
Training: 2025-08-16 11:25:45,836-Speed 370.91 samples/sec   Loss 0.0410 Epoch: 28   Global Step: 14800   Required: 1 hours
Training: 2025-08-16 11:26:03,090-Speed 370.93 samples/sec   Loss 0.0359 Epoch: 28   Global Step: 14850   Required: 1 hours
Training: 2025-08-16 11:26:20,348-Speed 370.85 samples/sec   Loss 0.0407 Epoch: 28   Global Step: 14900   Required: 1 hours
Training: 2025-08-16 11:26:37,601-Speed 370.94 samples/sec   Loss 0.0399 Epoch: 28   Global Step: 14950   Required: 1 hours
Training: 2025-08-16 11:26:54,861-Speed 370.82 samples/sec   Loss 0.0471 Epoch: 28   Global Step: 15000   Required: 1 hours
Training: 2025-08-16 11:27:12,121-Speed 370.79 samples/sec   Loss 0.0486 Epoch: 28   Global Step: 15050   Required: 1 hours
Training: 2025-08-16 11:27:29,382-Speed 370.79 samples/sec   Loss 0.0590 Epoch: 28   Global Step: 15100   Required: 1 hours
Training: 2025-08-16 11:27:46,637-Speed 370.89 samples/sec   Loss 0.0399 Epoch: 28   Global Step: 15150   Required: 1 hours
Training: 2025-08-16 11:28:16,844-[lfw][15167]XNorm: 19.583739
Training: 2025-08-16 11:28:16,844-[lfw][15167]Accuracy-Flip: 0.96550+-0.01116
Training: 2025-08-16 11:28:16,844-[lfw][15167]Accuracy-Highest: 0.96733
Training: 2025-08-16 11:28:45,198-[cfp_fp][15167]XNorm: 16.543294
Training: 2025-08-16 11:28:45,198-[cfp_fp][15167]Accuracy-Flip: 0.80257+-0.01157
Training: 2025-08-16 11:28:45,198-[cfp_fp][15167]Accuracy-Highest: 0.80900
Training: 2025-08-16 11:29:09,557-[agedb_30][15167]XNorm: 18.333469
Training: 2025-08-16 11:29:09,557-[agedb_30][15167]Accuracy-Flip: 0.82133+-0.01804
Training: 2025-08-16 11:29:09,557-[agedb_30][15167]Accuracy-Highest: 0.82483
Training: 2025-08-16 11:29:33,981-[calfw][15167]XNorm: 19.410281
Training: 2025-08-16 11:29:33,981-[calfw][15167]Accuracy-Flip: 0.86900+-0.01702
Training: 2025-08-16 11:29:33,981-[calfw][15167]Accuracy-Highest: 0.87050
Training: 2025-08-16 11:29:58,397-[cplfw][15167]XNorm: 16.915244
Training: 2025-08-16 11:29:58,397-[cplfw][15167]Accuracy-Flip: 0.75133+-0.01443
Training: 2025-08-16 11:29:58,397-[cplfw][15167]Accuracy-Highest: 0.75783
Training: 2025-08-16 11:30:09,974-Speed 44.65 samples/sec   Loss 0.0342 Epoch: 29   Global Step: 15200   Required: 1 hours
Training: 2025-08-16 11:30:27,217-Speed 371.17 samples/sec   Loss 0.0363 Epoch: 29   Global Step: 15250   Required: 1 hours
Training: 2025-08-16 11:30:44,466-Speed 371.05 samples/sec   Loss 0.0248 Epoch: 29   Global Step: 15300   Required: 1 hours
Training: 2025-08-16 11:31:01,721-Speed 370.91 samples/sec   Loss 0.0307 Epoch: 29   Global Step: 15350   Required: 1 hours
Training: 2025-08-16 11:31:18,979-Speed 370.83 samples/sec   Loss 0.0265 Epoch: 29   Global Step: 15400   Required: 1 hours
Training: 2025-08-16 11:31:36,232-Speed 370.96 samples/sec   Loss 0.0250 Epoch: 29   Global Step: 15450   Required: 1 hours
Training: 2025-08-16 11:31:53,488-Speed 370.89 samples/sec   Loss 0.0268 Epoch: 29   Global Step: 15500   Required: 1 hours
Training: 2025-08-16 11:32:10,747-Speed 370.83 samples/sec   Loss 0.0298 Epoch: 29   Global Step: 15550   Required: 1 hours
Training: 2025-08-16 11:32:28,001-Speed 370.92 samples/sec   Loss 0.0375 Epoch: 29   Global Step: 15600   Required: 1 hours
Training: 2025-08-16 11:32:45,259-Speed 370.85 samples/sec   Loss 0.0310 Epoch: 29   Global Step: 15650   Required: 1 hours
Training: 2025-08-16 11:33:23,431-[lfw][15690]XNorm: 19.487227
Training: 2025-08-16 11:33:23,431-[lfw][15690]Accuracy-Flip: 0.96450+-0.01028
Training: 2025-08-16 11:33:23,431-[lfw][15690]Accuracy-Highest: 0.96733
Training: 2025-08-16 11:33:51,736-[cfp_fp][15690]XNorm: 16.477648
Training: 2025-08-16 11:33:51,737-[cfp_fp][15690]Accuracy-Flip: 0.80700+-0.01439
Training: 2025-08-16 11:33:51,737-[cfp_fp][15690]Accuracy-Highest: 0.80900
Training: 2025-08-16 11:34:16,080-[agedb_30][15690]XNorm: 18.248430
Training: 2025-08-16 11:34:16,080-[agedb_30][15690]Accuracy-Flip: 0.82000+-0.02012
Training: 2025-08-16 11:34:16,081-[agedb_30][15690]Accuracy-Highest: 0.82483
Training: 2025-08-16 11:34:40,506-[calfw][15690]XNorm: 19.325643
Training: 2025-08-16 11:34:40,507-[calfw][15690]Accuracy-Flip: 0.86800+-0.01464
Training: 2025-08-16 11:34:40,507-[calfw][15690]Accuracy-Highest: 0.87050
Training: 2025-08-16 11:35:04,934-[cplfw][15690]XNorm: 16.815370
Training: 2025-08-16 11:35:04,934-[cplfw][15690]Accuracy-Flip: 0.75033+-0.01549
Training: 2025-08-16 11:35:04,934-[cplfw][15690]Accuracy-Highest: 0.75783
Training: 2025-08-16 11:35:08,576-Speed 44.66 samples/sec   Loss 0.0404 Epoch: 30   Global Step: 15700   Required: 1 hours
Training: 2025-08-16 11:35:25,817-Speed 371.21 samples/sec   Loss 0.0366 Epoch: 30   Global Step: 15750   Required: 1 hours
Training: 2025-08-16 11:35:43,062-Speed 371.11 samples/sec   Loss 0.0258 Epoch: 30   Global Step: 15800   Required: 1 hours
Training: 2025-08-16 11:36:00,312-Speed 371.03 samples/sec   Loss 0.0243 Epoch: 30   Global Step: 15850   Required: 1 hours
Training: 2025-08-16 11:36:17,564-Speed 370.97 samples/sec   Loss 0.0328 Epoch: 30   Global Step: 15900   Required: 1 hours
Training: 2025-08-16 11:36:34,823-Speed 370.83 samples/sec   Loss 0.0242 Epoch: 30   Global Step: 15950   Required: 1 hours
Training: 2025-08-16 11:36:52,085-Speed 370.75 samples/sec   Loss 0.0298 Epoch: 30   Global Step: 16000   Required: 1 hours
Training: 2025-08-16 11:37:09,348-Speed 370.75 samples/sec   Loss 0.0263 Epoch: 30   Global Step: 16050   Required: 1 hours
Training: 2025-08-16 11:37:26,612-Speed 370.71 samples/sec   Loss 0.0304 Epoch: 30   Global Step: 16100   Required: 1 hours
Training: 2025-08-16 11:37:43,873-Speed 370.77 samples/sec   Loss 0.0290 Epoch: 30   Global Step: 16150   Required: 1 hours
Training: 2025-08-16 11:38:01,140-Speed 370.67 samples/sec   Loss 0.0275 Epoch: 30   Global Step: 16200   Required: 1 hours
Training: 2025-08-16 11:38:29,992-[lfw][16213]XNorm: 19.370101
Training: 2025-08-16 11:38:29,992-[lfw][16213]Accuracy-Flip: 0.96500+-0.01169
Training: 2025-08-16 11:38:29,992-[lfw][16213]Accuracy-Highest: 0.96733
Training: 2025-08-16 11:38:58,303-[cfp_fp][16213]XNorm: 16.365303
Training: 2025-08-16 11:38:58,303-[cfp_fp][16213]Accuracy-Flip: 0.80729+-0.01347
Training: 2025-08-16 11:38:58,303-[cfp_fp][16213]Accuracy-Highest: 0.80900
Training: 2025-08-16 11:39:22,654-[agedb_30][16213]XNorm: 18.115356
Training: 2025-08-16 11:39:22,654-[agedb_30][16213]Accuracy-Flip: 0.82100+-0.02033
Training: 2025-08-16 11:39:22,654-[agedb_30][16213]Accuracy-Highest: 0.82483
Training: 2025-08-16 11:39:47,084-[calfw][16213]XNorm: 19.213896
Training: 2025-08-16 11:39:47,084-[calfw][16213]Accuracy-Flip: 0.87000+-0.01533
Training: 2025-08-16 11:39:47,084-[calfw][16213]Accuracy-Highest: 0.87050
Training: 2025-08-16 11:40:11,495-[cplfw][16213]XNorm: 16.697915
Training: 2025-08-16 11:40:11,495-[cplfw][16213]Accuracy-Flip: 0.75083+-0.01772
Training: 2025-08-16 11:40:11,495-[cplfw][16213]Accuracy-Highest: 0.75783
Training: 2025-08-16 11:40:24,409-Speed 44.67 samples/sec   Loss 0.0265 Epoch: 31   Global Step: 16250   Required: 1 hours
Training: 2025-08-16 11:40:41,660-Speed 370.99 samples/sec   Loss 0.0253 Epoch: 31   Global Step: 16300   Required: 1 hours
Training: 2025-08-16 11:40:58,916-Speed 370.88 samples/sec   Loss 0.0255 Epoch: 31   Global Step: 16350   Required: 1 hours
Training: 2025-08-16 11:41:16,177-Speed 370.79 samples/sec   Loss 0.0223 Epoch: 31   Global Step: 16400   Required: 1 hours
Training: 2025-08-16 11:41:33,441-Speed 370.71 samples/sec   Loss 0.0232 Epoch: 31   Global Step: 16450   Required: 1 hours
Training: 2025-08-16 11:41:50,702-Speed 370.79 samples/sec   Loss 0.0262 Epoch: 31   Global Step: 16500   Required: 1 hours
Training: 2025-08-16 11:42:07,968-Speed 370.67 samples/sec   Loss 0.0294 Epoch: 31   Global Step: 16550   Required: 1 hours
Training: 2025-08-16 11:42:25,229-Speed 370.77 samples/sec   Loss 0.0226 Epoch: 31   Global Step: 16600   Required: 1 hours
Training: 2025-08-16 11:42:42,491-Speed 370.75 samples/sec   Loss 0.0295 Epoch: 31   Global Step: 16650   Required: 1 hours
Training: 2025-08-16 11:42:59,756-Speed 370.71 samples/sec   Loss 0.0377 Epoch: 31   Global Step: 16700   Required: 1 hours
Training: 2025-08-16 11:43:36,550-[lfw][16736]XNorm: 19.430012
Training: 2025-08-16 11:43:36,550-[lfw][16736]Accuracy-Flip: 0.96283+-0.00992
Training: 2025-08-16 11:43:36,550-[lfw][16736]Accuracy-Highest: 0.96733
Training: 2025-08-16 11:44:04,876-[cfp_fp][16736]XNorm: 16.432754
Training: 2025-08-16 11:44:04,876-[cfp_fp][16736]Accuracy-Flip: 0.80557+-0.01211
Training: 2025-08-16 11:44:04,876-[cfp_fp][16736]Accuracy-Highest: 0.80900
Training: 2025-08-16 11:44:29,229-[agedb_30][16736]XNorm: 18.157256
Training: 2025-08-16 11:44:29,229-[agedb_30][16736]Accuracy-Flip: 0.82117+-0.01897
Training: 2025-08-16 11:44:29,229-[agedb_30][16736]Accuracy-Highest: 0.82483
Training: 2025-08-16 11:44:53,668-[calfw][16736]XNorm: 19.278814
Training: 2025-08-16 11:44:53,668-[calfw][16736]Accuracy-Flip: 0.86950+-0.01574
Training: 2025-08-16 11:44:53,668-[calfw][16736]Accuracy-Highest: 0.87050
Training: 2025-08-16 11:45:18,091-[cplfw][16736]XNorm: 16.750521
Training: 2025-08-16 11:45:18,091-[cplfw][16736]Accuracy-Flip: 0.75433+-0.01692
Training: 2025-08-16 11:45:18,092-[cplfw][16736]Accuracy-Highest: 0.75783
Training: 2025-08-16 11:45:23,074-Speed 44.66 samples/sec   Loss 0.0233 Epoch: 32   Global Step: 16750   Required: 1 hours
Training: 2025-08-16 11:45:40,316-Speed 371.19 samples/sec   Loss 0.0241 Epoch: 32   Global Step: 16800   Required: 1 hours
Training: 2025-08-16 11:45:57,565-Speed 371.04 samples/sec   Loss 0.0226 Epoch: 32   Global Step: 16850   Required: 1 hours
Training: 2025-08-16 11:46:14,820-Speed 370.90 samples/sec   Loss 0.0196 Epoch: 32   Global Step: 16900   Required: 1 hours
Training: 2025-08-16 11:46:32,081-Speed 370.78 samples/sec   Loss 0.0315 Epoch: 32   Global Step: 16950   Required: 1 hours
Training: 2025-08-16 11:46:49,342-Speed 370.79 samples/sec   Loss 0.0230 Epoch: 32   Global Step: 17000   Required: 1 hours
Training: 2025-08-16 11:47:06,604-Speed 370.76 samples/sec   Loss 0.0255 Epoch: 32   Global Step: 17050   Required: 1 hours
Training: 2025-08-16 11:47:23,865-Speed 370.77 samples/sec   Loss 0.0297 Epoch: 32   Global Step: 17100   Required: 1 hours
Training: 2025-08-16 11:47:41,127-Speed 370.77 samples/sec   Loss 0.0343 Epoch: 32   Global Step: 17150   Required: 1 hours
Training: 2025-08-16 11:47:58,388-Speed 370.78 samples/sec   Loss 0.0248 Epoch: 32   Global Step: 17200   Required: 1 hours
Training: 2025-08-16 11:48:15,654-Speed 370.67 samples/sec   Loss 0.0321 Epoch: 32   Global Step: 17250   Required: 1 hours
Training: 2025-08-16 11:48:43,137-[lfw][17259]XNorm: 19.412799
Training: 2025-08-16 11:48:43,137-[lfw][17259]Accuracy-Flip: 0.96333+-0.01014
Training: 2025-08-16 11:48:43,137-[lfw][17259]Accuracy-Highest: 0.96733
Training: 2025-08-16 11:49:11,436-[cfp_fp][17259]XNorm: 16.425919
Training: 2025-08-16 11:49:11,436-[cfp_fp][17259]Accuracy-Flip: 0.80443+-0.01310
Training: 2025-08-16 11:49:11,436-[cfp_fp][17259]Accuracy-Highest: 0.80900
Training: 2025-08-16 11:49:35,794-[agedb_30][17259]XNorm: 18.165071
Training: 2025-08-16 11:49:35,794-[agedb_30][17259]Accuracy-Flip: 0.81817+-0.02062
Training: 2025-08-16 11:49:35,794-[agedb_30][17259]Accuracy-Highest: 0.82483
Training: 2025-08-16 11:50:00,230-[calfw][17259]XNorm: 19.278495
Training: 2025-08-16 11:50:00,230-[calfw][17259]Accuracy-Flip: 0.87050+-0.01495
Training: 2025-08-16 11:50:00,230-[calfw][17259]Accuracy-Highest: 0.87050
Training: 2025-08-16 11:50:24,650-[cplfw][17259]XNorm: 16.756852
Training: 2025-08-16 11:50:24,650-[cplfw][17259]Accuracy-Flip: 0.75450+-0.01770
Training: 2025-08-16 11:50:24,651-[cplfw][17259]Accuracy-Highest: 0.75783
Training: 2025-08-16 11:50:38,997-Speed 44.65 samples/sec   Loss 0.0228 Epoch: 33   Global Step: 17300   Required: 1 hours
Training: 2025-08-16 11:50:56,248-Speed 371.01 samples/sec   Loss 0.0222 Epoch: 33   Global Step: 17350   Required: 1 hours
Training: 2025-08-16 11:51:13,502-Speed 370.91 samples/sec   Loss 0.0195 Epoch: 33   Global Step: 17400   Required: 1 hours
Training: 2025-08-16 11:51:30,759-Speed 370.87 samples/sec   Loss 0.0206 Epoch: 33   Global Step: 17450   Required: 1 hours
Training: 2025-08-16 11:51:48,019-Speed 370.81 samples/sec   Loss 0.0249 Epoch: 33   Global Step: 17500   Required: 1 hours
Training: 2025-08-16 11:52:05,285-Speed 370.66 samples/sec   Loss 0.0303 Epoch: 33   Global Step: 17550   Required: 1 hours
Training: 2025-08-16 11:52:22,552-Speed 370.67 samples/sec   Loss 0.0271 Epoch: 33   Global Step: 17600   Required: 1 hours
Training: 2025-08-16 11:52:39,822-Speed 370.58 samples/sec   Loss 0.0263 Epoch: 33   Global Step: 17650   Required: 1 hours
Training: 2025-08-16 11:52:57,098-Speed 370.46 samples/sec   Loss 0.0205 Epoch: 33   Global Step: 17700   Required: 1 hours
Training: 2025-08-16 11:53:14,375-Speed 370.44 samples/sec   Loss 0.0208 Epoch: 33   Global Step: 17750   Required: 1 hours
Training: 2025-08-16 11:53:49,810-[lfw][17782]XNorm: 19.306530
Training: 2025-08-16 11:53:49,810-[lfw][17782]Accuracy-Flip: 0.96533+-0.01056
Training: 2025-08-16 11:53:49,810-[lfw][17782]Accuracy-Highest: 0.96733
Training: 2025-08-16 11:54:18,160-[cfp_fp][17782]XNorm: 16.311086
Training: 2025-08-16 11:54:18,160-[cfp_fp][17782]Accuracy-Flip: 0.80357+-0.01140
Training: 2025-08-16 11:54:18,160-[cfp_fp][17782]Accuracy-Highest: 0.80900
Training: 2025-08-16 11:54:42,520-[agedb_30][17782]XNorm: 18.054186
Training: 2025-08-16 11:54:42,520-[agedb_30][17782]Accuracy-Flip: 0.82150+-0.01870
Training: 2025-08-16 11:54:42,520-[agedb_30][17782]Accuracy-Highest: 0.82483
Training: 2025-08-16 11:55:06,959-[calfw][17782]XNorm: 19.156142
Training: 2025-08-16 11:55:06,959-[calfw][17782]Accuracy-Flip: 0.86983+-0.01465
Training: 2025-08-16 11:55:06,959-[calfw][17782]Accuracy-Highest: 0.87050
Training: 2025-08-16 11:55:31,389-[cplfw][17782]XNorm: 16.658381
Training: 2025-08-16 11:55:31,389-[cplfw][17782]Accuracy-Flip: 0.75200+-0.01560
Training: 2025-08-16 11:55:31,389-[cplfw][17782]Accuracy-Highest: 0.75783
Training: 2025-08-16 11:55:37,736-Speed 44.64 samples/sec   Loss 0.0312 Epoch: 34   Global Step: 17800   Required: 1 hours
Training: 2025-08-16 11:55:54,982-Speed 371.10 samples/sec   Loss 0.0295 Epoch: 34   Global Step: 17850   Required: 0 hours
Training: 2025-08-16 11:56:12,241-Speed 370.84 samples/sec   Loss 0.0187 Epoch: 34   Global Step: 17900   Required: 0 hours
Training: 2025-08-16 11:56:29,503-Speed 370.76 samples/sec   Loss 0.0193 Epoch: 34   Global Step: 17950   Required: 0 hours
Training: 2025-08-16 11:56:46,759-Speed 370.87 samples/sec   Loss 0.0253 Epoch: 34   Global Step: 18000   Required: 0 hours
Training: 2025-08-16 11:57:04,019-Speed 370.80 samples/sec   Loss 0.0227 Epoch: 34   Global Step: 18050   Required: 0 hours
Training: 2025-08-16 11:57:21,282-Speed 370.74 samples/sec   Loss 0.0212 Epoch: 34   Global Step: 18100   Required: 0 hours
Training: 2025-08-16 11:57:38,549-Speed 370.66 samples/sec   Loss 0.0222 Epoch: 34   Global Step: 18150   Required: 0 hours
Training: 2025-08-16 11:57:55,811-Speed 370.75 samples/sec   Loss 0.0277 Epoch: 34   Global Step: 18200   Required: 0 hours
Training: 2025-08-16 11:58:13,077-Speed 370.69 samples/sec   Loss 0.0215 Epoch: 34   Global Step: 18250   Required: 0 hours
Training: 2025-08-16 11:58:30,342-Speed 370.68 samples/sec   Loss 0.0299 Epoch: 34   Global Step: 18300   Required: 0 hours
Training: 2025-08-16 11:58:56,435-[lfw][18305]XNorm: 19.343681
Training: 2025-08-16 11:58:56,435-[lfw][18305]Accuracy-Flip: 0.96450+-0.00958
Training: 2025-08-16 11:58:56,435-[lfw][18305]Accuracy-Highest: 0.96733
Training: 2025-08-16 11:59:24,727-[cfp_fp][18305]XNorm: 16.359828
Training: 2025-08-16 11:59:24,728-[cfp_fp][18305]Accuracy-Flip: 0.80414+-0.01175
Training: 2025-08-16 11:59:24,728-[cfp_fp][18305]Accuracy-Highest: 0.80900
Training: 2025-08-16 11:59:49,083-[agedb_30][18305]XNorm: 18.077457
Training: 2025-08-16 11:59:49,083-[agedb_30][18305]Accuracy-Flip: 0.82200+-0.01915
Training: 2025-08-16 11:59:49,083-[agedb_30][18305]Accuracy-Highest: 0.82483
Training: 2025-08-16 12:00:13,517-[calfw][18305]XNorm: 19.198540
Training: 2025-08-16 12:00:13,517-[calfw][18305]Accuracy-Flip: 0.87050+-0.01604
Training: 2025-08-16 12:00:13,517-[calfw][18305]Accuracy-Highest: 0.87050
Training: 2025-08-16 12:00:37,936-[cplfw][18305]XNorm: 16.685766
Training: 2025-08-16 12:00:37,937-[cplfw][18305]Accuracy-Flip: 0.75283+-0.01900
Training: 2025-08-16 12:00:37,937-[cplfw][18305]Accuracy-Highest: 0.75783
Training: 2025-08-16 12:00:53,626-Speed 44.67 samples/sec   Loss 0.0181 Epoch: 35   Global Step: 18350   Required: 0 hours
Training: 2025-08-16 12:01:10,877-Speed 371.00 samples/sec   Loss 0.0206 Epoch: 35   Global Step: 18400   Required: 0 hours
Training: 2025-08-16 12:01:28,137-Speed 370.80 samples/sec   Loss 0.0190 Epoch: 35   Global Step: 18450   Required: 0 hours
Training: 2025-08-16 12:01:45,393-Speed 370.89 samples/sec   Loss 0.0268 Epoch: 35   Global Step: 18500   Required: 0 hours
Training: 2025-08-16 12:02:02,648-Speed 370.90 samples/sec   Loss 0.0197 Epoch: 35   Global Step: 18550   Required: 0 hours
Training: 2025-08-16 12:02:19,911-Speed 370.74 samples/sec   Loss 0.0225 Epoch: 35   Global Step: 18600   Required: 0 hours
Training: 2025-08-16 12:02:37,170-Speed 370.83 samples/sec   Loss 0.0253 Epoch: 35   Global Step: 18650   Required: 0 hours
Training: 2025-08-16 12:02:54,431-Speed 370.78 samples/sec   Loss 0.0231 Epoch: 35   Global Step: 18700   Required: 0 hours
Training: 2025-08-16 12:03:11,696-Speed 370.71 samples/sec   Loss 0.0198 Epoch: 35   Global Step: 18750   Required: 0 hours
Training: 2025-08-16 12:03:28,955-Speed 370.81 samples/sec   Loss 0.0197 Epoch: 35   Global Step: 18800   Required: 0 hours
Training: 2025-08-16 12:04:02,994-[lfw][18828]XNorm: 19.270033
Training: 2025-08-16 12:04:02,995-[lfw][18828]Accuracy-Flip: 0.96433+-0.00992
Training: 2025-08-16 12:04:02,995-[lfw][18828]Accuracy-Highest: 0.96733
Training: 2025-08-16 12:04:31,300-[cfp_fp][18828]XNorm: 16.295380
Training: 2025-08-16 12:04:31,300-[cfp_fp][18828]Accuracy-Flip: 0.80529+-0.01407
Training: 2025-08-16 12:04:31,300-[cfp_fp][18828]Accuracy-Highest: 0.80900
Training: 2025-08-16 12:04:55,654-[agedb_30][18828]XNorm: 18.009672
Training: 2025-08-16 12:04:55,654-[agedb_30][18828]Accuracy-Flip: 0.82050+-0.01833
Training: 2025-08-16 12:04:55,654-[agedb_30][18828]Accuracy-Highest: 0.82483
Training: 2025-08-16 12:05:20,093-[calfw][18828]XNorm: 19.126815
Training: 2025-08-16 12:05:20,093-[calfw][18828]Accuracy-Flip: 0.87217+-0.01655
Training: 2025-08-16 12:05:20,093-[calfw][18828]Accuracy-Highest: 0.87217
Training: 2025-08-16 12:05:44,506-[cplfw][18828]XNorm: 16.618160
Training: 2025-08-16 12:05:44,506-[cplfw][18828]Accuracy-Flip: 0.75167+-0.01880
Training: 2025-08-16 12:05:44,506-[cplfw][18828]Accuracy-Highest: 0.75783
Training: 2025-08-16 12:05:52,250-Speed 44.66 samples/sec   Loss 0.0278 Epoch: 36   Global Step: 18850   Required: 0 hours
Training: 2025-08-16 12:06:09,494-Speed 371.15 samples/sec   Loss 0.0221 Epoch: 36   Global Step: 18900   Required: 0 hours
Training: 2025-08-16 12:06:26,738-Speed 371.14 samples/sec   Loss 0.0161 Epoch: 36   Global Step: 18950   Required: 0 hours
Training: 2025-08-16 12:06:43,986-Speed 371.06 samples/sec   Loss 0.0197 Epoch: 36   Global Step: 19000   Required: 0 hours
Training: 2025-08-16 12:07:01,240-Speed 370.93 samples/sec   Loss 0.0217 Epoch: 36   Global Step: 19050   Required: 0 hours
Training: 2025-08-16 12:07:18,491-Speed 371.00 samples/sec   Loss 0.0209 Epoch: 36   Global Step: 19100   Required: 0 hours
Training: 2025-08-16 12:07:35,740-Speed 371.04 samples/sec   Loss 0.0287 Epoch: 36   Global Step: 19150   Required: 0 hours
Training: 2025-08-16 12:07:52,988-Speed 371.06 samples/sec   Loss 0.0176 Epoch: 36   Global Step: 19200   Required: 0 hours
Training: 2025-08-16 12:08:10,240-Speed 370.97 samples/sec   Loss 0.0259 Epoch: 36   Global Step: 19250   Required: 0 hours
Training: 2025-08-16 12:08:27,489-Speed 371.03 samples/sec   Loss 0.0191 Epoch: 36   Global Step: 19300   Required: 0 hours
Training: 2025-08-16 12:08:44,739-Speed 371.02 samples/sec   Loss 0.0170 Epoch: 36   Global Step: 19350   Required: 0 hours
Training: 2025-08-16 12:09:09,431-[lfw][19351]XNorm: 19.285559
Training: 2025-08-16 12:09:09,431-[lfw][19351]Accuracy-Flip: 0.96533+-0.01035
Training: 2025-08-16 12:09:09,431-[lfw][19351]Accuracy-Highest: 0.96733
Training: 2025-08-16 12:09:37,745-[cfp_fp][19351]XNorm: 16.296934
Training: 2025-08-16 12:09:37,746-[cfp_fp][19351]Accuracy-Flip: 0.80457+-0.01197
Training: 2025-08-16 12:09:37,746-[cfp_fp][19351]Accuracy-Highest: 0.80900
Training: 2025-08-16 12:10:02,097-[agedb_30][19351]XNorm: 18.017488
Training: 2025-08-16 12:10:02,098-[agedb_30][19351]Accuracy-Flip: 0.81950+-0.02043
Training: 2025-08-16 12:10:02,098-[agedb_30][19351]Accuracy-Highest: 0.82483
Training: 2025-08-16 12:10:26,522-[calfw][19351]XNorm: 19.144909
Training: 2025-08-16 12:10:26,522-[calfw][19351]Accuracy-Flip: 0.87133+-0.01540
Training: 2025-08-16 12:10:26,522-[calfw][19351]Accuracy-Highest: 0.87217
Training: 2025-08-16 12:10:50,926-[cplfw][19351]XNorm: 16.629866
Training: 2025-08-16 12:10:50,926-[cplfw][19351]Accuracy-Flip: 0.75100+-0.01613
Training: 2025-08-16 12:10:50,926-[cplfw][19351]Accuracy-Highest: 0.75783
Training: 2025-08-16 12:11:07,970-Speed 44.68 samples/sec   Loss 0.0189 Epoch: 37   Global Step: 19400   Required: 0 hours
Training: 2025-08-16 12:11:25,204-Speed 371.34 samples/sec   Loss 0.0226 Epoch: 37   Global Step: 19450   Required: 0 hours
Training: 2025-08-16 12:11:42,446-Speed 371.19 samples/sec   Loss 0.0271 Epoch: 37   Global Step: 19500   Required: 0 hours
Training: 2025-08-16 12:11:59,694-Speed 371.06 samples/sec   Loss 0.0272 Epoch: 37   Global Step: 19550   Required: 0 hours
Training: 2025-08-16 12:12:16,943-Speed 371.05 samples/sec   Loss 0.0183 Epoch: 37   Global Step: 19600   Required: 0 hours
Training: 2025-08-16 12:12:34,194-Speed 370.98 samples/sec   Loss 0.0198 Epoch: 37   Global Step: 19650   Required: 0 hours
Training: 2025-08-16 12:12:51,449-Speed 370.92 samples/sec   Loss 0.0198 Epoch: 37   Global Step: 19700   Required: 0 hours
Training: 2025-08-16 12:13:08,705-Speed 370.88 samples/sec   Loss 0.0248 Epoch: 37   Global Step: 19750   Required: 0 hours
Training: 2025-08-16 12:13:25,959-Speed 370.95 samples/sec   Loss 0.0230 Epoch: 37   Global Step: 19800   Required: 0 hours
Training: 2025-08-16 12:13:43,215-Speed 370.88 samples/sec   Loss 0.0216 Epoch: 37   Global Step: 19850   Required: 0 hours
Training: 2025-08-16 12:14:15,837-[lfw][19874]XNorm: 19.346479
Training: 2025-08-16 12:14:15,837-[lfw][19874]Accuracy-Flip: 0.96417+-0.01014
Training: 2025-08-16 12:14:15,837-[lfw][19874]Accuracy-Highest: 0.96733
Training: 2025-08-16 12:14:44,157-[cfp_fp][19874]XNorm: 16.378599
Training: 2025-08-16 12:14:44,157-[cfp_fp][19874]Accuracy-Flip: 0.80786+-0.01299
Training: 2025-08-16 12:14:44,157-[cfp_fp][19874]Accuracy-Highest: 0.80900
Training: 2025-08-16 12:15:08,488-[agedb_30][19874]XNorm: 18.092894
Training: 2025-08-16 12:15:08,488-[agedb_30][19874]Accuracy-Flip: 0.81783+-0.01926
Training: 2025-08-16 12:15:08,488-[agedb_30][19874]Accuracy-Highest: 0.82483
Training: 2025-08-16 12:15:32,996-[calfw][19874]XNorm: 19.205813
Training: 2025-08-16 12:15:32,996-[calfw][19874]Accuracy-Flip: 0.87100+-0.01578
Training: 2025-08-16 12:15:32,996-[calfw][19874]Accuracy-Highest: 0.87217
Training: 2025-08-16 12:15:57,421-[cplfw][19874]XNorm: 16.686573
Training: 2025-08-16 12:15:57,421-[cplfw][19874]Accuracy-Flip: 0.75533+-0.01836
Training: 2025-08-16 12:15:57,421-[cplfw][19874]Accuracy-Highest: 0.75783
Training: 2025-08-16 12:16:06,534-Speed 44.66 samples/sec   Loss 0.0181 Epoch: 38   Global Step: 19900   Required: 0 hours
Training: 2025-08-16 12:16:23,768-Speed 371.36 samples/sec   Loss 0.0249 Epoch: 38   Global Step: 19950   Required: 0 hours
Training: 2025-08-16 12:16:41,010-Speed 371.18 samples/sec   Loss 0.0179 Epoch: 38   Global Step: 20000   Required: 0 hours
Training: 2025-08-16 12:16:58,253-Speed 371.17 samples/sec   Loss 0.0180 Epoch: 38   Global Step: 20050   Required: 0 hours
Training: 2025-08-16 12:17:15,505-Speed 370.99 samples/sec   Loss 0.0186 Epoch: 38   Global Step: 20100   Required: 0 hours
Training: 2025-08-16 12:17:32,757-Speed 370.96 samples/sec   Loss 0.0194 Epoch: 38   Global Step: 20150   Required: 0 hours
Training: 2025-08-16 12:17:50,011-Speed 370.94 samples/sec   Loss 0.0169 Epoch: 38   Global Step: 20200   Required: 0 hours
Training: 2025-08-16 12:18:07,268-Speed 370.86 samples/sec   Loss 0.0223 Epoch: 38   Global Step: 20250   Required: 0 hours
Training: 2025-08-16 12:18:24,524-Speed 370.89 samples/sec   Loss 0.0239 Epoch: 38   Global Step: 20300   Required: 0 hours
Training: 2025-08-16 12:18:41,786-Speed 370.76 samples/sec   Loss 0.0310 Epoch: 38   Global Step: 20350   Required: 0 hours
Training: 2025-08-16 12:19:22,364-[lfw][20397]XNorm: 19.367249
Training: 2025-08-16 12:19:22,364-[lfw][20397]Accuracy-Flip: 0.96433+-0.01028
Training: 2025-08-16 12:19:22,364-[lfw][20397]Accuracy-Highest: 0.96733
Training: 2025-08-16 12:19:50,722-[cfp_fp][20397]XNorm: 16.370022
Training: 2025-08-16 12:19:50,723-[cfp_fp][20397]Accuracy-Flip: 0.80600+-0.01383
Training: 2025-08-16 12:19:50,723-[cfp_fp][20397]Accuracy-Highest: 0.80900
Training: 2025-08-16 12:20:15,048-[agedb_30][20397]XNorm: 18.111605
Training: 2025-08-16 12:20:15,048-[agedb_30][20397]Accuracy-Flip: 0.82000+-0.02186
Training: 2025-08-16 12:20:15,048-[agedb_30][20397]Accuracy-Highest: 0.82483
Training: 2025-08-16 12:20:39,464-[calfw][20397]XNorm: 19.220501
Training: 2025-08-16 12:20:39,464-[calfw][20397]Accuracy-Flip: 0.87167+-0.01546
Training: 2025-08-16 12:20:39,464-[calfw][20397]Accuracy-Highest: 0.87217
Training: 2025-08-16 12:21:03,872-[cplfw][20397]XNorm: 16.701463
Training: 2025-08-16 12:21:03,872-[cplfw][20397]Accuracy-Flip: 0.75733+-0.01781
Training: 2025-08-16 12:21:03,872-[cplfw][20397]Accuracy-Highest: 0.75783
Training: 2025-08-16 12:21:05,051-Speed 44.67 samples/sec   Loss 0.0182 Epoch: 39   Global Step: 20400   Required: 0 hours
Training: 2025-08-16 12:21:22,291-Speed 371.23 samples/sec   Loss 0.0185 Epoch: 39   Global Step: 20450   Required: 0 hours
Training: 2025-08-16 12:21:39,542-Speed 371.00 samples/sec   Loss 0.0170 Epoch: 39   Global Step: 20500   Required: 0 hours
Training: 2025-08-16 12:21:56,796-Speed 370.94 samples/sec   Loss 0.0182 Epoch: 39   Global Step: 20550   Required: 0 hours
Training: 2025-08-16 12:22:14,045-Speed 371.03 samples/sec   Loss 0.0308 Epoch: 39   Global Step: 20600   Required: 0 hours
Training: 2025-08-16 12:22:31,301-Speed 370.89 samples/sec   Loss 0.0162 Epoch: 39   Global Step: 20650   Required: 0 hours
Training: 2025-08-16 12:22:48,559-Speed 370.86 samples/sec   Loss 0.0253 Epoch: 39   Global Step: 20700   Required: 0 hours
Training: 2025-08-16 12:23:05,818-Speed 370.81 samples/sec   Loss 0.0197 Epoch: 39   Global Step: 20750   Required: 0 hours
Training: 2025-08-16 12:23:23,082-Speed 370.72 samples/sec   Loss 0.0270 Epoch: 39   Global Step: 20800   Required: 0 hours
Training: 2025-08-16 12:23:40,341-Speed 370.82 samples/sec   Loss 0.0190 Epoch: 39   Global Step: 20850   Required: 0 hours
Training: 2025-08-16 12:23:57,598-Speed 370.88 samples/sec   Loss 0.0216 Epoch: 39   Global Step: 20900   Required: 0 hours
Training: 2025-08-16 12:24:28,857-[lfw][20920]XNorm: 19.314774
Training: 2025-08-16 12:24:28,857-[lfw][20920]Accuracy-Flip: 0.96333+-0.01088
Training: 2025-08-16 12:24:28,857-[lfw][20920]Accuracy-Highest: 0.96733
Training: 2025-08-16 12:24:57,146-[cfp_fp][20920]XNorm: 16.322251
Training: 2025-08-16 12:24:57,146-[cfp_fp][20920]Accuracy-Flip: 0.80786+-0.01177
Training: 2025-08-16 12:24:57,146-[cfp_fp][20920]Accuracy-Highest: 0.80900
Training: 2025-08-16 12:25:21,491-[agedb_30][20920]XNorm: 18.076130
Training: 2025-08-16 12:25:21,491-[agedb_30][20920]Accuracy-Flip: 0.81683+-0.02127
Training: 2025-08-16 12:25:21,491-[agedb_30][20920]Accuracy-Highest: 0.82483
Training: 2025-08-16 12:25:45,922-[calfw][20920]XNorm: 19.173061
Training: 2025-08-16 12:25:45,922-[calfw][20920]Accuracy-Flip: 0.86800+-0.01556
Training: 2025-08-16 12:25:45,922-[calfw][20920]Accuracy-Highest: 0.87217
Training: 2025-08-16 12:26:10,345-[cplfw][20920]XNorm: 16.662104
Training: 2025-08-16 12:26:10,345-[cplfw][20920]Accuracy-Flip: 0.75633+-0.01928
Training: 2025-08-16 12:26:10,346-[cplfw][20920]Accuracy-Highest: 0.75783
