Training: 2025-07-24 22:21:14,295-rank_id: 0
Training: 2025-07-24 22:21:14,296-Dataset: /data/Synthetic/GAN_Control_class_images/images
Training: 2025-07-24 22:21:14,365-Classes: 2000 synthetic, 0 real - 119972 images - eval: 937
Training: 2025-07-24 22:21:14,972-Total Step is: 37491
Training: 2025-07-24 22:21:46,596-Reducer buckets have been rebuilt in this iteration.
Training: 2025-07-24 22:21:46,696-Reducer buckets have been rebuilt in this iteration.
Training: 2025-07-24 22:22:19,964-Speed 378.98 samples/sec   Loss 32.0594 Epoch: 0   Global Step: 100   Required: 4 hours
Training: 2025-07-24 22:22:36,936-Speed 377.11 samples/sec   Loss 28.2304 Epoch: 0   Global Step: 150   Required: 4 hours
Training: 2025-07-24 22:22:54,010-Speed 374.84 samples/sec   Loss 26.1238 Epoch: 0   Global Step: 200   Required: 4 hours
Training: 2025-07-24 22:23:11,146-Speed 373.48 samples/sec   Loss 24.3793 Epoch: 0   Global Step: 250   Required: 4 hours
Training: 2025-07-24 22:23:28,323-Speed 372.61 samples/sec   Loss 22.5561 Epoch: 0   Global Step: 300   Required: 4 hours
Training: 2025-07-24 22:23:45,531-Speed 371.92 samples/sec   Loss 21.0898 Epoch: 0   Global Step: 350   Required: 4 hours
Training: 2025-07-24 22:24:02,755-Speed 371.57 samples/sec   Loss 19.6858 Epoch: 0   Global Step: 400   Required: 4 hours
Training: 2025-07-24 22:24:19,993-Speed 371.28 samples/sec   Loss 18.5733 Epoch: 0   Global Step: 450   Required: 4 hours
Training: 2025-07-24 22:24:37,235-Speed 371.18 samples/sec   Loss 17.3833 Epoch: 0   Global Step: 500   Required: 4 hours
Training: 2025-07-24 22:24:54,496-Speed 370.79 samples/sec   Loss 16.4036 Epoch: 0   Global Step: 550   Required: 4 hours
Training: 2025-07-24 22:25:11,769-Speed 370.53 samples/sec   Loss 15.4248 Epoch: 0   Global Step: 600   Required: 4 hours
Training: 2025-07-24 22:25:29,049-Speed 370.38 samples/sec   Loss 14.7447 Epoch: 0   Global Step: 650   Required: 4 hours
Training: 2025-07-24 22:25:46,331-Speed 370.31 samples/sec   Loss 13.8833 Epoch: 0   Global Step: 700   Required: 4 hours
Training: 2025-07-24 22:26:03,619-Speed 370.20 samples/sec   Loss 13.0965 Epoch: 0   Global Step: 750   Required: 4 hours
Training: 2025-07-24 22:26:20,922-Speed 369.88 samples/sec   Loss 12.4686 Epoch: 0   Global Step: 800   Required: 4 hours
Training: 2025-07-24 22:26:38,220-Speed 370.00 samples/sec   Loss 11.9555 Epoch: 0   Global Step: 850   Required: 4 hours
Training: 2025-07-24 22:26:55,525-Speed 369.83 samples/sec   Loss 11.2411 Epoch: 0   Global Step: 900   Required: 4 hours
Training: 2025-07-24 22:27:33,004-[lfw][937]XNorm: 22.511692
Training: 2025-07-24 22:27:33,004-[lfw][937]Accuracy-Flip: 0.73583+-0.01028
Training: 2025-07-24 22:27:33,004-[lfw][937]Accuracy-Highest: 0.73583
Training: 2025-07-24 22:28:01,326-[cfp_fp][937]XNorm: 22.569470
Training: 2025-07-24 22:28:01,327-[cfp_fp][937]Accuracy-Flip: 0.60857+-0.02294
Training: 2025-07-24 22:28:01,327-[cfp_fp][937]Accuracy-Highest: 0.60857
Training: 2025-07-24 22:28:25,692-[agedb_30][937]XNorm: 20.093641
Training: 2025-07-24 22:28:25,692-[agedb_30][937]Accuracy-Flip: 0.49617+-0.01272
Training: 2025-07-24 22:28:25,692-[agedb_30][937]Accuracy-Highest: 0.49617
Training: 2025-07-24 22:28:50,144-[calfw][937]XNorm: 22.956440
Training: 2025-07-24 22:28:50,144-[calfw][937]Accuracy-Flip: 0.58667+-0.01677
Training: 2025-07-24 22:28:50,144-[calfw][937]Accuracy-Highest: 0.58667
Training: 2025-07-24 22:29:14,590-[cplfw][937]XNorm: 21.090043
Training: 2025-07-24 22:29:14,590-[cplfw][937]Accuracy-Flip: 0.59233+-0.01116
Training: 2025-07-24 22:29:14,590-[cplfw][937]Accuracy-Highest: 0.59233
Training: 2025-07-24 22:29:19,245-Speed 44.53 samples/sec   Loss 10.5501 Epoch: 1   Global Step: 950   Required: 5 hours
Training: 2025-07-24 22:29:36,533-Speed 370.21 samples/sec   Loss 9.3717 Epoch: 1   Global Step: 1000   Required: 5 hours
Training: 2025-07-24 22:29:53,832-Speed 369.96 samples/sec   Loss 9.2910 Epoch: 1   Global Step: 1050   Required: 5 hours
Training: 2025-07-24 22:30:11,137-Speed 369.85 samples/sec   Loss 8.9545 Epoch: 1   Global Step: 1100   Required: 5 hours
Training: 2025-07-24 22:30:28,451-Speed 369.64 samples/sec   Loss 8.6469 Epoch: 1   Global Step: 1150   Required: 5 hours
Training: 2025-07-24 22:30:45,762-Speed 369.70 samples/sec   Loss 8.5264 Epoch: 1   Global Step: 1200   Required: 5 hours
Training: 2025-07-24 22:31:03,078-Speed 369.60 samples/sec   Loss 8.1492 Epoch: 1   Global Step: 1250   Required: 5 hours
Training: 2025-07-24 22:31:20,393-Speed 369.64 samples/sec   Loss 8.1846 Epoch: 1   Global Step: 1300   Required: 4 hours
Training: 2025-07-24 22:31:37,713-Speed 369.51 samples/sec   Loss 7.6755 Epoch: 1   Global Step: 1350   Required: 4 hours
Training: 2025-07-24 22:31:55,033-Speed 369.53 samples/sec   Loss 7.3964 Epoch: 1   Global Step: 1400   Required: 4 hours
Training: 2025-07-24 22:32:12,355-Speed 369.46 samples/sec   Loss 7.2312 Epoch: 1   Global Step: 1450   Required: 4 hours
Training: 2025-07-24 22:32:29,689-Speed 369.55 samples/sec   Loss 6.8965 Epoch: 1   Global Step: 1500   Required: 4 hours
Training: 2025-07-24 22:32:47,005-Speed 369.62 samples/sec   Loss 6.7013 Epoch: 1   Global Step: 1550   Required: 4 hours
Training: 2025-07-24 22:33:04,314-Speed 369.74 samples/sec   Loss 6.6355 Epoch: 1   Global Step: 1600   Required: 4 hours
Training: 2025-07-24 22:33:21,629-Speed 369.64 samples/sec   Loss 6.3888 Epoch: 1   Global Step: 1650   Required: 4 hours
Training: 2025-07-24 22:33:38,947-Speed 369.56 samples/sec   Loss 6.2027 Epoch: 1   Global Step: 1700   Required: 4 hours
Training: 2025-07-24 22:33:56,815-Speed 358.17 samples/sec   Loss 5.9582 Epoch: 1   Global Step: 1750   Required: 4 hours
Training: 2025-07-24 22:34:14,131-Speed 369.61 samples/sec   Loss 5.8335 Epoch: 1   Global Step: 1800   Required: 4 hours
Training: 2025-07-24 22:34:31,439-Speed 369.76 samples/sec   Loss 5.5452 Epoch: 1   Global Step: 1850   Required: 4 hours
Training: 2025-07-24 22:35:04,258-[lfw][1874]XNorm: 22.060448
Training: 2025-07-24 22:35:04,259-[lfw][1874]Accuracy-Flip: 0.77283+-0.02047
Training: 2025-07-24 22:35:04,259-[lfw][1874]Accuracy-Highest: 0.77283
Training: 2025-07-24 22:35:33,025-[cfp_fp][1874]XNorm: 22.498010
Training: 2025-07-24 22:35:33,025-[cfp_fp][1874]Accuracy-Flip: 0.60786+-0.02238
Training: 2025-07-24 22:35:33,025-[cfp_fp][1874]Accuracy-Highest: 0.60857
Training: 2025-07-24 22:35:57,494-[agedb_30][1874]XNorm: 19.081407
Training: 2025-07-24 22:35:57,494-[agedb_30][1874]Accuracy-Flip: 0.50183+-0.01415
Training: 2025-07-24 22:35:57,494-[agedb_30][1874]Accuracy-Highest: 0.50183
Training: 2025-07-24 22:36:22,344-[calfw][1874]XNorm: 22.376303
Training: 2025-07-24 22:36:22,344-[calfw][1874]Accuracy-Flip: 0.60517+-0.01239
Training: 2025-07-24 22:36:22,344-[calfw][1874]Accuracy-Highest: 0.60517
Training: 2025-07-24 22:36:46,813-[cplfw][1874]XNorm: 20.167309
Training: 2025-07-24 22:36:46,813-[cplfw][1874]Accuracy-Flip: 0.60183+-0.00950
Training: 2025-07-24 22:36:46,813-[cplfw][1874]Accuracy-Highest: 0.60183
Training: 2025-07-24 22:36:55,942-Speed 44.29 samples/sec   Loss 4.9106 Epoch: 2   Global Step: 1900   Required: 5 hours
Training: 2025-07-24 22:37:13,227-Speed 370.27 samples/sec   Loss 4.5582 Epoch: 2   Global Step: 1950   Required: 5 hours
Training: 2025-07-24 22:37:30,521-Speed 370.07 samples/sec   Loss 4.5355 Epoch: 2   Global Step: 2000   Required: 5 hours
Training: 2025-07-24 22:37:47,821-Speed 369.95 samples/sec   Loss 4.5985 Epoch: 2   Global Step: 2050   Required: 5 hours
Training: 2025-07-24 22:38:05,129-Speed 369.79 samples/sec   Loss 4.3293 Epoch: 2   Global Step: 2100   Required: 5 hours
Training: 2025-07-24 22:38:22,447-Speed 369.54 samples/sec   Loss 4.2573 Epoch: 2   Global Step: 2150   Required: 5 hours
Training: 2025-07-24 22:38:39,769-Speed 369.48 samples/sec   Loss 4.2033 Epoch: 2   Global Step: 2200   Required: 5 hours
Training: 2025-07-24 22:38:57,231-Speed 366.52 samples/sec   Loss 4.2349 Epoch: 2   Global Step: 2250   Required: 4 hours
Training: 2025-07-24 22:39:14,937-Speed 361.45 samples/sec   Loss 4.0857 Epoch: 2   Global Step: 2300   Required: 4 hours
Training: 2025-07-24 22:39:32,257-Speed 369.53 samples/sec   Loss 4.0860 Epoch: 2   Global Step: 2350   Required: 4 hours
Training: 2025-07-24 22:39:49,573-Speed 369.59 samples/sec   Loss 3.9534 Epoch: 2   Global Step: 2400   Required: 4 hours
Training: 2025-07-24 22:40:06,893-Speed 369.53 samples/sec   Loss 3.8403 Epoch: 2   Global Step: 2450   Required: 4 hours
Training: 2025-07-24 22:40:24,215-Speed 369.47 samples/sec   Loss 3.7204 Epoch: 2   Global Step: 2500   Required: 4 hours
Training: 2025-07-24 22:40:41,530-Speed 369.63 samples/sec   Loss 3.6213 Epoch: 2   Global Step: 2550   Required: 4 hours
Training: 2025-07-24 22:40:58,850-Speed 369.52 samples/sec   Loss 3.5345 Epoch: 2   Global Step: 2600   Required: 4 hours
Training: 2025-07-24 22:41:16,160-Speed 369.72 samples/sec   Loss 3.4134 Epoch: 2   Global Step: 2650   Required: 4 hours
Training: 2025-07-24 22:41:33,472-Speed 369.69 samples/sec   Loss 3.4066 Epoch: 2   Global Step: 2700   Required: 4 hours
Training: 2025-07-24 22:41:50,794-Speed 369.49 samples/sec   Loss 3.3552 Epoch: 2   Global Step: 2750   Required: 4 hours
Training: 2025-07-24 22:42:08,108-Speed 369.64 samples/sec   Loss 3.2649 Epoch: 2   Global Step: 2800   Required: 4 hours
Training: 2025-07-24 22:42:46,615-[lfw][2811]XNorm: 20.994628
Training: 2025-07-24 22:42:46,615-[lfw][2811]Accuracy-Flip: 0.77300+-0.01727
Training: 2025-07-24 22:42:46,616-[lfw][2811]Accuracy-Highest: 0.77300
Training: 2025-07-24 22:43:20,570-[cfp_fp][2811]XNorm: 21.520172
Training: 2025-07-24 22:43:20,570-[cfp_fp][2811]Accuracy-Flip: 0.60986+-0.01567
Training: 2025-07-24 22:43:20,570-[cfp_fp][2811]Accuracy-Highest: 0.60986
Training: 2025-07-24 22:43:45,013-[agedb_30][2811]XNorm: 17.632538
Training: 2025-07-24 22:43:45,013-[agedb_30][2811]Accuracy-Flip: 0.51533+-0.01208
Training: 2025-07-24 22:43:45,013-[agedb_30][2811]Accuracy-Highest: 0.51533
Training: 2025-07-24 22:44:09,624-[calfw][2811]XNorm: 21.396402
Training: 2025-07-24 22:44:09,624-[calfw][2811]Accuracy-Flip: 0.61650+-0.00938
Training: 2025-07-24 22:44:09,624-[calfw][2811]Accuracy-Highest: 0.61650
Training: 2025-07-24 22:44:34,128-[cplfw][2811]XNorm: 19.082963
Training: 2025-07-24 22:44:34,128-[cplfw][2811]Accuracy-Flip: 0.60483+-0.01230
Training: 2025-07-24 22:44:34,128-[cplfw][2811]Accuracy-Highest: 0.60483
Training: 2025-07-24 22:44:47,818-Speed 40.07 samples/sec   Loss 2.7214 Epoch: 3   Global Step: 2850   Required: 5 hours
Training: 2025-07-24 22:45:05,110-Speed 370.13 samples/sec   Loss 2.5889 Epoch: 3   Global Step: 2900   Required: 5 hours
Training: 2025-07-24 22:45:22,406-Speed 370.02 samples/sec   Loss 2.5830 Epoch: 3   Global Step: 2950   Required: 5 hours
Training: 2025-07-24 22:45:39,710-Speed 369.87 samples/sec   Loss 2.5959 Epoch: 3   Global Step: 3000   Required: 5 hours
Training: 2025-07-24 22:45:57,594-Speed 357.85 samples/sec   Loss 2.5723 Epoch: 3   Global Step: 3050   Required: 5 hours
Training: 2025-07-24 22:46:22,093-Speed 261.24 samples/sec   Loss 2.5614 Epoch: 3   Global Step: 3100   Required: 5 hours
Training: 2025-07-24 22:46:39,400-Speed 369.80 samples/sec   Loss 2.4738 Epoch: 3   Global Step: 3150   Required: 5 hours
Training: 2025-07-24 22:47:04,318-Speed 256.84 samples/sec   Loss 2.4430 Epoch: 3   Global Step: 3200   Required: 5 hours
Training: 2025-07-24 22:47:36,278-Speed 200.26 samples/sec   Loss 2.4303 Epoch: 3   Global Step: 3250   Required: 5 hours
Training: 2025-07-24 22:47:55,984-Speed 324.76 samples/sec   Loss 2.4711 Epoch: 3   Global Step: 3300   Required: 5 hours
Training: 2025-07-24 22:48:15,182-Speed 333.38 samples/sec   Loss 2.3696 Epoch: 3   Global Step: 3350   Required: 5 hours
Training: 2025-07-24 22:48:32,477-Speed 370.04 samples/sec   Loss 2.4039 Epoch: 3   Global Step: 3400   Required: 4 hours
Training: 2025-07-24 22:48:49,778-Speed 369.93 samples/sec   Loss 2.3496 Epoch: 3   Global Step: 3450   Required: 4 hours
Training: 2025-07-24 22:49:07,086-Speed 369.76 samples/sec   Loss 2.3485 Epoch: 3   Global Step: 3500   Required: 4 hours
Training: 2025-07-24 22:49:32,294-Speed 253.89 samples/sec   Loss 2.2958 Epoch: 3   Global Step: 3550   Required: 4 hours
Training: 2025-07-24 22:50:04,592-Speed 198.16 samples/sec   Loss 2.1366 Epoch: 3   Global Step: 3600   Required: 4 hours
Training: 2025-07-24 22:50:36,214-Speed 202.39 samples/sec   Loss 2.2143 Epoch: 3   Global Step: 3650   Required: 4 hours
Training: 2025-07-24 22:51:07,962-Speed 201.59 samples/sec   Loss 2.1536 Epoch: 3   Global Step: 3700   Required: 4 hours
Training: 2025-07-24 22:52:20,954-[lfw][3748]XNorm: 19.454462
Training: 2025-07-24 22:52:20,954-[lfw][3748]Accuracy-Flip: 0.77767+-0.01544
Training: 2025-07-24 22:52:20,954-[lfw][3748]Accuracy-Highest: 0.77767
Training: 2025-07-24 22:53:12,624-[cfp_fp][3748]XNorm: 17.919776
Training: 2025-07-24 22:53:12,624-[cfp_fp][3748]Accuracy-Flip: 0.61371+-0.02117
Training: 2025-07-24 22:53:12,624-[cfp_fp][3748]Accuracy-Highest: 0.61371
Training: 2025-07-24 22:53:56,951-[agedb_30][3748]XNorm: 16.293602
Training: 2025-07-24 22:53:56,951-[agedb_30][3748]Accuracy-Flip: 0.51750+-0.01912
Training: 2025-07-24 22:53:56,951-[agedb_30][3748]Accuracy-Highest: 0.51750
Training: 2025-07-24 22:54:41,654-[calfw][3748]XNorm: 19.679877
Training: 2025-07-24 22:54:41,654-[calfw][3748]Accuracy-Flip: 0.61750+-0.01472
Training: 2025-07-24 22:54:41,654-[calfw][3748]Accuracy-Highest: 0.61750
Training: 2025-07-24 22:55:25,837-[cplfw][3748]XNorm: 17.131852
Training: 2025-07-24 22:55:25,837-[cplfw][3748]Accuracy-Flip: 0.60817+-0.01379
Training: 2025-07-24 22:55:25,837-[cplfw][3748]Accuracy-Highest: 0.60817
Training: 2025-07-24 22:55:27,248-Speed 24.68 samples/sec   Loss 2.1356 Epoch: 4   Global Step: 3750   Required: 5 hours
Training: 2025-07-24 22:55:58,931-Speed 202.01 samples/sec   Loss 1.6385 Epoch: 4   Global Step: 3800   Required: 5 hours
Training: 2025-07-24 22:56:31,142-Speed 198.69 samples/sec   Loss 1.6194 Epoch: 4   Global Step: 3850   Required: 5 hours
Training: 2025-07-24 22:57:03,041-Speed 200.63 samples/sec   Loss 1.6344 Epoch: 4   Global Step: 3900   Required: 5 hours
