Training: 2025-06-15 21:03:07,320-rank_id: 0
Training: 2025-06-15 21:03:07,320-Dataset: /data/Authentic/casia_training
Training: 2025-06-15 21:03:07,612-Classes: 0 synthetic, 2000 real - 52212 images - eval: 407
Training: 2025-06-15 21:03:08,547-Total Step is: 16316
Training: 2025-06-15 21:03:40,755-Reducer buckets have been rebuilt in this iteration.
Training: 2025-06-15 21:03:40,856-Reducer buckets have been rebuilt in this iteration.
Training: 2025-06-15 21:04:14,398-Speed 375.01 samples/sec   Loss 34.3973 Epoch: 0   Global Step: 100   Required: 2 hours
Training: 2025-06-15 21:04:31,531-Speed 373.54 samples/sec   Loss 33.1113 Epoch: 0   Global Step: 150   Required: 2 hours
Training: 2025-06-15 21:04:48,696-Speed 372.87 samples/sec   Loss 32.3511 Epoch: 0   Global Step: 200   Required: 2 hours
Training: 2025-06-15 21:05:05,870-Speed 372.66 samples/sec   Loss 31.7027 Epoch: 0   Global Step: 250   Required: 2 hours
Training: 2025-06-15 21:05:23,052-Speed 372.48 samples/sec   Loss 31.2470 Epoch: 0   Global Step: 300   Required: 2 hours
Training: 2025-06-15 21:05:40,240-Speed 372.36 samples/sec   Loss 30.7571 Epoch: 0   Global Step: 350   Required: 2 hours
Training: 2025-06-15 21:05:57,433-Speed 372.24 samples/sec   Loss 30.2256 Epoch: 0   Global Step: 400   Required: 2 hours
Training: 2025-06-15 21:06:24,601-[lfw][407]XNorm: 21.241414
Training: 2025-06-15 21:06:24,603-[lfw][407]Accuracy-Flip: 0.78317+-0.01587
Training: 2025-06-15 21:06:24,603-[lfw][407]Accuracy-Highest: 0.78317
Training: 2025-06-15 21:06:53,103-[cfp_fp][407]XNorm: 24.123987
Training: 2025-06-15 21:06:53,103-[cfp_fp][407]Accuracy-Flip: 0.60900+-0.01625
Training: 2025-06-15 21:06:53,103-[cfp_fp][407]Accuracy-Highest: 0.60900
Training: 2025-06-15 21:07:17,478-[agedb_30][407]XNorm: 21.458075
Training: 2025-06-15 21:07:17,478-[agedb_30][407]Accuracy-Flip: 0.58067+-0.01753
Training: 2025-06-15 21:07:17,478-[agedb_30][407]Accuracy-Highest: 0.58067
Training: 2025-06-15 21:07:42,026-[calfw][407]XNorm: 23.406049
Training: 2025-06-15 21:07:42,026-[calfw][407]Accuracy-Flip: 0.61033+-0.01673
Training: 2025-06-15 21:07:42,026-[calfw][407]Accuracy-Highest: 0.61033
Training: 2025-06-15 21:08:06,579-[cplfw][407]XNorm: 21.633226
Training: 2025-06-15 21:08:06,579-[cplfw][407]Accuracy-Flip: 0.56850+-0.01001
Training: 2025-06-15 21:08:06,579-[cplfw][407]Accuracy-Highest: 0.56850
Training: 2025-06-15 21:08:21,573-Speed 44.40 samples/sec   Loss 28.0147 Epoch: 1   Global Step: 450   Required: 3 hours
Training: 2025-06-15 21:08:38,748-Speed 372.63 samples/sec   Loss 27.5139 Epoch: 1   Global Step: 500   Required: 3 hours
Training: 2025-06-15 21:08:55,935-Speed 372.38 samples/sec   Loss 27.4626 Epoch: 1   Global Step: 550   Required: 3 hours
Training: 2025-06-15 21:09:13,124-Speed 372.32 samples/sec   Loss 27.4342 Epoch: 1   Global Step: 600   Required: 2 hours
Training: 2025-06-15 21:09:30,314-Speed 372.31 samples/sec   Loss 27.2882 Epoch: 1   Global Step: 650   Required: 2 hours
Training: 2025-06-15 21:09:47,509-Speed 372.21 samples/sec   Loss 27.1503 Epoch: 1   Global Step: 700   Required: 2 hours
Training: 2025-06-15 21:10:04,705-Speed 372.19 samples/sec   Loss 26.8620 Epoch: 1   Global Step: 750   Required: 2 hours
Training: 2025-06-15 21:10:21,897-Speed 372.26 samples/sec   Loss 26.7224 Epoch: 1   Global Step: 800   Required: 2 hours
Training: 2025-06-15 21:10:51,142-[lfw][814]XNorm: 22.807133
Training: 2025-06-15 21:10:51,142-[lfw][814]Accuracy-Flip: 0.86500+-0.01775
Training: 2025-06-15 21:10:51,142-[lfw][814]Accuracy-Highest: 0.86500
Training: 2025-06-15 21:11:19,500-[cfp_fp][814]XNorm: 23.805058
Training: 2025-06-15 21:11:19,500-[cfp_fp][814]Accuracy-Flip: 0.63771+-0.01569
Training: 2025-06-15 21:11:19,500-[cfp_fp][814]Accuracy-Highest: 0.63771
Training: 2025-06-15 21:11:43,920-[agedb_30][814]XNorm: 20.765339
Training: 2025-06-15 21:11:43,920-[agedb_30][814]Accuracy-Flip: 0.63767+-0.01783
Training: 2025-06-15 21:11:43,920-[agedb_30][814]Accuracy-Highest: 0.63767
Training: 2025-06-15 21:12:08,398-[calfw][814]XNorm: 22.839721
Training: 2025-06-15 21:12:08,398-[calfw][814]Accuracy-Flip: 0.70900+-0.01602
Training: 2025-06-15 21:12:08,398-[calfw][814]Accuracy-Highest: 0.70900
Training: 2025-06-15 21:12:32,937-[cplfw][814]XNorm: 22.391666
Training: 2025-06-15 21:12:32,937-[cplfw][814]Accuracy-Flip: 0.61150+-0.01749
Training: 2025-06-15 21:12:32,937-[cplfw][814]Accuracy-Highest: 0.61150
Training: 2025-06-15 21:12:45,491-Speed 44.57 samples/sec   Loss 24.1369 Epoch: 2   Global Step: 850   Required: 3 hours
Training: 2025-06-15 21:13:02,667-Speed 372.62 samples/sec   Loss 23.2455 Epoch: 2   Global Step: 900   Required: 3 hours
Training: 2025-06-15 21:13:19,849-Speed 372.50 samples/sec   Loss 23.5078 Epoch: 2   Global Step: 950   Required: 3 hours
Training: 2025-06-15 21:13:37,031-Speed 372.49 samples/sec   Loss 23.5974 Epoch: 2   Global Step: 1000   Required: 3 hours
Training: 2025-06-15 21:13:54,218-Speed 372.38 samples/sec   Loss 23.7370 Epoch: 2   Global Step: 1050   Required: 2 hours
Training: 2025-06-15 21:14:11,407-Speed 372.33 samples/sec   Loss 23.6968 Epoch: 2   Global Step: 1100   Required: 2 hours
Training: 2025-06-15 21:14:28,597-Speed 372.32 samples/sec   Loss 23.6561 Epoch: 2   Global Step: 1150   Required: 2 hours
Training: 2025-06-15 21:14:45,788-Speed 372.28 samples/sec   Loss 23.6500 Epoch: 2   Global Step: 1200   Required: 2 hours
Training: 2025-06-15 21:15:17,419-[lfw][1221]XNorm: 22.304732
Training: 2025-06-15 21:15:17,419-[lfw][1221]Accuracy-Flip: 0.88917+-0.01352
Training: 2025-06-15 21:15:17,419-[lfw][1221]Accuracy-Highest: 0.88917
Training: 2025-06-15 21:15:45,758-[cfp_fp][1221]XNorm: 22.020880
Training: 2025-06-15 21:15:45,758-[cfp_fp][1221]Accuracy-Flip: 0.65743+-0.02052
Training: 2025-06-15 21:15:45,758-[cfp_fp][1221]Accuracy-Highest: 0.65743
Training: 2025-06-15 21:16:10,160-[agedb_30][1221]XNorm: 20.370675
Training: 2025-06-15 21:16:10,160-[agedb_30][1221]Accuracy-Flip: 0.64933+-0.01728
Training: 2025-06-15 21:16:10,160-[agedb_30][1221]Accuracy-Highest: 0.64933
Training: 2025-06-15 21:16:34,630-[calfw][1221]XNorm: 22.193189
Training: 2025-06-15 21:16:34,630-[calfw][1221]Accuracy-Flip: 0.73617+-0.01193
Training: 2025-06-15 21:16:34,630-[calfw][1221]Accuracy-Highest: 0.73617
Training: 2025-06-15 21:16:59,125-[cplfw][1221]XNorm: 21.554485
Training: 2025-06-15 21:16:59,125-[cplfw][1221]Accuracy-Flip: 0.63650+-0.01561
Training: 2025-06-15 21:16:59,125-[cplfw][1221]Accuracy-Highest: 0.63650
Training: 2025-06-15 21:17:09,231-Speed 44.62 samples/sec   Loss 21.7170 Epoch: 3   Global Step: 1250   Required: 3 hours
Training: 2025-06-15 21:17:26,408-Speed 372.61 samples/sec   Loss 20.1589 Epoch: 3   Global Step: 1300   Required: 3 hours
Training: 2025-06-15 21:17:43,583-Speed 372.64 samples/sec   Loss 20.6676 Epoch: 3   Global Step: 1350   Required: 3 hours
Training: 2025-06-15 21:18:00,765-Speed 372.48 samples/sec   Loss 20.9505 Epoch: 3   Global Step: 1400   Required: 3 hours
Training: 2025-06-15 21:18:17,947-Speed 372.48 samples/sec   Loss 21.0119 Epoch: 3   Global Step: 1450   Required: 3 hours
Training: 2025-06-15 21:18:35,137-Speed 372.33 samples/sec   Loss 21.0902 Epoch: 3   Global Step: 1500   Required: 2 hours
Training: 2025-06-15 21:18:52,327-Speed 372.30 samples/sec   Loss 21.4921 Epoch: 3   Global Step: 1550   Required: 2 hours
Training: 2025-06-15 21:19:09,520-Speed 372.26 samples/sec   Loss 21.5649 Epoch: 3   Global Step: 1600   Required: 2 hours
Training: 2025-06-15 21:19:43,558-[lfw][1628]XNorm: 23.429541
Training: 2025-06-15 21:19:43,558-[lfw][1628]Accuracy-Flip: 0.89617+-0.01569
Training: 2025-06-15 21:19:43,558-[lfw][1628]Accuracy-Highest: 0.89617
Training: 2025-06-15 21:20:11,899-[cfp_fp][1628]XNorm: 22.527521
Training: 2025-06-15 21:20:11,899-[cfp_fp][1628]Accuracy-Flip: 0.67386+-0.01624
Training: 2025-06-15 21:20:11,900-[cfp_fp][1628]Accuracy-Highest: 0.67386
Training: 2025-06-15 21:20:36,300-[agedb_30][1628]XNorm: 20.626122
Training: 2025-06-15 21:20:36,300-[agedb_30][1628]Accuracy-Flip: 0.68017+-0.02068
Training: 2025-06-15 21:20:36,300-[agedb_30][1628]Accuracy-Highest: 0.68017
Training: 2025-06-15 21:21:00,779-[calfw][1628]XNorm: 23.104490
Training: 2025-06-15 21:21:00,779-[calfw][1628]Accuracy-Flip: 0.75450+-0.01067
Training: 2025-06-15 21:21:00,779-[calfw][1628]Accuracy-Highest: 0.75450
Training: 2025-06-15 21:21:25,331-[cplfw][1628]XNorm: 22.263942
Training: 2025-06-15 21:21:25,331-[cplfw][1628]Accuracy-Flip: 0.65683+-0.01010
Training: 2025-06-15 21:21:25,331-[cplfw][1628]Accuracy-Highest: 0.65683
Training: 2025-06-15 21:21:33,042-Speed 44.59 samples/sec   Loss 19.8681 Epoch: 4   Global Step: 1650   Required: 3 hours
Training: 2025-06-15 21:21:50,217-Speed 372.63 samples/sec   Loss 18.1270 Epoch: 4   Global Step: 1700   Required: 3 hours
Training: 2025-06-15 21:22:07,392-Speed 372.64 samples/sec   Loss 18.5483 Epoch: 4   Global Step: 1750   Required: 3 hours
Training: 2025-06-15 21:22:24,575-Speed 372.45 samples/sec   Loss 18.8087 Epoch: 4   Global Step: 1800   Required: 3 hours
Training: 2025-06-15 21:22:41,761-Speed 372.40 samples/sec   Loss 19.1181 Epoch: 4   Global Step: 1850   Required: 2 hours
Training: 2025-06-15 21:22:58,950-Speed 372.34 samples/sec   Loss 19.3021 Epoch: 4   Global Step: 1900   Required: 2 hours
Training: 2025-06-15 21:23:16,134-Speed 372.44 samples/sec   Loss 19.6544 Epoch: 4   Global Step: 1950   Required: 2 hours
Training: 2025-06-15 21:23:33,321-Speed 372.38 samples/sec   Loss 19.5309 Epoch: 4   Global Step: 2000   Required: 2 hours
Training: 2025-06-15 21:24:09,743-[lfw][2035]XNorm: 23.109823
Training: 2025-06-15 21:24:09,743-[lfw][2035]Accuracy-Flip: 0.90450+-0.01395
Training: 2025-06-15 21:24:09,743-[lfw][2035]Accuracy-Highest: 0.90450
Training: 2025-06-15 21:24:38,062-[cfp_fp][2035]XNorm: 21.620331
Training: 2025-06-15 21:24:38,063-[cfp_fp][2035]Accuracy-Flip: 0.69443+-0.02421
Training: 2025-06-15 21:24:38,063-[cfp_fp][2035]Accuracy-Highest: 0.69443
Training: 2025-06-15 21:25:02,442-[agedb_30][2035]XNorm: 20.583937
Training: 2025-06-15 21:25:02,443-[agedb_30][2035]Accuracy-Flip: 0.70300+-0.01534
Training: 2025-06-15 21:25:02,443-[agedb_30][2035]Accuracy-Highest: 0.70300
Training: 2025-06-15 21:25:26,907-[calfw][2035]XNorm: 22.836714
Training: 2025-06-15 21:25:26,907-[calfw][2035]Accuracy-Flip: 0.77383+-0.01445
Training: 2025-06-15 21:25:26,907-[calfw][2035]Accuracy-Highest: 0.77383
Training: 2025-06-15 21:25:51,439-[cplfw][2035]XNorm: 21.635971
Training: 2025-06-15 21:25:51,439-[cplfw][2035]Accuracy-Flip: 0.66683+-0.01055
Training: 2025-06-15 21:25:51,439-[cplfw][2035]Accuracy-Highest: 0.66683
Training: 2025-06-15 21:25:56,752-Speed 44.62 samples/sec   Loss 18.5303 Epoch: 5   Global Step: 2050   Required: 3 hours
Training: 2025-06-15 21:26:13,922-Speed 372.73 samples/sec   Loss 16.3334 Epoch: 5   Global Step: 2100   Required: 3 hours
Training: 2025-06-15 21:26:31,086-Speed 372.87 samples/sec   Loss 16.7656 Epoch: 5   Global Step: 2150   Required: 3 hours
Training: 2025-06-15 21:26:48,252-Speed 372.85 samples/sec   Loss 17.1499 Epoch: 5   Global Step: 2200   Required: 2 hours
Training: 2025-06-15 21:27:05,424-Speed 372.69 samples/sec   Loss 17.5830 Epoch: 5   Global Step: 2250   Required: 2 hours
Training: 2025-06-15 21:27:22,604-Speed 372.54 samples/sec   Loss 17.8890 Epoch: 5   Global Step: 2300   Required: 2 hours
Training: 2025-06-15 21:27:39,785-Speed 372.50 samples/sec   Loss 17.8195 Epoch: 5   Global Step: 2350   Required: 2 hours
Training: 2025-06-15 21:27:56,973-Speed 372.36 samples/sec   Loss 18.2453 Epoch: 5   Global Step: 2400   Required: 2 hours
Training: 2025-06-15 21:28:35,861-[lfw][2442]XNorm: 22.842051
Training: 2025-06-15 21:28:35,861-[lfw][2442]Accuracy-Flip: 0.91600+-0.01083
Training: 2025-06-15 21:28:35,861-[lfw][2442]Accuracy-Highest: 0.91600
Training: 2025-06-15 21:29:04,173-[cfp_fp][2442]XNorm: 20.911366
Training: 2025-06-15 21:29:04,173-[cfp_fp][2442]Accuracy-Flip: 0.71014+-0.02553
Training: 2025-06-15 21:29:04,173-[cfp_fp][2442]Accuracy-Highest: 0.71014
Training: 2025-06-15 21:29:28,562-[agedb_30][2442]XNorm: 19.818366
Training: 2025-06-15 21:29:28,562-[agedb_30][2442]Accuracy-Flip: 0.71983+-0.01290
Training: 2025-06-15 21:29:28,562-[agedb_30][2442]Accuracy-Highest: 0.71983
Training: 2025-06-15 21:29:53,123-[calfw][2442]XNorm: 22.405962
Training: 2025-06-15 21:29:53,123-[calfw][2442]Accuracy-Flip: 0.77733+-0.01177
Training: 2025-06-15 21:29:53,123-[calfw][2442]Accuracy-Highest: 0.77733
Training: 2025-06-15 21:30:17,590-[cplfw][2442]XNorm: 21.222476
Training: 2025-06-15 21:30:17,590-[cplfw][2442]Accuracy-Flip: 0.68883+-0.01538
Training: 2025-06-15 21:30:17,590-[cplfw][2442]Accuracy-Highest: 0.68883
Training: 2025-06-15 21:30:20,499-Speed 44.59 samples/sec   Loss 17.7472 Epoch: 6   Global Step: 2450   Required: 3 hours
Training: 2025-06-15 21:30:37,661-Speed 372.91 samples/sec   Loss 15.1674 Epoch: 6   Global Step: 2500   Required: 2 hours
Training: 2025-06-15 21:30:54,826-Speed 372.87 samples/sec   Loss 15.3902 Epoch: 6   Global Step: 2550   Required: 2 hours
Training: 2025-06-15 21:31:11,989-Speed 372.88 samples/sec   Loss 15.9103 Epoch: 6   Global Step: 2600   Required: 2 hours
Training: 2025-06-15 21:31:29,163-Speed 372.66 samples/sec   Loss 16.2398 Epoch: 6   Global Step: 2650   Required: 2 hours
Training: 2025-06-15 21:31:46,345-Speed 372.50 samples/sec   Loss 16.5251 Epoch: 6   Global Step: 2700   Required: 2 hours
Training: 2025-06-15 21:32:03,528-Speed 372.47 samples/sec   Loss 16.6191 Epoch: 6   Global Step: 2750   Required: 2 hours
Training: 2025-06-15 21:32:20,712-Speed 372.44 samples/sec   Loss 17.0268 Epoch: 6   Global Step: 2800   Required: 2 hours
Training: 2025-06-15 21:33:01,934-[lfw][2849]XNorm: 23.322368
Training: 2025-06-15 21:33:01,934-[lfw][2849]Accuracy-Flip: 0.91783+-0.00949
Training: 2025-06-15 21:33:01,934-[lfw][2849]Accuracy-Highest: 0.91783
Training: 2025-06-15 21:33:30,232-[cfp_fp][2849]XNorm: 21.162621
Training: 2025-06-15 21:33:30,232-[cfp_fp][2849]Accuracy-Flip: 0.72257+-0.02361
Training: 2025-06-15 21:33:30,232-[cfp_fp][2849]Accuracy-Highest: 0.72257
Training: 2025-06-15 21:33:54,600-[agedb_30][2849]XNorm: 20.322611
Training: 2025-06-15 21:33:54,600-[agedb_30][2849]Accuracy-Flip: 0.71567+-0.01469
Training: 2025-06-15 21:33:54,600-[agedb_30][2849]Accuracy-Highest: 0.71983
Training: 2025-06-15 21:34:19,055-[calfw][2849]XNorm: 22.959882
Training: 2025-06-15 21:34:19,055-[calfw][2849]Accuracy-Flip: 0.78317+-0.00944
Training: 2025-06-15 21:34:19,055-[calfw][2849]Accuracy-Highest: 0.78317
Training: 2025-06-15 21:34:43,565-[cplfw][2849]XNorm: 21.457470
Training: 2025-06-15 21:34:43,565-[cplfw][2849]Accuracy-Flip: 0.69350+-0.01311
Training: 2025-06-15 21:34:43,565-[cplfw][2849]Accuracy-Highest: 0.69350
Training: 2025-06-15 21:34:44,103-Speed 44.63 samples/sec   Loss 17.0018 Epoch: 7   Global Step: 2850   Required: 2 hours
Training: 2025-06-15 21:35:01,262-Speed 372.98 samples/sec   Loss 13.9058 Epoch: 7   Global Step: 2900   Required: 2 hours
Training: 2025-06-15 21:35:18,430-Speed 372.79 samples/sec   Loss 14.3026 Epoch: 7   Global Step: 2950   Required: 2 hours
Training: 2025-06-15 21:35:35,603-Speed 372.70 samples/sec   Loss 14.6043 Epoch: 7   Global Step: 3000   Required: 2 hours
Training: 2025-06-15 21:35:52,774-Speed 372.70 samples/sec   Loss 15.0284 Epoch: 7   Global Step: 3050   Required: 2 hours
Training: 2025-06-15 21:36:09,948-Speed 372.66 samples/sec   Loss 15.4159 Epoch: 7   Global Step: 3100   Required: 2 hours
Training: 2025-06-15 21:36:27,126-Speed 372.58 samples/sec   Loss 15.6221 Epoch: 7   Global Step: 3150   Required: 2 hours
Training: 2025-06-15 21:36:44,303-Speed 372.59 samples/sec   Loss 15.7285 Epoch: 7   Global Step: 3200   Required: 2 hours
Training: 2025-06-15 21:37:01,482-Speed 372.57 samples/sec   Loss 15.8384 Epoch: 7   Global Step: 3250   Required: 2 hours
Training: 2025-06-15 21:37:27,919-[lfw][3256]XNorm: 22.752658
Training: 2025-06-15 21:37:27,919-[lfw][3256]Accuracy-Flip: 0.92350+-0.00902
Training: 2025-06-15 21:37:27,919-[lfw][3256]Accuracy-Highest: 0.92350
Training: 2025-06-15 21:37:56,221-[cfp_fp][3256]XNorm: 20.383281
Training: 2025-06-15 21:37:56,221-[cfp_fp][3256]Accuracy-Flip: 0.73200+-0.02520
Training: 2025-06-15 21:37:56,221-[cfp_fp][3256]Accuracy-Highest: 0.73200
Training: 2025-06-15 21:38:20,572-[agedb_30][3256]XNorm: 19.917898
Training: 2025-06-15 21:38:20,573-[agedb_30][3256]Accuracy-Flip: 0.72650+-0.01405
Training: 2025-06-15 21:38:20,573-[agedb_30][3256]Accuracy-Highest: 0.72650
Training: 2025-06-15 21:38:45,026-[calfw][3256]XNorm: 22.441706
Training: 2025-06-15 21:38:45,026-[calfw][3256]Accuracy-Flip: 0.79467+-0.01238
Training: 2025-06-15 21:38:45,026-[calfw][3256]Accuracy-Highest: 0.79467
Training: 2025-06-15 21:39:09,530-[cplfw][3256]XNorm: 20.811723
Training: 2025-06-15 21:39:09,530-[cplfw][3256]Accuracy-Flip: 0.69850+-0.02070
Training: 2025-06-15 21:39:09,530-[cplfw][3256]Accuracy-Highest: 0.69850
Training: 2025-06-15 21:39:24,808-Speed 44.65 samples/sec   Loss 13.2105 Epoch: 8   Global Step: 3300   Required: 2 hours
Training: 2025-06-15 21:39:41,965-Speed 373.04 samples/sec   Loss 13.2848 Epoch: 8   Global Step: 3350   Required: 2 hours
Training: 2025-06-15 21:39:59,130-Speed 372.86 samples/sec   Loss 13.7628 Epoch: 8   Global Step: 3400   Required: 2 hours
Training: 2025-06-15 21:40:16,298-Speed 372.78 samples/sec   Loss 13.8879 Epoch: 8   Global Step: 3450   Required: 2 hours
Training: 2025-06-15 21:40:33,473-Speed 372.65 samples/sec   Loss 14.3369 Epoch: 8   Global Step: 3500   Required: 2 hours
Training: 2025-06-15 21:40:50,647-Speed 372.65 samples/sec   Loss 14.4348 Epoch: 8   Global Step: 3550   Required: 2 hours
Training: 2025-06-15 21:41:07,826-Speed 372.55 samples/sec   Loss 14.9217 Epoch: 8   Global Step: 3600   Required: 2 hours
Training: 2025-06-15 21:41:25,010-Speed 372.45 samples/sec   Loss 14.8784 Epoch: 8   Global Step: 3650   Required: 2 hours
Training: 2025-06-15 21:41:53,845-[lfw][3663]XNorm: 23.043144
Training: 2025-06-15 21:41:53,845-[lfw][3663]Accuracy-Flip: 0.92367+-0.01190
Training: 2025-06-15 21:41:53,846-[lfw][3663]Accuracy-Highest: 0.92367
Training: 2025-06-15 21:42:22,146-[cfp_fp][3663]XNorm: 20.743051
Training: 2025-06-15 21:42:22,146-[cfp_fp][3663]Accuracy-Flip: 0.73271+-0.02326
Training: 2025-06-15 21:42:22,146-[cfp_fp][3663]Accuracy-Highest: 0.73271
Training: 2025-06-15 21:42:46,515-[agedb_30][3663]XNorm: 19.883046
Training: 2025-06-15 21:42:46,515-[agedb_30][3663]Accuracy-Flip: 0.72833+-0.02154
Training: 2025-06-15 21:42:46,515-[agedb_30][3663]Accuracy-Highest: 0.72833
Training: 2025-06-15 21:43:10,951-[calfw][3663]XNorm: 22.741520
Training: 2025-06-15 21:43:10,951-[calfw][3663]Accuracy-Flip: 0.80583+-0.01207
Training: 2025-06-15 21:43:10,951-[calfw][3663]Accuracy-Highest: 0.80583
Training: 2025-06-15 21:43:35,409-[cplfw][3663]XNorm: 20.922449
Training: 2025-06-15 21:43:35,409-[cplfw][3663]Accuracy-Flip: 0.69683+-0.01639
Training: 2025-06-15 21:43:35,409-[cplfw][3663]Accuracy-Highest: 0.69850
Training: 2025-06-15 21:43:48,295-Speed 44.67 samples/sec   Loss 12.6293 Epoch: 9   Global Step: 3700   Required: 2 hours
Training: 2025-06-15 21:44:05,463-Speed 372.80 samples/sec   Loss 12.0205 Epoch: 9   Global Step: 3750   Required: 2 hours
Training: 2025-06-15 21:44:22,628-Speed 372.84 samples/sec   Loss 12.8032 Epoch: 9   Global Step: 3800   Required: 2 hours
Training: 2025-06-15 21:44:39,795-Speed 372.83 samples/sec   Loss 13.0196 Epoch: 9   Global Step: 3850   Required: 2 hours
Training: 2025-06-15 21:44:56,966-Speed 372.72 samples/sec   Loss 13.3605 Epoch: 9   Global Step: 3900   Required: 2 hours
Training: 2025-06-15 21:45:14,139-Speed 372.68 samples/sec   Loss 13.5939 Epoch: 9   Global Step: 3950   Required: 2 hours
Training: 2025-06-15 21:45:31,303-Speed 372.87 samples/sec   Loss 13.8810 Epoch: 9   Global Step: 4000   Required: 2 hours
Training: 2025-06-15 21:45:48,477-Speed 372.67 samples/sec   Loss 14.1531 Epoch: 9   Global Step: 4050   Required: 2 hours
Training: 2025-06-15 21:46:19,715-[lfw][4070]XNorm: 23.020631
Training: 2025-06-15 21:46:19,715-[lfw][4070]Accuracy-Flip: 0.92867+-0.00942
Training: 2025-06-15 21:46:19,715-[lfw][4070]Accuracy-Highest: 0.92867
Training: 2025-06-15 21:46:48,000-[cfp_fp][4070]XNorm: 20.405053
Training: 2025-06-15 21:46:48,000-[cfp_fp][4070]Accuracy-Flip: 0.73029+-0.01720
Training: 2025-06-15 21:46:48,000-[cfp_fp][4070]Accuracy-Highest: 0.73271
Training: 2025-06-15 21:47:12,342-[agedb_30][4070]XNorm: 20.402121
Training: 2025-06-15 21:47:12,342-[agedb_30][4070]Accuracy-Flip: 0.75300+-0.01714
Training: 2025-06-15 21:47:12,342-[agedb_30][4070]Accuracy-Highest: 0.75300
Training: 2025-06-15 21:47:36,771-[calfw][4070]XNorm: 22.843132
Training: 2025-06-15 21:47:36,771-[calfw][4070]Accuracy-Flip: 0.80850+-0.00728
Training: 2025-06-15 21:47:36,771-[calfw][4070]Accuracy-Highest: 0.80850
Training: 2025-06-15 21:48:01,258-[cplfw][4070]XNorm: 20.862630
Training: 2025-06-15 21:48:01,258-[cplfw][4070]Accuracy-Flip: 0.69117+-0.01524
Training: 2025-06-15 21:48:01,258-[cplfw][4070]Accuracy-Highest: 0.69850
Training: 2025-06-15 21:48:11,740-Speed 44.67 samples/sec   Loss 12.1485 Epoch: 10   Global Step: 4100   Required: 2 hours
Training: 2025-06-15 21:48:28,905-Speed 372.85 samples/sec   Loss 11.4606 Epoch: 10   Global Step: 4150   Required: 2 hours
Training: 2025-06-15 21:48:46,070-Speed 372.87 samples/sec   Loss 11.6700 Epoch: 10   Global Step: 4200   Required: 2 hours
Training: 2025-06-15 21:49:03,241-Speed 372.71 samples/sec   Loss 12.2333 Epoch: 10   Global Step: 4250   Required: 2 hours
Training: 2025-06-15 21:49:20,415-Speed 372.68 samples/sec   Loss 12.4781 Epoch: 10   Global Step: 4300   Required: 2 hours
Training: 2025-06-15 21:49:37,593-Speed 372.56 samples/sec   Loss 12.7450 Epoch: 10   Global Step: 4350   Required: 2 hours
Training: 2025-06-15 21:49:54,771-Speed 372.57 samples/sec   Loss 12.9047 Epoch: 10   Global Step: 4400   Required: 2 hours
Training: 2025-06-15 21:50:11,950-Speed 372.55 samples/sec   Loss 13.2538 Epoch: 10   Global Step: 4450   Required: 2 hours
Training: 2025-06-15 21:50:45,576-[lfw][4477]XNorm: 22.931867
Training: 2025-06-15 21:50:45,576-[lfw][4477]Accuracy-Flip: 0.93100+-0.01184
Training: 2025-06-15 21:50:45,576-[lfw][4477]Accuracy-Highest: 0.93100
Training: 2025-06-15 21:51:13,849-[cfp_fp][4477]XNorm: 20.172330
Training: 2025-06-15 21:51:13,849-[cfp_fp][4477]Accuracy-Flip: 0.73671+-0.01656
Training: 2025-06-15 21:51:13,849-[cfp_fp][4477]Accuracy-Highest: 0.73671
Training: 2025-06-15 21:51:38,182-[agedb_30][4477]XNorm: 19.932836
Training: 2025-06-15 21:51:38,182-[agedb_30][4477]Accuracy-Flip: 0.75100+-0.02305
Training: 2025-06-15 21:51:38,182-[agedb_30][4477]Accuracy-Highest: 0.75300
Training: 2025-06-15 21:52:02,588-[calfw][4477]XNorm: 22.695594
Training: 2025-06-15 21:52:02,588-[calfw][4477]Accuracy-Flip: 0.80283+-0.01078
Training: 2025-06-15 21:52:02,588-[calfw][4477]Accuracy-Highest: 0.80850
Training: 2025-06-15 21:52:27,027-[cplfw][4477]XNorm: 20.687999
Training: 2025-06-15 21:52:27,027-[cplfw][4477]Accuracy-Flip: 0.70050+-0.01412
Training: 2025-06-15 21:52:27,027-[cplfw][4477]Accuracy-Highest: 0.70050
Training: 2025-06-15 21:52:35,096-Speed 44.71 samples/sec   Loss 11.5704 Epoch: 11   Global Step: 4500   Required: 2 hours
Training: 2025-06-15 21:52:52,250-Speed 373.10 samples/sec   Loss 10.5649 Epoch: 11   Global Step: 4550   Required: 2 hours
Training: 2025-06-15 21:53:09,410-Speed 372.95 samples/sec   Loss 10.8824 Epoch: 11   Global Step: 4600   Required: 2 hours
Training: 2025-06-15 21:53:26,577-Speed 372.81 samples/sec   Loss 11.3240 Epoch: 11   Global Step: 4650   Required: 2 hours
Training: 2025-06-15 21:53:43,744-Speed 372.81 samples/sec   Loss 11.4945 Epoch: 11   Global Step: 4700   Required: 2 hours
Training: 2025-06-15 21:54:00,909-Speed 372.86 samples/sec   Loss 12.0223 Epoch: 11   Global Step: 4750   Required: 2 hours
Training: 2025-06-15 21:54:18,082-Speed 372.68 samples/sec   Loss 12.3442 Epoch: 11   Global Step: 4800   Required: 2 hours
Training: 2025-06-15 21:54:35,258-Speed 372.62 samples/sec   Loss 12.2115 Epoch: 11   Global Step: 4850   Required: 2 hours
Training: 2025-06-15 21:55:11,291-[lfw][4884]XNorm: 23.174452
Training: 2025-06-15 21:55:11,291-[lfw][4884]Accuracy-Flip: 0.93283+-0.01174
Training: 2025-06-15 21:55:11,291-[lfw][4884]Accuracy-Highest: 0.93283
Training: 2025-06-15 21:55:39,581-[cfp_fp][4884]XNorm: 20.274810
Training: 2025-06-15 21:55:39,581-[cfp_fp][4884]Accuracy-Flip: 0.74471+-0.01569
Training: 2025-06-15 21:55:39,581-[cfp_fp][4884]Accuracy-Highest: 0.74471
Training: 2025-06-15 21:56:03,922-[agedb_30][4884]XNorm: 20.149714
Training: 2025-06-15 21:56:03,922-[agedb_30][4884]Accuracy-Flip: 0.75900+-0.02037
Training: 2025-06-15 21:56:03,922-[agedb_30][4884]Accuracy-Highest: 0.75900
Training: 2025-06-15 21:56:28,353-[calfw][4884]XNorm: 22.789870
Training: 2025-06-15 21:56:28,353-[calfw][4884]Accuracy-Flip: 0.80533+-0.01159
Training: 2025-06-15 21:56:28,353-[calfw][4884]Accuracy-Highest: 0.80850
Training: 2025-06-15 21:56:52,814-[cplfw][4884]XNorm: 20.801473
Training: 2025-06-15 21:56:52,814-[cplfw][4884]Accuracy-Flip: 0.69717+-0.01937
Training: 2025-06-15 21:56:52,814-[cplfw][4884]Accuracy-Highest: 0.70050
Training: 2025-06-15 21:56:58,509-Speed 44.68 samples/sec   Loss 11.4644 Epoch: 12   Global Step: 4900   Required: 2 hours
Training: 2025-06-15 21:57:15,669-Speed 372.96 samples/sec   Loss 9.6993 Epoch: 12   Global Step: 4950   Required: 2 hours
Training: 2025-06-15 21:57:32,834-Speed 372.84 samples/sec   Loss 10.0443 Epoch: 12   Global Step: 5000   Required: 2 hours
Training: 2025-06-15 21:57:50,001-Speed 372.82 samples/sec   Loss 10.4210 Epoch: 12   Global Step: 5050   Required: 2 hours
Training: 2025-06-15 21:58:07,170-Speed 372.77 samples/sec   Loss 10.7621 Epoch: 12   Global Step: 5100   Required: 2 hours
Training: 2025-06-15 21:58:24,342-Speed 372.69 samples/sec   Loss 11.0826 Epoch: 12   Global Step: 5150   Required: 2 hours
Training: 2025-06-15 21:58:41,523-Speed 372.52 samples/sec   Loss 11.2144 Epoch: 12   Global Step: 5200   Required: 2 hours
Training: 2025-06-15 21:58:58,703-Speed 372.53 samples/sec   Loss 11.5392 Epoch: 12   Global Step: 5250   Required: 2 hours
Training: 2025-06-15 21:59:37,144-[lfw][5291]XNorm: 22.604238
Training: 2025-06-15 21:59:37,144-[lfw][5291]Accuracy-Flip: 0.93400+-0.01001
Training: 2025-06-15 21:59:37,144-[lfw][5291]Accuracy-Highest: 0.93400
Training: 2025-06-15 22:00:05,521-[cfp_fp][5291]XNorm: 19.924520
Training: 2025-06-15 22:00:05,521-[cfp_fp][5291]Accuracy-Flip: 0.74414+-0.01643
Training: 2025-06-15 22:00:05,521-[cfp_fp][5291]Accuracy-Highest: 0.74471
Training: 2025-06-15 22:00:29,863-[agedb_30][5291]XNorm: 19.866743
Training: 2025-06-15 22:00:29,863-[agedb_30][5291]Accuracy-Flip: 0.76133+-0.02011
Training: 2025-06-15 22:00:29,863-[agedb_30][5291]Accuracy-Highest: 0.76133
Training: 2025-06-15 22:00:54,279-[calfw][5291]XNorm: 22.481626
Training: 2025-06-15 22:00:54,279-[calfw][5291]Accuracy-Flip: 0.80700+-0.01204
Training: 2025-06-15 22:00:54,279-[calfw][5291]Accuracy-Highest: 0.80850
Training: 2025-06-15 22:01:18,714-[cplfw][5291]XNorm: 20.303816
Training: 2025-06-15 22:01:18,714-[cplfw][5291]Accuracy-Flip: 0.69917+-0.01566
Training: 2025-06-15 22:01:18,714-[cplfw][5291]Accuracy-Highest: 0.70050
Training: 2025-06-15 22:01:21,947-Speed 44.68 samples/sec   Loss 11.2982 Epoch: 13   Global Step: 5300   Required: 2 hours
Training: 2025-06-15 22:01:39,107-Speed 372.96 samples/sec   Loss 8.7452 Epoch: 13   Global Step: 5350   Required: 2 hours
Training: 2025-06-15 22:01:56,267-Speed 372.95 samples/sec   Loss 9.2074 Epoch: 13   Global Step: 5400   Required: 2 hours
Training: 2025-06-15 22:02:13,433-Speed 372.85 samples/sec   Loss 9.4956 Epoch: 13   Global Step: 5450   Required: 2 hours
Training: 2025-06-15 22:02:30,597-Speed 372.86 samples/sec   Loss 9.9730 Epoch: 13   Global Step: 5500   Required: 2 hours
Training: 2025-06-15 22:02:47,758-Speed 372.94 samples/sec   Loss 10.2643 Epoch: 13   Global Step: 5550   Required: 2 hours
Training: 2025-06-15 22:03:04,931-Speed 372.70 samples/sec   Loss 10.6297 Epoch: 13   Global Step: 5600   Required: 2 hours
Training: 2025-06-15 22:03:22,108-Speed 372.59 samples/sec   Loss 10.9246 Epoch: 13   Global Step: 5650   Required: 2 hours
Training: 2025-06-15 22:04:02,966-[lfw][5698]XNorm: 22.362191
Training: 2025-06-15 22:04:02,966-[lfw][5698]Accuracy-Flip: 0.93733+-0.01375
Training: 2025-06-15 22:04:02,966-[lfw][5698]Accuracy-Highest: 0.93733
Training: 2025-06-15 22:04:31,251-[cfp_fp][5698]XNorm: 19.477383
Training: 2025-06-15 22:04:31,251-[cfp_fp][5698]Accuracy-Flip: 0.75471+-0.02188
Training: 2025-06-15 22:04:31,251-[cfp_fp][5698]Accuracy-Highest: 0.75471
Training: 2025-06-15 22:04:55,599-[agedb_30][5698]XNorm: 19.593633
Training: 2025-06-15 22:04:55,599-[agedb_30][5698]Accuracy-Flip: 0.76567+-0.01877
Training: 2025-06-15 22:04:55,599-[agedb_30][5698]Accuracy-Highest: 0.76567
Training: 2025-06-15 22:05:20,023-[calfw][5698]XNorm: 22.142947
Training: 2025-06-15 22:05:20,023-[calfw][5698]Accuracy-Flip: 0.80717+-0.01216
Training: 2025-06-15 22:05:20,023-[calfw][5698]Accuracy-Highest: 0.80850
Training: 2025-06-15 22:05:44,513-[cplfw][5698]XNorm: 19.987187
Training: 2025-06-15 22:05:44,513-[cplfw][5698]Accuracy-Flip: 0.70817+-0.01554
Training: 2025-06-15 22:05:44,513-[cplfw][5698]Accuracy-Highest: 0.70817
Training: 2025-06-15 22:05:45,382-Speed 44.67 samples/sec   Loss 11.0901 Epoch: 14   Global Step: 5700   Required: 2 hours
Training: 2025-06-15 22:06:02,540-Speed 372.99 samples/sec   Loss 7.9614 Epoch: 14   Global Step: 5750   Required: 2 hours
Training: 2025-06-15 22:06:19,701-Speed 372.95 samples/sec   Loss 8.5802 Epoch: 14   Global Step: 5800   Required: 2 hours
Training: 2025-06-15 22:06:36,870-Speed 372.77 samples/sec   Loss 8.8047 Epoch: 14   Global Step: 5850   Required: 2 hours
Training: 2025-06-15 22:06:54,040-Speed 372.75 samples/sec   Loss 9.2998 Epoch: 14   Global Step: 5900   Required: 2 hours
Training: 2025-06-15 22:07:11,213-Speed 372.68 samples/sec   Loss 9.5119 Epoch: 14   Global Step: 5950   Required: 2 hours
Training: 2025-06-15 22:07:28,390-Speed 372.59 samples/sec   Loss 9.8854 Epoch: 14   Global Step: 6000   Required: 2 hours
Training: 2025-06-15 22:07:45,564-Speed 372.66 samples/sec   Loss 10.3091 Epoch: 14   Global Step: 6050   Required: 2 hours
Training: 2025-06-15 22:08:02,742-Speed 372.57 samples/sec   Loss 10.3826 Epoch: 14   Global Step: 6100   Required: 2 hours
Training: 2025-06-15 22:08:28,829-[lfw][6105]XNorm: 23.039217
Training: 2025-06-15 22:08:28,829-[lfw][6105]Accuracy-Flip: 0.93567+-0.01165
Training: 2025-06-15 22:08:28,829-[lfw][6105]Accuracy-Highest: 0.93733
Training: 2025-06-15 22:08:57,227-[cfp_fp][6105]XNorm: 19.913587
Training: 2025-06-15 22:08:57,227-[cfp_fp][6105]Accuracy-Flip: 0.74429+-0.01741
Training: 2025-06-15 22:08:57,227-[cfp_fp][6105]Accuracy-Highest: 0.75471
Training: 2025-06-15 22:09:21,562-[agedb_30][6105]XNorm: 20.204777
Training: 2025-06-15 22:09:21,562-[agedb_30][6105]Accuracy-Flip: 0.74850+-0.02520
Training: 2025-06-15 22:09:21,562-[agedb_30][6105]Accuracy-Highest: 0.76567
Training: 2025-06-15 22:09:45,980-[calfw][6105]XNorm: 22.969757
Training: 2025-06-15 22:09:45,980-[calfw][6105]Accuracy-Flip: 0.80200+-0.00927
Training: 2025-06-15 22:09:45,980-[calfw][6105]Accuracy-Highest: 0.80850
Training: 2025-06-15 22:10:10,451-[cplfw][6105]XNorm: 20.464284
Training: 2025-06-15 22:10:10,451-[cplfw][6105]Accuracy-Flip: 0.69867+-0.02132
Training: 2025-06-15 22:10:10,451-[cplfw][6105]Accuracy-Highest: 0.70817
Training: 2025-06-15 22:10:26,040-Speed 44.66 samples/sec   Loss 7.6312 Epoch: 15   Global Step: 6150   Required: 2 hours
Training: 2025-06-15 22:10:43,198-Speed 372.99 samples/sec   Loss 7.7380 Epoch: 15   Global Step: 6200   Required: 2 hours
Training: 2025-06-15 22:11:00,356-Speed 373.01 samples/sec   Loss 8.1604 Epoch: 15   Global Step: 6250   Required: 2 hours
Training: 2025-06-15 22:11:17,516-Speed 372.96 samples/sec   Loss 8.6428 Epoch: 15   Global Step: 6300   Required: 2 hours
Training: 2025-06-15 22:11:34,685-Speed 372.77 samples/sec   Loss 9.0655 Epoch: 15   Global Step: 6350   Required: 2 hours
Training: 2025-06-15 22:11:51,853-Speed 372.80 samples/sec   Loss 9.0076 Epoch: 15   Global Step: 6400   Required: 2 hours
Training: 2025-06-15 22:12:09,024-Speed 372.72 samples/sec   Loss 9.5805 Epoch: 15   Global Step: 6450   Required: 2 hours
Training: 2025-06-15 22:12:26,196-Speed 372.70 samples/sec   Loss 9.7169 Epoch: 15   Global Step: 6500   Required: 2 hours
Training: 2025-06-15 22:12:54,682-[lfw][6512]XNorm: 22.387014
Training: 2025-06-15 22:12:54,682-[lfw][6512]Accuracy-Flip: 0.93767+-0.01202
Training: 2025-06-15 22:12:54,682-[lfw][6512]Accuracy-Highest: 0.93767
Training: 2025-06-15 22:13:22,969-[cfp_fp][6512]XNorm: 19.577964
Training: 2025-06-15 22:13:22,970-[cfp_fp][6512]Accuracy-Flip: 0.75314+-0.02333
Training: 2025-06-15 22:13:22,970-[cfp_fp][6512]Accuracy-Highest: 0.75471
Training: 2025-06-15 22:13:47,317-[agedb_30][6512]XNorm: 19.688397
Training: 2025-06-15 22:13:47,317-[agedb_30][6512]Accuracy-Flip: 0.75433+-0.01747
Training: 2025-06-15 22:13:47,317-[agedb_30][6512]Accuracy-Highest: 0.76567
Training: 2025-06-15 22:14:11,737-[calfw][6512]XNorm: 22.255495
Training: 2025-06-15 22:14:11,737-[calfw][6512]Accuracy-Flip: 0.80100+-0.01420
Training: 2025-06-15 22:14:11,737-[calfw][6512]Accuracy-Highest: 0.80850
Training: 2025-06-15 22:14:36,218-[cplfw][6512]XNorm: 19.933070
Training: 2025-06-15 22:14:36,218-[cplfw][6512]Accuracy-Flip: 0.71150+-0.01941
Training: 2025-06-15 22:14:36,218-[cplfw][6512]Accuracy-Highest: 0.71150
Training: 2025-06-15 22:14:49,405-Speed 44.69 samples/sec   Loss 7.5043 Epoch: 16   Global Step: 6550   Required: 2 hours
Training: 2025-06-15 22:15:06,566-Speed 372.94 samples/sec   Loss 7.1259 Epoch: 16   Global Step: 6600   Required: 2 hours
Training: 2025-06-15 22:15:23,733-Speed 372.80 samples/sec   Loss 7.6374 Epoch: 16   Global Step: 6650   Required: 2 hours
Training: 2025-06-15 22:15:40,907-Speed 372.67 samples/sec   Loss 7.7881 Epoch: 16   Global Step: 6700   Required: 2 hours
Training: 2025-06-15 22:15:58,082-Speed 372.64 samples/sec   Loss 8.1571 Epoch: 16   Global Step: 6750   Required: 2 hours
Training: 2025-06-15 22:16:15,259-Speed 372.58 samples/sec   Loss 8.5462 Epoch: 16   Global Step: 6800   Required: 2 hours
Training: 2025-06-15 22:16:32,433-Speed 372.67 samples/sec   Loss 8.8201 Epoch: 16   Global Step: 6850   Required: 2 hours
Training: 2025-06-15 22:16:49,610-Speed 372.59 samples/sec   Loss 8.9909 Epoch: 16   Global Step: 6900   Required: 2 hours
Training: 2025-06-15 22:17:20,485-[lfw][6919]XNorm: 22.553282
Training: 2025-06-15 22:17:20,485-[lfw][6919]Accuracy-Flip: 0.93083+-0.01307
Training: 2025-06-15 22:17:20,485-[lfw][6919]Accuracy-Highest: 0.93767
Training: 2025-06-15 22:17:48,759-[cfp_fp][6919]XNorm: 19.643815
Training: 2025-06-15 22:17:48,759-[cfp_fp][6919]Accuracy-Flip: 0.74686+-0.02274
Training: 2025-06-15 22:17:48,759-[cfp_fp][6919]Accuracy-Highest: 0.75471
Training: 2025-06-15 22:18:13,093-[agedb_30][6919]XNorm: 20.025089
Training: 2025-06-15 22:18:13,093-[agedb_30][6919]Accuracy-Flip: 0.76283+-0.01952
Training: 2025-06-15 22:18:13,093-[agedb_30][6919]Accuracy-Highest: 0.76567
Training: 2025-06-15 22:18:37,505-[calfw][6919]XNorm: 22.614722
Training: 2025-06-15 22:18:37,505-[calfw][6919]Accuracy-Flip: 0.80367+-0.01490
Training: 2025-06-15 22:18:37,505-[calfw][6919]Accuracy-Highest: 0.80850
Training: 2025-06-15 22:19:01,924-[cplfw][6919]XNorm: 20.067011
Training: 2025-06-15 22:19:01,924-[cplfw][6919]Accuracy-Flip: 0.71083+-0.01764
Training: 2025-06-15 22:19:01,924-[cplfw][6919]Accuracy-Highest: 0.71150
Training: 2025-06-15 22:19:12,751-Speed 44.71 samples/sec   Loss 7.2564 Epoch: 17   Global Step: 6950   Required: 2 hours
Training: 2025-06-15 22:19:29,912-Speed 372.96 samples/sec   Loss 6.4819 Epoch: 17   Global Step: 7000   Required: 2 hours
Training: 2025-06-15 22:19:47,079-Speed 372.81 samples/sec   Loss 6.9068 Epoch: 17   Global Step: 7050   Required: 2 hours
Training: 2025-06-15 22:20:04,252-Speed 372.68 samples/sec   Loss 7.3371 Epoch: 17   Global Step: 7100   Required: 2 hours
Training: 2025-06-15 22:20:21,432-Speed 372.52 samples/sec   Loss 7.6552 Epoch: 17   Global Step: 7150   Required: 2 hours
Training: 2025-06-15 22:20:38,611-Speed 372.55 samples/sec   Loss 7.9115 Epoch: 17   Global Step: 7200   Required: 2 hours
Training: 2025-06-15 22:20:55,794-Speed 372.48 samples/sec   Loss 8.1234 Epoch: 17   Global Step: 7250   Required: 2 hours
Training: 2025-06-15 22:21:12,969-Speed 372.62 samples/sec   Loss 8.4973 Epoch: 17   Global Step: 7300   Required: 2 hours
Training: 2025-06-15 22:21:46,270-[lfw][7326]XNorm: 21.280550
Training: 2025-06-15 22:21:46,270-[lfw][7326]Accuracy-Flip: 0.93333+-0.01245
Training: 2025-06-15 22:21:46,270-[lfw][7326]Accuracy-Highest: 0.93767
Training: 2025-06-15 22:22:14,649-[cfp_fp][7326]XNorm: 18.780449
Training: 2025-06-15 22:22:14,649-[cfp_fp][7326]Accuracy-Flip: 0.74429+-0.01855
Training: 2025-06-15 22:22:14,649-[cfp_fp][7326]Accuracy-Highest: 0.75471
Training: 2025-06-15 22:22:38,995-[agedb_30][7326]XNorm: 19.086077
Training: 2025-06-15 22:22:38,995-[agedb_30][7326]Accuracy-Flip: 0.75833+-0.02376
Training: 2025-06-15 22:22:38,995-[agedb_30][7326]Accuracy-Highest: 0.76567
Training: 2025-06-15 22:23:03,421-[calfw][7326]XNorm: 21.356635
Training: 2025-06-15 22:23:03,421-[calfw][7326]Accuracy-Flip: 0.80567+-0.01055
Training: 2025-06-15 22:23:03,421-[calfw][7326]Accuracy-Highest: 0.80850
Training: 2025-06-15 22:23:27,922-[cplfw][7326]XNorm: 18.936828
Training: 2025-06-15 22:23:27,922-[cplfw][7326]Accuracy-Flip: 0.70333+-0.01546
Training: 2025-06-15 22:23:27,922-[cplfw][7326]Accuracy-Highest: 0.71150
Training: 2025-06-15 22:23:36,335-Speed 44.64 samples/sec   Loss 7.1289 Epoch: 18   Global Step: 7350   Required: 2 hours
Training: 2025-06-15 22:23:53,497-Speed 372.92 samples/sec   Loss 5.9055 Epoch: 18   Global Step: 7400   Required: 2 hours
Training: 2025-06-15 22:24:10,663-Speed 372.82 samples/sec   Loss 6.3276 Epoch: 18   Global Step: 7450   Required: 2 hours
Training: 2025-06-15 22:24:27,826-Speed 372.90 samples/sec   Loss 6.8318 Epoch: 18   Global Step: 7500   Required: 2 hours
Training: 2025-06-15 22:24:44,999-Speed 372.69 samples/sec   Loss 7.2544 Epoch: 18   Global Step: 7550   Required: 2 hours
Training: 2025-06-15 22:25:02,168-Speed 372.76 samples/sec   Loss 7.3682 Epoch: 18   Global Step: 7600   Required: 2 hours
Training: 2025-06-15 22:25:19,340-Speed 372.71 samples/sec   Loss 7.6105 Epoch: 18   Global Step: 7650   Required: 2 hours
Training: 2025-06-15 22:25:36,515-Speed 372.62 samples/sec   Loss 7.8581 Epoch: 18   Global Step: 7700   Required: 2 hours
Training: 2025-06-15 22:26:12,211-[lfw][7733]XNorm: 21.910807
Training: 2025-06-15 22:26:12,212-[lfw][7733]Accuracy-Flip: 0.93517+-0.01603
Training: 2025-06-15 22:26:12,212-[lfw][7733]Accuracy-Highest: 0.93767
Training: 2025-06-15 22:26:40,482-[cfp_fp][7733]XNorm: 19.198957
Training: 2025-06-15 22:26:40,482-[cfp_fp][7733]Accuracy-Flip: 0.74514+-0.01643
Training: 2025-06-15 22:26:40,482-[cfp_fp][7733]Accuracy-Highest: 0.75471
Training: 2025-06-15 22:27:04,827-[agedb_30][7733]XNorm: 19.689043
Training: 2025-06-15 22:27:04,827-[agedb_30][7733]Accuracy-Flip: 0.75217+-0.01703
Training: 2025-06-15 22:27:04,827-[agedb_30][7733]Accuracy-Highest: 0.76567
Training: 2025-06-15 22:27:29,243-[calfw][7733]XNorm: 22.013348
Training: 2025-06-15 22:27:29,243-[calfw][7733]Accuracy-Flip: 0.80533+-0.01333
Training: 2025-06-15 22:27:29,243-[calfw][7733]Accuracy-Highest: 0.80850
Training: 2025-06-15 22:27:53,671-[cplfw][7733]XNorm: 19.449063
Training: 2025-06-15 22:27:53,671-[cplfw][7733]Accuracy-Flip: 0.70133+-0.01770
Training: 2025-06-15 22:27:53,671-[cplfw][7733]Accuracy-Highest: 0.71150
Training: 2025-06-15 22:27:59,656-Speed 44.71 samples/sec   Loss 7.1179 Epoch: 19   Global Step: 7750   Required: 2 hours
Training: 2025-06-15 22:28:16,819-Speed 372.91 samples/sec   Loss 5.4272 Epoch: 19   Global Step: 7800   Required: 2 hours
Training: 2025-06-15 22:28:33,986-Speed 372.81 samples/sec   Loss 5.8173 Epoch: 19   Global Step: 7850   Required: 2 hours
Training: 2025-06-15 22:28:51,157-Speed 372.73 samples/sec   Loss 6.2099 Epoch: 19   Global Step: 7900   Required: 2 hours
Training: 2025-06-15 22:29:08,326-Speed 372.77 samples/sec   Loss 6.5557 Epoch: 19   Global Step: 7950   Required: 1 hours
Training: 2025-06-15 22:29:25,494-Speed 372.77 samples/sec   Loss 6.8176 Epoch: 19   Global Step: 8000   Required: 1 hours
Training: 2025-06-15 22:29:42,670-Speed 372.62 samples/sec   Loss 7.0700 Epoch: 19   Global Step: 8050   Required: 1 hours
Training: 2025-06-15 22:29:59,847-Speed 372.59 samples/sec   Loss 7.3385 Epoch: 19   Global Step: 8100   Required: 1 hours
Training: 2025-06-15 22:30:37,950-[lfw][8140]XNorm: 21.675089
Training: 2025-06-15 22:30:37,950-[lfw][8140]Accuracy-Flip: 0.93300+-0.01331
Training: 2025-06-15 22:30:37,950-[lfw][8140]Accuracy-Highest: 0.93767
Training: 2025-06-15 22:31:06,247-[cfp_fp][8140]XNorm: 19.155488
Training: 2025-06-15 22:31:06,247-[cfp_fp][8140]Accuracy-Flip: 0.74471+-0.01541
Training: 2025-06-15 22:31:06,247-[cfp_fp][8140]Accuracy-Highest: 0.75471
Training: 2025-06-15 22:31:30,591-[agedb_30][8140]XNorm: 19.452690
Training: 2025-06-15 22:31:30,592-[agedb_30][8140]Accuracy-Flip: 0.75067+-0.01397
Training: 2025-06-15 22:31:30,592-[agedb_30][8140]Accuracy-Highest: 0.76567
Training: 2025-06-15 22:31:55,010-[calfw][8140]XNorm: 21.777183
Training: 2025-06-15 22:31:55,010-[calfw][8140]Accuracy-Flip: 0.79833+-0.01195
Training: 2025-06-15 22:31:55,010-[calfw][8140]Accuracy-Highest: 0.80850
Training: 2025-06-15 22:32:19,443-[cplfw][8140]XNorm: 19.163045
Training: 2025-06-15 22:32:19,443-[cplfw][8140]Accuracy-Flip: 0.70200+-0.01233
Training: 2025-06-15 22:32:19,443-[cplfw][8140]Accuracy-Highest: 0.71150
Training: 2025-06-15 22:32:23,054-Speed 44.69 samples/sec   Loss 6.9103 Epoch: 20   Global Step: 8150   Required: 1 hours
Training: 2025-06-15 22:32:40,209-Speed 373.07 samples/sec   Loss 5.0049 Epoch: 20   Global Step: 8200   Required: 1 hours
Training: 2025-06-15 22:32:57,372-Speed 372.91 samples/sec   Loss 5.4212 Epoch: 20   Global Step: 8250   Required: 1 hours
Training: 2025-06-15 22:33:14,541-Speed 372.76 samples/sec   Loss 5.6576 Epoch: 20   Global Step: 8300   Required: 1 hours
Training: 2025-06-15 22:33:31,713-Speed 372.70 samples/sec   Loss 6.0666 Epoch: 20   Global Step: 8350   Required: 1 hours
Training: 2025-06-15 22:33:48,881-Speed 372.78 samples/sec   Loss 6.4008 Epoch: 20   Global Step: 8400   Required: 1 hours
Training: 2025-06-15 22:34:06,057-Speed 372.61 samples/sec   Loss 6.6674 Epoch: 20   Global Step: 8450   Required: 1 hours
Training: 2025-06-15 22:34:23,233-Speed 372.61 samples/sec   Loss 6.9825 Epoch: 20   Global Step: 8500   Required: 1 hours
Training: 2025-06-15 22:35:03,723-[lfw][8547]XNorm: 21.633072
Training: 2025-06-15 22:35:03,723-[lfw][8547]Accuracy-Flip: 0.93550+-0.01174
Training: 2025-06-15 22:35:03,723-[lfw][8547]Accuracy-Highest: 0.93767
Training: 2025-06-15 22:35:32,060-[cfp_fp][8547]XNorm: 18.960086
Training: 2025-06-15 22:35:32,060-[cfp_fp][8547]Accuracy-Flip: 0.73686+-0.01534
Training: 2025-06-15 22:35:32,060-[cfp_fp][8547]Accuracy-Highest: 0.75471
Training: 2025-06-15 22:35:56,389-[agedb_30][8547]XNorm: 19.659248
Training: 2025-06-15 22:35:56,389-[agedb_30][8547]Accuracy-Flip: 0.76517+-0.01454
Training: 2025-06-15 22:35:56,389-[agedb_30][8547]Accuracy-Highest: 0.76567
Training: 2025-06-15 22:36:20,799-[calfw][8547]XNorm: 21.777266
Training: 2025-06-15 22:36:20,800-[calfw][8547]Accuracy-Flip: 0.80483+-0.00967
Training: 2025-06-15 22:36:20,800-[calfw][8547]Accuracy-Highest: 0.80850
Training: 2025-06-15 22:36:45,215-[cplfw][8547]XNorm: 19.166499
Training: 2025-06-15 22:36:45,215-[cplfw][8547]Accuracy-Flip: 0.70650+-0.01694
Training: 2025-06-15 22:36:45,215-[cplfw][8547]Accuracy-Highest: 0.71150
Training: 2025-06-15 22:36:46,389-Speed 44.71 samples/sec   Loss 6.9695 Epoch: 21   Global Step: 8550   Required: 1 hours
Training: 2025-06-15 22:37:03,540-Speed 373.14 samples/sec   Loss 4.2197 Epoch: 21   Global Step: 8600   Required: 1 hours
Training: 2025-06-15 22:37:20,708-Speed 372.81 samples/sec   Loss 3.8291 Epoch: 21   Global Step: 8650   Required: 1 hours
Training: 2025-06-15 22:37:37,873-Speed 372.83 samples/sec   Loss 3.7454 Epoch: 21   Global Step: 8700   Required: 1 hours
Training: 2025-06-15 22:37:55,040-Speed 372.83 samples/sec   Loss 3.4748 Epoch: 21   Global Step: 8750   Required: 1 hours
Training: 2025-06-15 22:38:12,210-Speed 372.74 samples/sec   Loss 3.4543 Epoch: 21   Global Step: 8800   Required: 1 hours
Training: 2025-06-15 22:38:29,385-Speed 372.63 samples/sec   Loss 3.2757 Epoch: 21   Global Step: 8850   Required: 1 hours
Training: 2025-06-15 22:38:46,560-Speed 372.64 samples/sec   Loss 3.3317 Epoch: 21   Global Step: 8900   Required: 1 hours
Training: 2025-06-15 22:39:03,737-Speed 372.59 samples/sec   Loss 3.2642 Epoch: 21   Global Step: 8950   Required: 1 hours
Training: 2025-06-15 22:39:29,465-[lfw][8954]XNorm: 21.453849
Training: 2025-06-15 22:39:29,465-[lfw][8954]Accuracy-Flip: 0.93933+-0.01209
Training: 2025-06-15 22:39:29,465-[lfw][8954]Accuracy-Highest: 0.93933
Training: 2025-06-15 22:39:57,741-[cfp_fp][8954]XNorm: 18.735596
Training: 2025-06-15 22:39:57,741-[cfp_fp][8954]Accuracy-Flip: 0.75057+-0.01273
Training: 2025-06-15 22:39:57,741-[cfp_fp][8954]Accuracy-Highest: 0.75471
Training: 2025-06-15 22:40:22,096-[agedb_30][8954]XNorm: 19.409754
Training: 2025-06-15 22:40:22,096-[agedb_30][8954]Accuracy-Flip: 0.77017+-0.02050
Training: 2025-06-15 22:40:22,096-[agedb_30][8954]Accuracy-Highest: 0.77017
Training: 2025-06-15 22:40:46,525-[calfw][8954]XNorm: 21.571460
Training: 2025-06-15 22:40:46,525-[calfw][8954]Accuracy-Flip: 0.80267+-0.01207
Training: 2025-06-15 22:40:46,525-[calfw][8954]Accuracy-Highest: 0.80850
Training: 2025-06-15 22:41:10,990-[cplfw][8954]XNorm: 18.942628
Training: 2025-06-15 22:41:10,990-[cplfw][8954]Accuracy-Flip: 0.70733+-0.02108
Training: 2025-06-15 22:41:10,990-[cplfw][8954]Accuracy-Highest: 0.71150
Training: 2025-06-15 22:41:26,922-Speed 44.70 samples/sec   Loss 2.8934 Epoch: 22   Global Step: 9000   Required: 1 hours
Training: 2025-06-15 22:41:44,090-Speed 372.81 samples/sec   Loss 2.7607 Epoch: 22   Global Step: 9050   Required: 1 hours
Training: 2025-06-15 22:42:01,263-Speed 372.66 samples/sec   Loss 2.6784 Epoch: 22   Global Step: 9100   Required: 1 hours
Training: 2025-06-15 22:42:18,432-Speed 372.77 samples/sec   Loss 2.6582 Epoch: 22   Global Step: 9150   Required: 1 hours
Training: 2025-06-15 22:42:35,603-Speed 372.73 samples/sec   Loss 2.6688 Epoch: 22   Global Step: 9200   Required: 1 hours
Training: 2025-06-15 22:42:52,768-Speed 372.86 samples/sec   Loss 2.5824 Epoch: 22   Global Step: 9250   Required: 1 hours
Training: 2025-06-15 22:43:09,940-Speed 372.70 samples/sec   Loss 2.6271 Epoch: 22   Global Step: 9300   Required: 1 hours
Training: 2025-06-15 22:43:27,114-Speed 372.66 samples/sec   Loss 2.6232 Epoch: 22   Global Step: 9350   Required: 1 hours
Training: 2025-06-15 22:43:55,235-[lfw][9361]XNorm: 21.191467
Training: 2025-06-15 22:43:55,235-[lfw][9361]Accuracy-Flip: 0.93867+-0.01095
Training: 2025-06-15 22:43:55,235-[lfw][9361]Accuracy-Highest: 0.93933
Training: 2025-06-15 22:44:23,551-[cfp_fp][9361]XNorm: 18.524842
Training: 2025-06-15 22:44:23,551-[cfp_fp][9361]Accuracy-Flip: 0.74643+-0.01420
Training: 2025-06-15 22:44:23,551-[cfp_fp][9361]Accuracy-Highest: 0.75471
Training: 2025-06-15 22:44:47,923-[agedb_30][9361]XNorm: 19.158523
Training: 2025-06-15 22:44:47,923-[agedb_30][9361]Accuracy-Flip: 0.76483+-0.01871
Training: 2025-06-15 22:44:47,923-[agedb_30][9361]Accuracy-Highest: 0.77017
Training: 2025-06-15 22:45:12,352-[calfw][9361]XNorm: 21.305035
Training: 2025-06-15 22:45:12,352-[calfw][9361]Accuracy-Flip: 0.80600+-0.01385
Training: 2025-06-15 22:45:12,352-[calfw][9361]Accuracy-Highest: 0.80850
Training: 2025-06-15 22:45:36,812-[cplfw][9361]XNorm: 18.705491
Training: 2025-06-15 22:45:36,812-[cplfw][9361]Accuracy-Flip: 0.70800+-0.02046
Training: 2025-06-15 22:45:36,812-[cplfw][9361]Accuracy-Highest: 0.71150
Training: 2025-06-15 22:45:50,383-Speed 44.67 samples/sec   Loss 2.3591 Epoch: 23   Global Step: 9400   Required: 1 hours
Training: 2025-06-15 22:46:07,542-Speed 373.00 samples/sec   Loss 2.1798 Epoch: 23   Global Step: 9450   Required: 1 hours
Training: 2025-06-15 22:46:24,712-Speed 372.74 samples/sec   Loss 2.2622 Epoch: 23   Global Step: 9500   Required: 1 hours
Training: 2025-06-15 22:46:41,887-Speed 372.64 samples/sec   Loss 2.1692 Epoch: 23   Global Step: 9550   Required: 1 hours
Training: 2025-06-15 22:46:59,061-Speed 372.64 samples/sec   Loss 2.2113 Epoch: 23   Global Step: 9600   Required: 1 hours
Training: 2025-06-15 22:47:16,239-Speed 372.58 samples/sec   Loss 2.2297 Epoch: 23   Global Step: 9650   Required: 1 hours
Training: 2025-06-15 22:47:33,419-Speed 372.53 samples/sec   Loss 2.1760 Epoch: 23   Global Step: 9700   Required: 1 hours
Training: 2025-06-15 22:47:50,596-Speed 372.60 samples/sec   Loss 2.1628 Epoch: 23   Global Step: 9750   Required: 1 hours
Training: 2025-06-15 22:48:21,131-[lfw][9768]XNorm: 21.391269
Training: 2025-06-15 22:48:21,132-[lfw][9768]Accuracy-Flip: 0.93733+-0.01116
Training: 2025-06-15 22:48:21,132-[lfw][9768]Accuracy-Highest: 0.93933
Training: 2025-06-15 22:48:49,443-[cfp_fp][9768]XNorm: 18.723681
Training: 2025-06-15 22:48:49,443-[cfp_fp][9768]Accuracy-Flip: 0.74686+-0.01445
Training: 2025-06-15 22:48:49,443-[cfp_fp][9768]Accuracy-Highest: 0.75471
Training: 2025-06-15 22:49:13,821-[agedb_30][9768]XNorm: 19.324722
Training: 2025-06-15 22:49:13,821-[agedb_30][9768]Accuracy-Flip: 0.76567+-0.01723
Training: 2025-06-15 22:49:13,821-[agedb_30][9768]Accuracy-Highest: 0.77017
Training: 2025-06-15 22:49:38,244-[calfw][9768]XNorm: 21.499103
Training: 2025-06-15 22:49:38,244-[calfw][9768]Accuracy-Flip: 0.80667+-0.01300
Training: 2025-06-15 22:49:38,245-[calfw][9768]Accuracy-Highest: 0.80850
Training: 2025-06-15 22:50:02,659-[cplfw][9768]XNorm: 18.896878
Training: 2025-06-15 22:50:02,659-[cplfw][9768]Accuracy-Flip: 0.70700+-0.01910
Training: 2025-06-15 22:50:02,659-[cplfw][9768]Accuracy-Highest: 0.71150
Training: 2025-06-15 22:50:13,808-Speed 44.69 samples/sec   Loss 1.9234 Epoch: 24   Global Step: 9800   Required: 1 hours
Training: 2025-06-15 22:50:30,966-Speed 373.00 samples/sec   Loss 1.8369 Epoch: 24   Global Step: 9850   Required: 1 hours
Training: 2025-06-15 22:50:48,129-Speed 372.90 samples/sec   Loss 1.8479 Epoch: 24   Global Step: 9900   Required: 1 hours
Training: 2025-06-15 22:51:05,296-Speed 372.82 samples/sec   Loss 1.8570 Epoch: 24   Global Step: 9950   Required: 1 hours
Training: 2025-06-15 22:51:22,465-Speed 372.77 samples/sec   Loss 1.8279 Epoch: 24   Global Step: 10000   Required: 1 hours
Training: 2025-06-15 22:51:39,631-Speed 372.82 samples/sec   Loss 1.8656 Epoch: 24   Global Step: 10050   Required: 1 hours
Training: 2025-06-15 22:51:56,803-Speed 372.71 samples/sec   Loss 1.8243 Epoch: 24   Global Step: 10100   Required: 1 hours
Training: 2025-06-15 22:52:13,979-Speed 372.62 samples/sec   Loss 1.8187 Epoch: 24   Global Step: 10150   Required: 1 hours
Training: 2025-06-15 22:52:46,911-[lfw][10175]XNorm: 21.097999
Training: 2025-06-15 22:52:46,911-[lfw][10175]Accuracy-Flip: 0.93833+-0.01043
Training: 2025-06-15 22:52:46,911-[lfw][10175]Accuracy-Highest: 0.93933
Training: 2025-06-15 22:53:15,434-[cfp_fp][10175]XNorm: 18.549044
Training: 2025-06-15 22:53:15,435-[cfp_fp][10175]Accuracy-Flip: 0.74171+-0.01197
Training: 2025-06-15 22:53:15,435-[cfp_fp][10175]Accuracy-Highest: 0.75471
Training: 2025-06-15 22:53:39,808-[agedb_30][10175]XNorm: 19.155817
Training: 2025-06-15 22:53:39,808-[agedb_30][10175]Accuracy-Flip: 0.76783+-0.01507
Training: 2025-06-15 22:53:39,808-[agedb_30][10175]Accuracy-Highest: 0.77017
Training: 2025-06-15 22:54:04,229-[calfw][10175]XNorm: 21.204540
Training: 2025-06-15 22:54:04,229-[calfw][10175]Accuracy-Flip: 0.80367+-0.01278
Training: 2025-06-15 22:54:04,229-[calfw][10175]Accuracy-Highest: 0.80850
Training: 2025-06-15 22:54:28,637-[cplfw][10175]XNorm: 18.683654
Training: 2025-06-15 22:54:28,637-[cplfw][10175]Accuracy-Flip: 0.70583+-0.01915
Training: 2025-06-15 22:54:28,637-[cplfw][10175]Accuracy-Highest: 0.71150
Training: 2025-06-15 22:54:37,371-Speed 44.63 samples/sec   Loss 1.6757 Epoch: 25   Global Step: 10200   Required: 1 hours
Training: 2025-06-15 22:54:54,532-Speed 372.93 samples/sec   Loss 1.5183 Epoch: 25   Global Step: 10250   Required: 1 hours
Training: 2025-06-15 22:55:11,693-Speed 372.94 samples/sec   Loss 1.4885 Epoch: 25   Global Step: 10300   Required: 1 hours
Training: 2025-06-15 22:55:28,861-Speed 372.80 samples/sec   Loss 1.5625 Epoch: 25   Global Step: 10350   Required: 1 hours
Training: 2025-06-15 22:55:46,033-Speed 372.70 samples/sec   Loss 1.5234 Epoch: 25   Global Step: 10400   Required: 1 hours
Training: 2025-06-15 22:56:03,208-Speed 372.64 samples/sec   Loss 1.5446 Epoch: 25   Global Step: 10450   Required: 1 hours
Training: 2025-06-15 22:56:20,381-Speed 372.68 samples/sec   Loss 1.6360 Epoch: 25   Global Step: 10500   Required: 1 hours
Training: 2025-06-15 22:56:37,554-Speed 372.66 samples/sec   Loss 1.5454 Epoch: 25   Global Step: 10550   Required: 1 hours
Training: 2025-06-15 22:57:12,893-[lfw][10582]XNorm: 20.850019
Training: 2025-06-15 22:57:12,893-[lfw][10582]Accuracy-Flip: 0.93567+-0.01136
Training: 2025-06-15 22:57:12,893-[lfw][10582]Accuracy-Highest: 0.93933
Training: 2025-06-15 22:57:41,393-[cfp_fp][10582]XNorm: 18.383687
Training: 2025-06-15 22:57:41,394-[cfp_fp][10582]Accuracy-Flip: 0.74257+-0.02024
Training: 2025-06-15 22:57:41,394-[cfp_fp][10582]Accuracy-Highest: 0.75471
Training: 2025-06-15 22:58:05,739-[agedb_30][10582]XNorm: 18.996306
Training: 2025-06-15 22:58:05,739-[agedb_30][10582]Accuracy-Flip: 0.76950+-0.02141
Training: 2025-06-15 22:58:05,739-[agedb_30][10582]Accuracy-Highest: 0.77017
Training: 2025-06-15 22:58:30,187-[calfw][10582]XNorm: 21.011050
Training: 2025-06-15 22:58:30,187-[calfw][10582]Accuracy-Flip: 0.79950+-0.01197
Training: 2025-06-15 22:58:30,187-[calfw][10582]Accuracy-Highest: 0.80850
Training: 2025-06-15 22:58:54,595-[cplfw][10582]XNorm: 18.495028
Training: 2025-06-15 22:58:54,596-[cplfw][10582]Accuracy-Flip: 0.70067+-0.01825
Training: 2025-06-15 22:58:54,596-[cplfw][10582]Accuracy-Highest: 0.71150
Training: 2025-06-15 22:59:00,966-Speed 44.63 samples/sec   Loss 1.4912 Epoch: 26   Global Step: 10600   Required: 1 hours
Training: 2025-06-15 22:59:18,128-Speed 372.91 samples/sec   Loss 1.3328 Epoch: 26   Global Step: 10650   Required: 1 hours
Training: 2025-06-15 22:59:35,296-Speed 372.79 samples/sec   Loss 1.2708 Epoch: 26   Global Step: 10700   Required: 1 hours
Training: 2025-06-15 22:59:52,472-Speed 372.63 samples/sec   Loss 1.3350 Epoch: 26   Global Step: 10750   Required: 1 hours
Training: 2025-06-15 23:00:09,652-Speed 372.53 samples/sec   Loss 1.2888 Epoch: 26   Global Step: 10800   Required: 1 hours
Training: 2025-06-15 23:00:26,830-Speed 372.57 samples/sec   Loss 1.3316 Epoch: 26   Global Step: 10850   Required: 1 hours
Training: 2025-06-15 23:00:44,004-Speed 372.65 samples/sec   Loss 1.3295 Epoch: 26   Global Step: 10900   Required: 1 hours
Training: 2025-06-15 23:01:01,184-Speed 372.53 samples/sec   Loss 1.3038 Epoch: 26   Global Step: 10950   Required: 1 hours
Training: 2025-06-15 23:01:38,934-[lfw][10989]XNorm: 21.270027
Training: 2025-06-15 23:01:38,934-[lfw][10989]Accuracy-Flip: 0.93583+-0.00978
Training: 2025-06-15 23:01:38,934-[lfw][10989]Accuracy-Highest: 0.93933
Training: 2025-06-15 23:02:07,216-[cfp_fp][10989]XNorm: 18.709349
Training: 2025-06-15 23:02:07,216-[cfp_fp][10989]Accuracy-Flip: 0.74514+-0.01351
Training: 2025-06-15 23:02:07,216-[cfp_fp][10989]Accuracy-Highest: 0.75471
Training: 2025-06-15 23:02:31,547-[agedb_30][10989]XNorm: 19.296063
Training: 2025-06-15 23:02:31,547-[agedb_30][10989]Accuracy-Flip: 0.76100+-0.01978
Training: 2025-06-15 23:02:31,547-[agedb_30][10989]Accuracy-Highest: 0.77017
Training: 2025-06-15 23:02:55,970-[calfw][10989]XNorm: 21.409688
Training: 2025-06-15 23:02:55,970-[calfw][10989]Accuracy-Flip: 0.80350+-0.01066
Training: 2025-06-15 23:02:55,970-[calfw][10989]Accuracy-Highest: 0.80850
Training: 2025-06-15 23:03:20,421-[cplfw][10989]XNorm: 18.861162
Training: 2025-06-15 23:03:20,421-[cplfw][10989]Accuracy-Flip: 0.70733+-0.01915
Training: 2025-06-15 23:03:20,421-[cplfw][10989]Accuracy-Highest: 0.71150
Training: 2025-06-15 23:03:24,383-Speed 44.69 samples/sec   Loss 1.2352 Epoch: 27   Global Step: 11000   Required: 1 hours
Training: 2025-06-15 23:03:41,539-Speed 373.04 samples/sec   Loss 1.0698 Epoch: 27   Global Step: 11050   Required: 1 hours
Training: 2025-06-15 23:03:58,698-Speed 373.00 samples/sec   Loss 1.0763 Epoch: 27   Global Step: 11100   Required: 1 hours
Training: 2025-06-15 23:04:15,865-Speed 372.81 samples/sec   Loss 1.0475 Epoch: 27   Global Step: 11150   Required: 1 hours
Training: 2025-06-15 23:04:33,036-Speed 372.72 samples/sec   Loss 1.1075 Epoch: 27   Global Step: 11200   Required: 1 hours
Training: 2025-06-15 23:04:50,207-Speed 372.73 samples/sec   Loss 1.0576 Epoch: 27   Global Step: 11250   Required: 1 hours
Training: 2025-06-15 23:05:07,377-Speed 372.74 samples/sec   Loss 1.0809 Epoch: 27   Global Step: 11300   Required: 1 hours
Training: 2025-06-15 23:05:24,547-Speed 372.76 samples/sec   Loss 1.1366 Epoch: 27   Global Step: 11350   Required: 1 hours
Training: 2025-06-15 23:06:04,694-[lfw][11396]XNorm: 20.924253
Training: 2025-06-15 23:06:04,694-[lfw][11396]Accuracy-Flip: 0.93300+-0.01095
Training: 2025-06-15 23:06:04,694-[lfw][11396]Accuracy-Highest: 0.93933
Training: 2025-06-15 23:06:33,081-[cfp_fp][11396]XNorm: 18.466896
Training: 2025-06-15 23:06:33,081-[cfp_fp][11396]Accuracy-Flip: 0.74271+-0.01240
Training: 2025-06-15 23:06:33,081-[cfp_fp][11396]Accuracy-Highest: 0.75471
Training: 2025-06-15 23:06:57,422-[agedb_30][11396]XNorm: 19.087193
Training: 2025-06-15 23:06:57,422-[agedb_30][11396]Accuracy-Flip: 0.76867+-0.02254
Training: 2025-06-15 23:06:57,422-[agedb_30][11396]Accuracy-Highest: 0.77017
Training: 2025-06-15 23:07:21,843-[calfw][11396]XNorm: 21.057868
Training: 2025-06-15 23:07:21,843-[calfw][11396]Accuracy-Flip: 0.80367+-0.01505
Training: 2025-06-15 23:07:21,843-[calfw][11396]Accuracy-Highest: 0.80850
Training: 2025-06-15 23:07:46,253-[cplfw][11396]XNorm: 18.573058
Training: 2025-06-15 23:07:46,254-[cplfw][11396]Accuracy-Flip: 0.69500+-0.01588
Training: 2025-06-15 23:07:46,254-[cplfw][11396]Accuracy-Highest: 0.71150
Training: 2025-06-15 23:07:47,796-Speed 44.68 samples/sec   Loss 1.1353 Epoch: 28   Global Step: 11400   Required: 1 hours
Training: 2025-06-15 23:08:04,948-Speed 373.13 samples/sec   Loss 0.8742 Epoch: 28   Global Step: 11450   Required: 1 hours
Training: 2025-06-15 23:08:22,106-Speed 373.01 samples/sec   Loss 0.8936 Epoch: 28   Global Step: 11500   Required: 1 hours
Training: 2025-06-15 23:08:39,273-Speed 372.82 samples/sec   Loss 0.8612 Epoch: 28   Global Step: 11550   Required: 1 hours
Training: 2025-06-15 23:08:56,444-Speed 372.71 samples/sec   Loss 0.8733 Epoch: 28   Global Step: 11600   Required: 1 hours
Training: 2025-06-15 23:09:13,620-Speed 372.62 samples/sec   Loss 0.9481 Epoch: 28   Global Step: 11650   Required: 1 hours
Training: 2025-06-15 23:09:30,796-Speed 372.62 samples/sec   Loss 0.9279 Epoch: 28   Global Step: 11700   Required: 1 hours
Training: 2025-06-15 23:09:47,968-Speed 372.71 samples/sec   Loss 0.9718 Epoch: 28   Global Step: 11750   Required: 1 hours
Training: 2025-06-15 23:10:05,144-Speed 372.60 samples/sec   Loss 0.9495 Epoch: 28   Global Step: 11800   Required: 1 hours
Training: 2025-06-15 23:10:30,526-[lfw][11803]XNorm: 21.065186
Training: 2025-06-15 23:10:30,526-[lfw][11803]Accuracy-Flip: 0.93600+-0.01047
Training: 2025-06-15 23:10:30,526-[lfw][11803]Accuracy-Highest: 0.93933
Training: 2025-06-15 23:10:58,910-[cfp_fp][11803]XNorm: 18.564653
Training: 2025-06-15 23:10:58,910-[cfp_fp][11803]Accuracy-Flip: 0.74229+-0.01185
Training: 2025-06-15 23:10:58,910-[cfp_fp][11803]Accuracy-Highest: 0.75471
Training: 2025-06-15 23:11:23,376-[agedb_30][11803]XNorm: 19.137353
Training: 2025-06-15 23:11:23,376-[agedb_30][11803]Accuracy-Flip: 0.76400+-0.01944
Training: 2025-06-15 23:11:23,376-[agedb_30][11803]Accuracy-Highest: 0.77017
Training: 2025-06-15 23:11:47,855-[calfw][11803]XNorm: 21.189788
Training: 2025-06-15 23:11:47,855-[calfw][11803]Accuracy-Flip: 0.80150+-0.01469
Training: 2025-06-15 23:11:47,855-[calfw][11803]Accuracy-Highest: 0.80850
Training: 2025-06-15 23:12:12,333-[cplfw][11803]XNorm: 18.694607
Training: 2025-06-15 23:12:12,333-[cplfw][11803]Accuracy-Flip: 0.69817+-0.01920
Training: 2025-06-15 23:12:12,333-[cplfw][11803]Accuracy-Highest: 0.71150
Training: 2025-06-15 23:12:28,597-Speed 44.61 samples/sec   Loss 0.7499 Epoch: 29   Global Step: 11850   Required: 1 hours
Training: 2025-06-15 23:12:45,753-Speed 373.06 samples/sec   Loss 0.7361 Epoch: 29   Global Step: 11900   Required: 1 hours
Training: 2025-06-15 23:13:02,915-Speed 372.92 samples/sec   Loss 0.6767 Epoch: 29   Global Step: 11950   Required: 1 hours
Training: 2025-06-15 23:13:20,083-Speed 372.78 samples/sec   Loss 0.6740 Epoch: 29   Global Step: 12000   Required: 1 hours
Training: 2025-06-15 23:13:37,257-Speed 372.67 samples/sec   Loss 0.6958 Epoch: 29   Global Step: 12050   Required: 1 hours
Training: 2025-06-15 23:13:54,430-Speed 372.67 samples/sec   Loss 0.6773 Epoch: 29   Global Step: 12100   Required: 1 hours
Training: 2025-06-15 23:14:11,605-Speed 372.65 samples/sec   Loss 0.6802 Epoch: 29   Global Step: 12150   Required: 1 hours
Training: 2025-06-15 23:14:28,785-Speed 372.54 samples/sec   Loss 0.6838 Epoch: 29   Global Step: 12200   Required: 1 hours
Training: 2025-06-15 23:14:57,668-[lfw][12210]XNorm: 20.957009
Training: 2025-06-15 23:14:57,668-[lfw][12210]Accuracy-Flip: 0.93633+-0.00968
Training: 2025-06-15 23:14:57,668-[lfw][12210]Accuracy-Highest: 0.93933
Training: 2025-06-15 23:15:26,169-[cfp_fp][12210]XNorm: 18.482433
Training: 2025-06-15 23:15:26,169-[cfp_fp][12210]Accuracy-Flip: 0.74214+-0.01499
Training: 2025-06-15 23:15:26,169-[cfp_fp][12210]Accuracy-Highest: 0.75471
Training: 2025-06-15 23:15:50,555-[agedb_30][12210]XNorm: 19.087893
Training: 2025-06-15 23:15:50,556-[agedb_30][12210]Accuracy-Flip: 0.76500+-0.02084
Training: 2025-06-15 23:15:50,556-[agedb_30][12210]Accuracy-Highest: 0.77017
Training: 2025-06-15 23:16:15,109-[calfw][12210]XNorm: 21.087087
Training: 2025-06-15 23:16:15,110-[calfw][12210]Accuracy-Flip: 0.79983+-0.01495
Training: 2025-06-15 23:16:15,110-[calfw][12210]Accuracy-Highest: 0.80850
Training: 2025-06-15 23:16:39,741-[cplfw][12210]XNorm: 18.599367
Training: 2025-06-15 23:16:39,741-[cplfw][12210]Accuracy-Flip: 0.70117+-0.01978
Training: 2025-06-15 23:16:39,741-[cplfw][12210]Accuracy-Highest: 0.71150
Training: 2025-06-15 23:16:53,610-Speed 44.19 samples/sec   Loss 0.7100 Epoch: 30   Global Step: 12250   Required: 1 hours
Training: 2025-06-15 23:17:10,772-Speed 372.91 samples/sec   Loss 0.6557 Epoch: 30   Global Step: 12300   Required: 1 hours
Training: 2025-06-15 23:17:27,940-Speed 372.79 samples/sec   Loss 0.6860 Epoch: 30   Global Step: 12350   Required: 1 hours
Training: 2025-06-15 23:17:45,111-Speed 372.72 samples/sec   Loss 0.6491 Epoch: 30   Global Step: 12400   Required: 1 hours
Training: 2025-06-15 23:18:02,280-Speed 372.76 samples/sec   Loss 0.6292 Epoch: 30   Global Step: 12450   Required: 1 hours
Training: 2025-06-15 23:18:19,454-Speed 372.68 samples/sec   Loss 0.6650 Epoch: 30   Global Step: 12500   Required: 1 hours
Training: 2025-06-15 23:18:36,624-Speed 372.75 samples/sec   Loss 0.6585 Epoch: 30   Global Step: 12550   Required: 1 hours
Training: 2025-06-15 23:18:53,794-Speed 372.73 samples/sec   Loss 0.6313 Epoch: 30   Global Step: 12600   Required: 1 hours
Training: 2025-06-15 23:19:25,315-[lfw][12617]XNorm: 21.098918
Training: 2025-06-15 23:19:25,315-[lfw][12617]Accuracy-Flip: 0.93733+-0.00978
Training: 2025-06-15 23:19:25,315-[lfw][12617]Accuracy-Highest: 0.93933
Training: 2025-06-15 23:19:55,077-[cfp_fp][12617]XNorm: 18.602009
Training: 2025-06-15 23:19:55,077-[cfp_fp][12617]Accuracy-Flip: 0.74243+-0.01207
Training: 2025-06-15 23:19:55,077-[cfp_fp][12617]Accuracy-Highest: 0.75471
Training: 2025-06-15 23:20:20,881-[agedb_30][12617]XNorm: 19.218611
Training: 2025-06-15 23:20:20,881-[agedb_30][12617]Accuracy-Flip: 0.76883+-0.02245
Training: 2025-06-15 23:20:20,881-[agedb_30][12617]Accuracy-Highest: 0.77017
Training: 2025-06-15 23:20:45,506-[calfw][12617]XNorm: 21.239543
Training: 2025-06-15 23:20:45,506-[calfw][12617]Accuracy-Flip: 0.79933+-0.01426
Training: 2025-06-15 23:20:45,506-[calfw][12617]Accuracy-Highest: 0.80850
Training: 2025-06-15 23:21:10,123-[cplfw][12617]XNorm: 18.730568
Training: 2025-06-15 23:21:10,123-[cplfw][12617]Accuracy-Flip: 0.69950+-0.01900
Training: 2025-06-15 23:21:10,123-[cplfw][12617]Accuracy-Highest: 0.71150
Training: 2025-06-15 23:21:21,590-Speed 43.30 samples/sec   Loss 0.6558 Epoch: 31   Global Step: 12650   Required: 1 hours
Training: 2025-06-15 23:21:38,751-Speed 372.93 samples/sec   Loss 0.6613 Epoch: 31   Global Step: 12700   Required: 1 hours
Training: 2025-06-15 23:21:55,912-Speed 372.94 samples/sec   Loss 0.6335 Epoch: 31   Global Step: 12750   Required: 1 hours
Training: 2025-06-15 23:22:13,075-Speed 372.91 samples/sec   Loss 0.6465 Epoch: 31   Global Step: 12800   Required: 1 hours
Training: 2025-06-15 23:22:30,245-Speed 372.74 samples/sec   Loss 0.6145 Epoch: 31   Global Step: 12850   Required: 1 hours
Training: 2025-06-15 23:22:47,417-Speed 372.71 samples/sec   Loss 0.6416 Epoch: 31   Global Step: 12900   Required: 1 hours
Training: 2025-06-15 23:23:04,590-Speed 372.67 samples/sec   Loss 0.5895 Epoch: 31   Global Step: 12950   Required: 1 hours
Training: 2025-06-15 23:23:21,760-Speed 372.74 samples/sec   Loss 0.6402 Epoch: 31   Global Step: 13000   Required: 1 hours
Training: 2025-06-15 23:23:54,372-[lfw][13024]XNorm: 21.020830
Training: 2025-06-15 23:23:54,372-[lfw][13024]Accuracy-Flip: 0.93533+-0.01038
Training: 2025-06-15 23:23:54,373-[lfw][13024]Accuracy-Highest: 0.93933
Training: 2025-06-15 23:24:22,672-[cfp_fp][13024]XNorm: 18.545892
Training: 2025-06-15 23:24:22,672-[cfp_fp][13024]Accuracy-Flip: 0.74286+-0.01161
Training: 2025-06-15 23:24:22,672-[cfp_fp][13024]Accuracy-Highest: 0.75471
Training: 2025-06-15 23:24:47,027-[agedb_30][13024]XNorm: 19.150385
Training: 2025-06-15 23:24:47,027-[agedb_30][13024]Accuracy-Flip: 0.76867+-0.01933
Training: 2025-06-15 23:24:47,027-[agedb_30][13024]Accuracy-Highest: 0.77017
Training: 2025-06-15 23:25:11,459-[calfw][13024]XNorm: 21.160912
Training: 2025-06-15 23:25:11,459-[calfw][13024]Accuracy-Flip: 0.80067+-0.01172
Training: 2025-06-15 23:25:11,459-[calfw][13024]Accuracy-Highest: 0.80850
Training: 2025-06-15 23:25:35,949-[cplfw][13024]XNorm: 18.668823
Training: 2025-06-15 23:25:35,949-[cplfw][13024]Accuracy-Flip: 0.69450+-0.01758
Training: 2025-06-15 23:25:35,949-[cplfw][13024]Accuracy-Highest: 0.71150
Training: 2025-06-15 23:25:45,071-Speed 44.66 samples/sec   Loss 0.6200 Epoch: 32   Global Step: 13050   Required: 1 hours
Training: 2025-06-15 23:26:02,237-Speed 372.82 samples/sec   Loss 0.6117 Epoch: 32   Global Step: 13100   Required: 1 hours
Training: 2025-06-15 23:26:19,407-Speed 372.74 samples/sec   Loss 0.5963 Epoch: 32   Global Step: 13150   Required: 1 hours
Training: 2025-06-15 23:26:36,583-Speed 372.61 samples/sec   Loss 0.6076 Epoch: 32   Global Step: 13200   Required: 1 hours
Training: 2025-06-15 23:26:53,759-Speed 372.63 samples/sec   Loss 0.5857 Epoch: 32   Global Step: 13250   Required: 1 hours
Training: 2025-06-15 23:27:10,933-Speed 372.65 samples/sec   Loss 0.6140 Epoch: 32   Global Step: 13300   Required: 1 hours
Training: 2025-06-15 23:27:28,109-Speed 372.62 samples/sec   Loss 0.5947 Epoch: 32   Global Step: 13350   Required: 1 hours
Training: 2025-06-15 23:27:45,283-Speed 372.67 samples/sec   Loss 0.6011 Epoch: 32   Global Step: 13400   Required: 1 hours
Training: 2025-06-15 23:28:20,279-[lfw][13431]XNorm: 20.952634
Training: 2025-06-15 23:28:20,279-[lfw][13431]Accuracy-Flip: 0.93417+-0.01063
Training: 2025-06-15 23:28:20,279-[lfw][13431]Accuracy-Highest: 0.93933
Training: 2025-06-15 23:28:48,567-[cfp_fp][13431]XNorm: 18.471345
Training: 2025-06-15 23:28:48,567-[cfp_fp][13431]Accuracy-Flip: 0.74229+-0.01388
Training: 2025-06-15 23:28:48,567-[cfp_fp][13431]Accuracy-Highest: 0.75471
Training: 2025-06-15 23:29:12,907-[agedb_30][13431]XNorm: 19.076246
Training: 2025-06-15 23:29:12,907-[agedb_30][13431]Accuracy-Flip: 0.76800+-0.01939
Training: 2025-06-15 23:29:12,907-[agedb_30][13431]Accuracy-Highest: 0.77017
Training: 2025-06-15 23:29:37,333-[calfw][13431]XNorm: 21.081522
Training: 2025-06-15 23:29:37,334-[calfw][13431]Accuracy-Flip: 0.80450+-0.01211
Training: 2025-06-15 23:29:37,334-[calfw][13431]Accuracy-Highest: 0.80850
Training: 2025-06-15 23:30:01,741-[cplfw][13431]XNorm: 18.596721
Training: 2025-06-15 23:30:01,741-[cplfw][13431]Accuracy-Flip: 0.70117+-0.01877
Training: 2025-06-15 23:30:01,741-[cplfw][13431]Accuracy-Highest: 0.71150
Training: 2025-06-15 23:30:08,446-Speed 44.70 samples/sec   Loss 0.5992 Epoch: 33   Global Step: 13450   Required: 1 hours
Training: 2025-06-15 23:30:25,608-Speed 372.93 samples/sec   Loss 0.5531 Epoch: 33   Global Step: 13500   Required: 1 hours
Training: 2025-06-15 23:30:42,770-Speed 372.90 samples/sec   Loss 0.6102 Epoch: 33   Global Step: 13550   Required: 1 hours
Training: 2025-06-15 23:30:59,934-Speed 372.88 samples/sec   Loss 0.6021 Epoch: 33   Global Step: 13600   Required: 0 hours
Training: 2025-06-15 23:31:17,103-Speed 372.78 samples/sec   Loss 0.5832 Epoch: 33   Global Step: 13650   Required: 0 hours
Training: 2025-06-15 23:31:34,274-Speed 372.72 samples/sec   Loss 0.5840 Epoch: 33   Global Step: 13700   Required: 0 hours
Training: 2025-06-15 23:31:51,453-Speed 372.54 samples/sec   Loss 0.5928 Epoch: 33   Global Step: 13750   Required: 0 hours
Training: 2025-06-15 23:32:08,629-Speed 372.61 samples/sec   Loss 0.6019 Epoch: 33   Global Step: 13800   Required: 0 hours
Training: 2025-06-15 23:32:46,045-[lfw][13838]XNorm: 21.039327
Training: 2025-06-15 23:32:46,045-[lfw][13838]Accuracy-Flip: 0.93517+-0.01029
Training: 2025-06-15 23:32:46,045-[lfw][13838]Accuracy-Highest: 0.93933
Training: 2025-06-15 23:33:14,349-[cfp_fp][13838]XNorm: 18.550337
Training: 2025-06-15 23:33:14,349-[cfp_fp][13838]Accuracy-Flip: 0.74186+-0.01216
Training: 2025-06-15 23:33:14,349-[cfp_fp][13838]Accuracy-Highest: 0.75471
Training: 2025-06-15 23:33:38,789-[agedb_30][13838]XNorm: 19.175447
Training: 2025-06-15 23:33:38,789-[agedb_30][13838]Accuracy-Flip: 0.76417+-0.01885
Training: 2025-06-15 23:33:38,789-[agedb_30][13838]Accuracy-Highest: 0.77017
Training: 2025-06-15 23:34:03,231-[calfw][13838]XNorm: 21.173677
Training: 2025-06-15 23:34:03,232-[calfw][13838]Accuracy-Flip: 0.80317+-0.01149
Training: 2025-06-15 23:34:03,232-[calfw][13838]Accuracy-Highest: 0.80850
Training: 2025-06-15 23:34:27,645-[cplfw][13838]XNorm: 18.681927
Training: 2025-06-15 23:34:27,645-[cplfw][13838]Accuracy-Flip: 0.70167+-0.02012
Training: 2025-06-15 23:34:27,645-[cplfw][13838]Accuracy-Highest: 0.71150
Training: 2025-06-15 23:34:31,906-Speed 44.67 samples/sec   Loss 0.5754 Epoch: 34   Global Step: 13850   Required: 0 hours
Training: 2025-06-15 23:34:49,060-Speed 373.10 samples/sec   Loss 0.5799 Epoch: 34   Global Step: 13900   Required: 0 hours
Training: 2025-06-15 23:35:06,221-Speed 372.93 samples/sec   Loss 0.5515 Epoch: 34   Global Step: 13950   Required: 0 hours
Training: 2025-06-15 23:35:23,383-Speed 372.92 samples/sec   Loss 0.5463 Epoch: 34   Global Step: 14000   Required: 0 hours
Training: 2025-06-15 23:35:40,546-Speed 372.89 samples/sec   Loss 0.5450 Epoch: 34   Global Step: 14050   Required: 0 hours
Training: 2025-06-15 23:35:57,707-Speed 372.94 samples/sec   Loss 0.5837 Epoch: 34   Global Step: 14100   Required: 0 hours
Training: 2025-06-15 23:36:14,875-Speed 372.79 samples/sec   Loss 0.5979 Epoch: 34   Global Step: 14150   Required: 0 hours
Training: 2025-06-15 23:36:32,041-Speed 372.83 samples/sec   Loss 0.5766 Epoch: 34   Global Step: 14200   Required: 0 hours
Training: 2025-06-15 23:37:11,837-[lfw][14245]XNorm: 20.990647
Training: 2025-06-15 23:37:11,837-[lfw][14245]Accuracy-Flip: 0.93383+-0.01000
Training: 2025-06-15 23:37:11,837-[lfw][14245]Accuracy-Highest: 0.93933
Training: 2025-06-15 23:37:40,122-[cfp_fp][14245]XNorm: 18.512661
Training: 2025-06-15 23:37:40,123-[cfp_fp][14245]Accuracy-Flip: 0.74114+-0.00954
Training: 2025-06-15 23:37:40,123-[cfp_fp][14245]Accuracy-Highest: 0.75471
Training: 2025-06-15 23:38:04,457-[agedb_30][14245]XNorm: 19.125304
Training: 2025-06-15 23:38:04,457-[agedb_30][14245]Accuracy-Flip: 0.76833+-0.01913
Training: 2025-06-15 23:38:04,457-[agedb_30][14245]Accuracy-Highest: 0.77017
Training: 2025-06-15 23:38:28,883-[calfw][14245]XNorm: 21.131370
Training: 2025-06-15 23:38:28,883-[calfw][14245]Accuracy-Flip: 0.79967+-0.01164
Training: 2025-06-15 23:38:28,883-[calfw][14245]Accuracy-Highest: 0.80850
Training: 2025-06-15 23:38:53,285-[cplfw][14245]XNorm: 18.637127
Training: 2025-06-15 23:38:53,285-[cplfw][14245]Accuracy-Flip: 0.69717+-0.01778
Training: 2025-06-15 23:38:53,285-[cplfw][14245]Accuracy-Highest: 0.71150
Training: 2025-06-15 23:38:55,149-Speed 44.72 samples/sec   Loss 0.5947 Epoch: 35   Global Step: 14250   Required: 0 hours
Training: 2025-06-15 23:39:12,308-Speed 373.00 samples/sec   Loss 0.5647 Epoch: 35   Global Step: 14300   Required: 0 hours
Training: 2025-06-15 23:39:29,470-Speed 372.90 samples/sec   Loss 0.5579 Epoch: 35   Global Step: 14350   Required: 0 hours
Training: 2025-06-15 23:39:46,638-Speed 372.80 samples/sec   Loss 0.5466 Epoch: 35   Global Step: 14400   Required: 0 hours
Training: 2025-06-15 23:40:03,812-Speed 372.65 samples/sec   Loss 0.5126 Epoch: 35   Global Step: 14450   Required: 0 hours
Training: 2025-06-15 23:40:20,984-Speed 372.70 samples/sec   Loss 0.5605 Epoch: 35   Global Step: 14500   Required: 0 hours
Training: 2025-06-15 23:40:38,160-Speed 372.62 samples/sec   Loss 0.5672 Epoch: 35   Global Step: 14550   Required: 0 hours
Training: 2025-06-15 23:40:55,338-Speed 372.56 samples/sec   Loss 0.5366 Epoch: 35   Global Step: 14600   Required: 0 hours
Training: 2025-06-15 23:41:12,513-Speed 372.66 samples/sec   Loss 0.5828 Epoch: 35   Global Step: 14650   Required: 0 hours
Training: 2025-06-15 23:41:37,564-[lfw][14652]XNorm: 20.910328
Training: 2025-06-15 23:41:37,564-[lfw][14652]Accuracy-Flip: 0.93500+-0.01017
Training: 2025-06-15 23:41:37,564-[lfw][14652]Accuracy-Highest: 0.93933
Training: 2025-06-15 23:42:05,856-[cfp_fp][14652]XNorm: 18.459444
Training: 2025-06-15 23:42:05,856-[cfp_fp][14652]Accuracy-Flip: 0.74257+-0.01179
Training: 2025-06-15 23:42:05,856-[cfp_fp][14652]Accuracy-Highest: 0.75471
Training: 2025-06-15 23:42:30,192-[agedb_30][14652]XNorm: 19.053503
Training: 2025-06-15 23:42:30,192-[agedb_30][14652]Accuracy-Flip: 0.76550+-0.02251
Training: 2025-06-15 23:42:30,193-[agedb_30][14652]Accuracy-Highest: 0.77017
Training: 2025-06-15 23:42:54,620-[calfw][14652]XNorm: 21.053681
Training: 2025-06-15 23:42:54,620-[calfw][14652]Accuracy-Flip: 0.80133+-0.01269
Training: 2025-06-15 23:42:54,620-[calfw][14652]Accuracy-Highest: 0.80850
Training: 2025-06-15 23:43:19,018-[cplfw][14652]XNorm: 18.564096
Training: 2025-06-15 23:43:19,018-[cplfw][14652]Accuracy-Flip: 0.70150+-0.02008
Training: 2025-06-15 23:43:19,018-[cplfw][14652]Accuracy-Highest: 0.71150
Training: 2025-06-15 23:43:35,670-Speed 44.71 samples/sec   Loss 0.5526 Epoch: 36   Global Step: 14700   Required: 0 hours
Training: 2025-06-15 23:43:52,836-Speed 372.83 samples/sec   Loss 0.5552 Epoch: 36   Global Step: 14750   Required: 0 hours
Training: 2025-06-15 23:44:10,006-Speed 372.76 samples/sec   Loss 0.5729 Epoch: 36   Global Step: 14800   Required: 0 hours
Training: 2025-06-15 23:44:27,181-Speed 372.62 samples/sec   Loss 0.5165 Epoch: 36   Global Step: 14850   Required: 0 hours
Training: 2025-06-15 23:44:44,358-Speed 372.61 samples/sec   Loss 0.5815 Epoch: 36   Global Step: 14900   Required: 0 hours
Training: 2025-06-15 23:45:01,536-Speed 372.56 samples/sec   Loss 0.5527 Epoch: 36   Global Step: 14950   Required: 0 hours
Training: 2025-06-15 23:45:18,718-Speed 372.50 samples/sec   Loss 0.5495 Epoch: 36   Global Step: 15000   Required: 0 hours
Training: 2025-06-15 23:45:35,905-Speed 372.37 samples/sec   Loss 0.5378 Epoch: 36   Global Step: 15050   Required: 0 hours
Training: 2025-06-15 23:46:03,355-[lfw][15059]XNorm: 21.034887
Training: 2025-06-15 23:46:03,356-[lfw][15059]Accuracy-Flip: 0.93483+-0.01076
Training: 2025-06-15 23:46:03,356-[lfw][15059]Accuracy-Highest: 0.93933
Training: 2025-06-15 23:46:31,637-[cfp_fp][15059]XNorm: 18.545339
Training: 2025-06-15 23:46:31,637-[cfp_fp][15059]Accuracy-Flip: 0.74829+-0.01155
Training: 2025-06-15 23:46:31,637-[cfp_fp][15059]Accuracy-Highest: 0.75471
Training: 2025-06-15 23:46:55,986-[agedb_30][15059]XNorm: 19.167692
Training: 2025-06-15 23:46:55,986-[agedb_30][15059]Accuracy-Flip: 0.75817+-0.01757
Training: 2025-06-15 23:46:55,986-[agedb_30][15059]Accuracy-Highest: 0.77017
Training: 2025-06-15 23:47:20,410-[calfw][15059]XNorm: 21.165056
Training: 2025-06-15 23:47:20,410-[calfw][15059]Accuracy-Flip: 0.80083+-0.01172
Training: 2025-06-15 23:47:20,410-[calfw][15059]Accuracy-Highest: 0.80850
Training: 2025-06-15 23:47:44,823-[cplfw][15059]XNorm: 18.678799
Training: 2025-06-15 23:47:44,823-[cplfw][15059]Accuracy-Flip: 0.69983+-0.02009
Training: 2025-06-15 23:47:44,823-[cplfw][15059]Accuracy-Highest: 0.71150
Training: 2025-06-15 23:47:59,068-Speed 44.70 samples/sec   Loss 0.5411 Epoch: 37   Global Step: 15100   Required: 0 hours
Training: 2025-06-15 23:48:16,228-Speed 372.96 samples/sec   Loss 0.5334 Epoch: 37   Global Step: 15150   Required: 0 hours
Training: 2025-06-15 23:48:33,394-Speed 372.83 samples/sec   Loss 0.5176 Epoch: 37   Global Step: 15200   Required: 0 hours
Training: 2025-06-15 23:48:50,563-Speed 372.78 samples/sec   Loss 0.5393 Epoch: 37   Global Step: 15250   Required: 0 hours
Training: 2025-06-15 23:49:07,737-Speed 372.66 samples/sec   Loss 0.5364 Epoch: 37   Global Step: 15300   Required: 0 hours
Training: 2025-06-15 23:49:24,914-Speed 372.58 samples/sec   Loss 0.5279 Epoch: 37   Global Step: 15350   Required: 0 hours
Training: 2025-06-15 23:49:42,090-Speed 372.63 samples/sec   Loss 0.5679 Epoch: 37   Global Step: 15400   Required: 0 hours
Training: 2025-06-15 23:49:59,263-Speed 372.66 samples/sec   Loss 0.5439 Epoch: 37   Global Step: 15450   Required: 0 hours
Training: 2025-06-15 23:50:29,123-[lfw][15466]XNorm: 20.996268
Training: 2025-06-15 23:50:29,123-[lfw][15466]Accuracy-Flip: 0.93533+-0.01038
Training: 2025-06-15 23:50:29,123-[lfw][15466]Accuracy-Highest: 0.93933
Training: 2025-06-15 23:50:57,433-[cfp_fp][15466]XNorm: 18.532367
Training: 2025-06-15 23:50:57,433-[cfp_fp][15466]Accuracy-Flip: 0.74429+-0.01038
Training: 2025-06-15 23:50:57,433-[cfp_fp][15466]Accuracy-Highest: 0.75471
Training: 2025-06-15 23:51:21,771-[agedb_30][15466]XNorm: 19.123284
Training: 2025-06-15 23:51:21,772-[agedb_30][15466]Accuracy-Flip: 0.76700+-0.02360
Training: 2025-06-15 23:51:21,772-[agedb_30][15466]Accuracy-Highest: 0.77017
Training: 2025-06-15 23:51:46,205-[calfw][15466]XNorm: 21.132323
Training: 2025-06-15 23:51:46,205-[calfw][15466]Accuracy-Flip: 0.80033+-0.01231
Training: 2025-06-15 23:51:46,205-[calfw][15466]Accuracy-Highest: 0.80850
Training: 2025-06-15 23:52:10,618-[cplfw][15466]XNorm: 18.643451
Training: 2025-06-15 23:52:10,618-[cplfw][15466]Accuracy-Flip: 0.69717+-0.01871
Training: 2025-06-15 23:52:10,618-[cplfw][15466]Accuracy-Highest: 0.71150
Training: 2025-06-15 23:52:22,439-Speed 44.70 samples/sec   Loss 0.5533 Epoch: 38   Global Step: 15500   Required: 0 hours
Training: 2025-06-15 23:52:39,601-Speed 372.92 samples/sec   Loss 0.5235 Epoch: 38   Global Step: 15550   Required: 0 hours
Training: 2025-06-15 23:52:56,768-Speed 372.82 samples/sec   Loss 0.5367 Epoch: 38   Global Step: 15600   Required: 0 hours
Training: 2025-06-15 23:53:13,942-Speed 372.66 samples/sec   Loss 0.5242 Epoch: 38   Global Step: 15650   Required: 0 hours
Training: 2025-06-15 23:53:31,116-Speed 372.65 samples/sec   Loss 0.5633 Epoch: 38   Global Step: 15700   Required: 0 hours
Training: 2025-06-15 23:53:48,293-Speed 372.61 samples/sec   Loss 0.5570 Epoch: 38   Global Step: 15750   Required: 0 hours
Training: 2025-06-15 23:54:05,470-Speed 372.58 samples/sec   Loss 0.5441 Epoch: 38   Global Step: 15800   Required: 0 hours
Training: 2025-06-15 23:54:22,649-Speed 372.56 samples/sec   Loss 0.5637 Epoch: 38   Global Step: 15850   Required: 0 hours
Training: 2025-06-15 23:54:54,916-[lfw][15873]XNorm: 20.939387
Training: 2025-06-15 23:54:54,916-[lfw][15873]Accuracy-Flip: 0.93650+-0.01099
Training: 2025-06-15 23:54:54,917-[lfw][15873]Accuracy-Highest: 0.93933
Training: 2025-06-15 23:55:23,439-[cfp_fp][15873]XNorm: 18.478346
Training: 2025-06-15 23:55:23,439-[cfp_fp][15873]Accuracy-Flip: 0.74343+-0.01096
Training: 2025-06-15 23:55:23,439-[cfp_fp][15873]Accuracy-Highest: 0.75471
Training: 2025-06-15 23:55:47,822-[agedb_30][15873]XNorm: 19.048668
Training: 2025-06-15 23:55:47,822-[agedb_30][15873]Accuracy-Flip: 0.76383+-0.01955
Training: 2025-06-15 23:55:47,823-[agedb_30][15873]Accuracy-Highest: 0.77017
Training: 2025-06-15 23:56:12,254-[calfw][15873]XNorm: 21.072841
Training: 2025-06-15 23:56:12,254-[calfw][15873]Accuracy-Flip: 0.80133+-0.01312
Training: 2025-06-15 23:56:12,254-[calfw][15873]Accuracy-Highest: 0.80850
Training: 2025-06-15 23:56:36,702-[cplfw][15873]XNorm: 18.591242
Training: 2025-06-15 23:56:36,702-[cplfw][15873]Accuracy-Flip: 0.70017+-0.02093
Training: 2025-06-15 23:56:36,702-[cplfw][15873]Accuracy-Highest: 0.71150
Training: 2025-06-15 23:56:46,161-Speed 44.60 samples/sec   Loss 0.4929 Epoch: 39   Global Step: 15900   Required: 0 hours
Training: 2025-06-15 23:57:03,325-Speed 372.88 samples/sec   Loss 0.5290 Epoch: 39   Global Step: 15950   Required: 0 hours
Training: 2025-06-15 23:57:20,487-Speed 372.92 samples/sec   Loss 0.5605 Epoch: 39   Global Step: 16000   Required: 0 hours
Training: 2025-06-15 23:57:37,656-Speed 372.77 samples/sec   Loss 0.5245 Epoch: 39   Global Step: 16050   Required: 0 hours
Training: 2025-06-15 23:57:54,827-Speed 372.72 samples/sec   Loss 0.5368 Epoch: 39   Global Step: 16100   Required: 0 hours
Training: 2025-06-15 23:58:12,000-Speed 372.69 samples/sec   Loss 0.5339 Epoch: 39   Global Step: 16150   Required: 0 hours
Training: 2025-06-15 23:58:29,176-Speed 372.60 samples/sec   Loss 0.5082 Epoch: 39   Global Step: 16200   Required: 0 hours
Training: 2025-06-15 23:58:46,358-Speed 372.50 samples/sec   Loss 0.5301 Epoch: 39   Global Step: 16250   Required: 0 hours
Training: 2025-06-15 23:59:21,044-[lfw][16280]XNorm: 20.984460
Training: 2025-06-15 23:59:21,044-[lfw][16280]Accuracy-Flip: 0.93700+-0.01149
Training: 2025-06-15 23:59:21,044-[lfw][16280]Accuracy-Highest: 0.93933
Training: 2025-06-15 23:59:49,348-[cfp_fp][16280]XNorm: 18.511373
Training: 2025-06-15 23:59:49,349-[cfp_fp][16280]Accuracy-Flip: 0.74314+-0.01160
Training: 2025-06-15 23:59:49,349-[cfp_fp][16280]Accuracy-Highest: 0.75471
Training: 2025-06-16 00:00:13,718-[agedb_30][16280]XNorm: 19.107778
Training: 2025-06-16 00:00:13,718-[agedb_30][16280]Accuracy-Flip: 0.76967+-0.02175
Training: 2025-06-16 00:00:13,718-[agedb_30][16280]Accuracy-Highest: 0.77017
Training: 2025-06-16 00:00:38,162-[calfw][16280]XNorm: 21.121802
Training: 2025-06-16 00:00:38,162-[calfw][16280]Accuracy-Flip: 0.80583+-0.01239
Training: 2025-06-16 00:00:38,162-[calfw][16280]Accuracy-Highest: 0.80850
Training: 2025-06-16 00:01:02,659-[cplfw][16280]XNorm: 18.628625
Training: 2025-06-16 00:01:02,659-[cplfw][16280]Accuracy-Flip: 0.69800+-0.01869
Training: 2025-06-16 00:01:02,659-[cplfw][16280]Accuracy-Highest: 0.71150
